<?xml version="1.0" encoding="UTF-8"?>
<testsuite xmlns:xsi="http://www.w3.org/2001/XMLSchema-instance" xsi:noNamespaceSchemaLocation="https://maven.apache.org/surefire/maven-failsafe-plugin/xsd/failsafe-test-report-3.0.xsd" version="3.0" name="Categories" time="1.89" tests="8" errors="0" skipped="0" failures="0">
  <properties>
[...]
</properties>
  <testcase name="Add Categories - Add Categories with data valid" classname="Categories" time="0.249">
    <system-out><![CDATA[
Scenario: Add Categories - Add Categories with data valid      &amp#27;[90m# src/test/resources/api/Categories.feature:6&amp#27;[0m
20:32:21.348 [pool-2-thread-1] INFO io.cucumber.core.plugin.SerenityReporter - Running feature from file:///Users/jasmine/Documents/alterra-mini-project/src/test/resources/api/Categories.feature
20:32:21.348 [pool-2-thread-1] WARN io.cucumber.core.plugin.SerenityReporter - Feature from file:///Users/jasmine/Documents/alterra-mini-project/src/test/resources/api/Categories.feature is not under the 'features' directory. Requirements report will not be correctly generated!
20:32:21.349 [pool-2-thread-1] INFO  - 
  _____   ___   ___   _____     ___   _____     _     ___   _____   ___   ___  
 |_   _| | __| / __| |_   _|   / __| |_   _|   /_\   | _ \ |_   _| | __| |   \ 
   | |   | _|  \__ \   | |     \__ \   | |    / _ \  |   /   | |   | _|  | |) |
   |_|   |___| |___/   |_|     |___/   |_|   /_/ \_\ |_|_\   |_|   |___| |___/ 

Add Categories - Add Categories with data valid(categories;add-categories---add-categories-with-data-valid)
--------------------------------------------------------------------------------
20:32:21.405 [pool-2-thread-1] DEBUG net.thucydides.core.steps.StepInterceptor - STARTING STEP: CategoriesSteps.setAPIUrlGetProducts - User set api post request add products data valid
20:32:21.405 [pool-2-thread-1] DEBUG net.thucydides.core.steps.StepInterceptor - STEP DONE: User set api post request add products data valid
  &amp#27;[32mGiven &amp#27;[0m&amp#27;[32mUser set api post request add categories data valid&amp#27;[0m    &amp#27;[90m# starter.stepdefinitions.CategoriesSteps.setAPIUrlGetProducts()&amp#27;[0m
20:32:21.407 [pool-2-thread-1] DEBUG net.thucydides.core.steps.StepInterceptor - STARTING STEP: CategoriesSteps.userSendPostApiRequestAddCategoriesDataValid - User send post api request add categories data valid
20:32:21.408 [pool-2-thread-1] DEBUG net.thucydides.core.steps.StepInterceptor - STARTING STEP: AddCategories.sendRequestAddCategoriesSuccess - User set api post request add products data valid
20:32:21.409 [pool-2-thread-1] DEBUG net.thucydides.core.steps.StepInterceptor - STEP DONE: User set api post request add products data valid
20:32:21.512 [pool-2-thread-1] DEBUG net.thucydides.core.steps.StepInterceptor - STEP DONE: User send post api request add categories data valid
  &amp#27;[32mWhen &amp#27;[0m&amp#27;[32mUser send post api request add categories data valid&amp#27;[0m    &amp#27;[90m# starter.stepdefinitions.CategoriesSteps.userSendPostApiRequestAddCategoriesDataValid()&amp#27;[0m
20:32:21.514 [pool-2-thread-1] DEBUG net.thucydides.core.steps.StepInterceptor - STARTING STEP: CategoriesSteps.userReceiveValidGetResponseCodeAddCategories - User receive valid get response code 200 add categories
20:32:21.517 [pool-2-thread-1] DEBUG net.thucydides.core.steps.StepInterceptor - STEP DONE: User receive valid get response code 200 add categories
  &amp#27;[32mThen &amp#27;[0m&amp#27;[32mUser receive valid get response code 200 add categories&amp#27;[0m &amp#27;[90m# starter.stepdefinitions.CategoriesSteps.userReceiveValidGetResponseCodeAddCategories()&amp#27;[0m
20:32:21.519 [pool-2-thread-1] DEBUG net.thucydides.core.steps.StepInterceptor - STARTING STEP: CategoriesSteps.userReceiveValidGetResponseBodyForAddCategories - User receive valid get response body for add categories
20:32:21.561 [pool-2-thread-1] DEBUG net.thucydides.core.steps.StepInterceptor - STEP DONE: User receive valid get response body for add categories
  &amp#27;[32mAnd &amp#27;[0m&amp#27;[32mUser receive valid get response body for add categories&amp#27;[0m  &amp#27;[90m# starter.stepdefinitions.CategoriesSteps.userReceiveValidGetResponseBodyForAddCategories()&amp#27;[0m
20:32:21.563 [pool-2-thread-1] INFO  - 
  _____   ___   ___   _____     ___     _     ___   ___   ___   ___  
 |_   _| | __| / __| |_   _|   | _ \   /_\   / __| / __| | __| |   \ 
   | |   | _|  \__ \   | |     |  _/  / _ \  \__ \ \__ \ | _|  | |) |
   |_|   |___| |___/   |_|     |_|   /_/ \_\ |___/ |___/ |___| |___/ 

Add Categories - Add Categories with data valid
----------------------------------------------------------------------
]]></system-out>
  </testcase>
  <testcase name="Add Categories - Add Categories with name empty" classname="Categories" time="0.163">
    <system-out><![CDATA[
Scenario: Add Categories - Add Categories with name empty                 &amp#27;[90m# src/test/resources/api/Categories.feature:12&amp#27;[0m
20:32:21.571 [pool-2-thread-1] INFO io.cucumber.core.plugin.SerenityReporter - Running feature from file:///Users/jasmine/Documents/alterra-mini-project/src/test/resources/api/Categories.feature
20:32:21.571 [pool-2-thread-1] WARN io.cucumber.core.plugin.SerenityReporter - Feature from file:///Users/jasmine/Documents/alterra-mini-project/src/test/resources/api/Categories.feature is not under the 'features' directory. Requirements report will not be correctly generated!
20:32:21.572 [pool-2-thread-1] INFO  - 
  _____   ___   ___   _____     ___   _____     _     ___   _____   ___   ___  
 |_   _| | __| / __| |_   _|   / __| |_   _|   /_\   | _ \ |_   _| | __| |   \ 
   | |   | _|  \__ \   | |     \__ \   | |    / _ \  |   /   | |   | _|  | |) |
   |_|   |___| |___/   |_|     |___/   |_|   /_/ \_\ |_|_\   |_|   |___| |___/ 

Add Categories - Add Categories with name empty(categories;add-categories---add-categories-with-name-empty)
--------------------------------------------------------------------------------
20:32:21.594 [pool-2-thread-1] DEBUG net.thucydides.core.steps.StepInterceptor - STARTING STEP: CategoriesSteps.setAPIUrlGetProducts - User set api post request add products data valid
20:32:21.594 [pool-2-thread-1] DEBUG net.thucydides.core.steps.StepInterceptor - STEP DONE: User set api post request add products data valid
  &amp#27;[32mGiven &amp#27;[0m&amp#27;[32mUser set api post request add categories data valid&amp#27;[0m               &amp#27;[90m# starter.stepdefinitions.CategoriesSteps.setAPIUrlGetProducts()&amp#27;[0m
20:32:21.596 [pool-2-thread-1] DEBUG net.thucydides.core.steps.StepInterceptor - STARTING STEP: CategoriesSteps.userSendPostApiRequestAddCategoriesNameEmpty - User send post api request add categories name empty
20:32:21.597 [pool-2-thread-1] DEBUG net.thucydides.core.steps.StepInterceptor - STARTING STEP: AddCategories.sendRequestAddCategoriesNameEmpty - User set api post request add products data valid
20:32:21.597 [pool-2-thread-1] DEBUG net.thucydides.core.steps.StepInterceptor - STEP DONE: User set api post request add products data valid
20:32:21.702 [pool-2-thread-1] DEBUG net.thucydides.core.steps.StepInterceptor - STEP DONE: User send post api request add categories name empty
  &amp#27;[32mWhen &amp#27;[0m&amp#27;[32mUser send post api request add categories name empty&amp#27;[0m               &amp#27;[90m# starter.stepdefinitions.CategoriesSteps.userSendPostApiRequestAddCategoriesNameEmpty()&amp#27;[0m
20:32:21.704 [pool-2-thread-1] DEBUG net.thucydides.core.steps.StepInterceptor - STARTING STEP: CategoriesSteps.userReceiveValidGetResponseCodeAddCategoriesNameEmpty - User receive valid get response code 500 add categories name empty
20:32:21.711 [pool-2-thread-1] DEBUG net.thucydides.core.steps.StepInterceptor - STEP DONE: User receive valid get response code 500 add categories name empty
  &amp#27;[32mThen &amp#27;[0m&amp#27;[32mUser receive valid get response code 500 add categories name empty&amp#27;[0m &amp#27;[90m# starter.stepdefinitions.CategoriesSteps.userReceiveValidGetResponseCodeAddCategoriesNameEmpty()&amp#27;[0m
20:32:21.714 [pool-2-thread-1] DEBUG net.thucydides.core.steps.StepInterceptor - STARTING STEP: CategoriesSteps.userReceiveValidGetResponseBodyForAddCategoriesNameEmpty - User receive valid get response body for add categories name empty
20:32:21.724 [pool-2-thread-1] DEBUG net.thucydides.core.steps.StepInterceptor - STEP DONE: User receive valid get response body for add categories name empty
  &amp#27;[32mAnd &amp#27;[0m&amp#27;[32mUser receive valid get response body for add categories name empty&amp#27;[0m  &amp#27;[90m# starter.stepdefinitions.CategoriesSteps.userReceiveValidGetResponseBodyForAddCategoriesNameEmpty()&amp#27;[0m
20:32:21.726 [pool-2-thread-1] INFO  - 
  _____   ___   ___   _____     ___     _     ___   ___   ___   ___  
 |_   _| | __| / __| |_   _|   | _ \   /_\   / __| / __| | __| |   \ 
   | |   | _|  \__ \   | |     |  _/  / _ \  \__ \ \__ \ | _|  | |) |
   |_|   |___| |___/   |_|     |_|   /_/ \_\ |___/ |___/ |___| |___/ 

Add Categories - Add Categories with name empty
----------------------------------------------------------------------
]]></system-out>
  </testcase>
  <testcase name="Add Categories - Add Categories with name input integer" classname="Categories" time="0.171">
    <system-out><![CDATA[
Scenario: Add Categories - Add Categories with name input integer            &amp#27;[90m# src/test/resources/api/Categories.feature:18&amp#27;[0m
20:32:21.747 [pool-2-thread-1] INFO io.cucumber.core.plugin.SerenityReporter - Running feature from file:///Users/jasmine/Documents/alterra-mini-project/src/test/resources/api/Categories.feature
20:32:21.747 [pool-2-thread-1] WARN io.cucumber.core.plugin.SerenityReporter - Feature from file:///Users/jasmine/Documents/alterra-mini-project/src/test/resources/api/Categories.feature is not under the 'features' directory. Requirements report will not be correctly generated!
20:32:21.749 [pool-2-thread-1] INFO  - 
  _____   ___   ___   _____     ___   _____     _     ___   _____   ___   ___  
 |_   _| | __| / __| |_   _|   / __| |_   _|   /_\   | _ \ |_   _| | __| |   \ 
   | |   | _|  \__ \   | |     \__ \   | |    / _ \  |   /   | |   | _|  | |) |
   |_|   |___| |___/   |_|     |___/   |_|   /_/ \_\ |_|_\   |_|   |___| |___/ 

Add Categories - Add Categories with name input integer(categories;add-categories---add-categories-with-name-input-integer)
--------------------------------------------------------------------------------
20:32:21.771 [pool-2-thread-1] DEBUG net.thucydides.core.steps.StepInterceptor - STARTING STEP: CategoriesSteps.setAPIUrlGetProducts - User set api post request add products data valid
20:32:21.772 [pool-2-thread-1] DEBUG net.thucydides.core.steps.StepInterceptor - STEP DONE: User set api post request add products data valid
  &amp#27;[32mGiven &amp#27;[0m&amp#27;[32mUser set api post request add categories data valid&amp#27;[0m                  &amp#27;[90m# starter.stepdefinitions.CategoriesSteps.setAPIUrlGetProducts()&amp#27;[0m
20:32:21.773 [pool-2-thread-1] DEBUG net.thucydides.core.steps.StepInterceptor - STARTING STEP: CategoriesSteps.userSendPostApiRequestAddCategoriesInputInteger - User send post api request add categories input integer
20:32:21.775 [pool-2-thread-1] DEBUG net.thucydides.core.steps.StepInterceptor - STARTING STEP: AddCategories.sendRequestAddCategoriesInputInteger - User set api post request add products data valid
20:32:21.775 [pool-2-thread-1] DEBUG net.thucydides.core.steps.StepInterceptor - STEP DONE: User set api post request add products data valid
20:32:21.882 [pool-2-thread-1] DEBUG net.thucydides.core.steps.StepInterceptor - STEP DONE: User send post api request add categories input integer
  &amp#27;[32mWhen &amp#27;[0m&amp#27;[32mUser send post api request add categories input integer&amp#27;[0m               &amp#27;[90m# starter.stepdefinitions.CategoriesSteps.userSendPostApiRequestAddCategoriesInputInteger()&amp#27;[0m
20:32:21.885 [pool-2-thread-1] DEBUG net.thucydides.core.steps.StepInterceptor - STARTING STEP: CategoriesSteps.userReceiveValidGetResponseCodeAddCategoriesInputInteger - User receive valid get response code 400 add categories input integer
20:32:21.886 [pool-2-thread-1] DEBUG net.thucydides.core.steps.StepInterceptor - STEP DONE: User receive valid get response code 400 add categories input integer
  &amp#27;[32mThen &amp#27;[0m&amp#27;[32mUser receive valid get response code 400 add categories input integer&amp#27;[0m &amp#27;[90m# starter.stepdefinitions.CategoriesSteps.userReceiveValidGetResponseCodeAddCategoriesInputInteger()&amp#27;[0m
20:32:21.889 [pool-2-thread-1] DEBUG net.thucydides.core.steps.StepInterceptor - STARTING STEP: CategoriesSteps.userReceiveValidGetResponseBodyForAddCategoriesInputInteger - User receive valid get response body for add categories input integer
20:32:21.896 [pool-2-thread-1] DEBUG net.thucydides.core.steps.StepInterceptor - STEP DONE: User receive valid get response body for add categories input integer
  &amp#27;[32mAnd &amp#27;[0m&amp#27;[32mUser receive valid get response body for add categories input integer&amp#27;[0m  &amp#27;[90m# starter.stepdefinitions.CategoriesSteps.userReceiveValidGetResponseBodyForAddCategoriesInputInteger()&amp#27;[0m
20:32:21.897 [pool-2-thread-1] INFO  - 
  _____   ___   ___   _____     ___     _     ___   ___   ___   ___  
 |_   _| | __| / __| |_   _|   | _ \   /_\   / __| / __| | __| |   \ 
   | |   | _|  \__ \   | |     |  _/  / _ \  \__ \ \__ \ | _|  | |) |
   |_|   |___| |___/   |_|     |_|   /_/ \_\ |___/ |___/ |___| |___/ 

Add Categories - Add Categories with name input integer
----------------------------------------------------------------------
]]></system-out>
  </testcase>
  <testcase name="Get Categories - Get Categories with url valid" classname="Categories" time="0.452">
    <system-out><![CDATA[
Scenario: Get Categories - Get Categories with url valid       &amp#27;[90m# src/test/resources/api/Categories.feature:24&amp#27;[0m
20:32:21.905 [pool-2-thread-1] INFO io.cucumber.core.plugin.SerenityReporter - Running feature from file:///Users/jasmine/Documents/alterra-mini-project/src/test/resources/api/Categories.feature
20:32:21.906 [pool-2-thread-1] WARN io.cucumber.core.plugin.SerenityReporter - Feature from file:///Users/jasmine/Documents/alterra-mini-project/src/test/resources/api/Categories.feature is not under the 'features' directory. Requirements report will not be correctly generated!
20:32:21.906 [pool-2-thread-1] INFO  - 
  _____   ___   ___   _____     ___   _____     _     ___   _____   ___   ___  
 |_   _| | __| / __| |_   _|   / __| |_   _|   /_\   | _ \ |_   _| | __| |   \ 
   | |   | _|  \__ \   | |     \__ \   | |    / _ \  |   /   | |   | _|  | |) |
   |_|   |___| |___/   |_|     |___/   |_|   /_/ \_\ |_|_\   |_|   |___| |___/ 

Get Categories - Get Categories with url valid(categories;get-categories---get-categories-with-url-valid)
--------------------------------------------------------------------------------
20:32:21.924 [pool-2-thread-1] DEBUG net.thucydides.core.steps.StepInterceptor - STARTING STEP: CategoriesSteps.userSetApiGetRequestCategories - User set api get request categories
20:32:21.924 [pool-2-thread-1] DEBUG net.thucydides.core.steps.StepInterceptor - STEP DONE: User set api get request categories
  &amp#27;[32mGiven &amp#27;[0m&amp#27;[32mUser set api get request categories&amp#27;[0m                    &amp#27;[90m# starter.stepdefinitions.CategoriesSteps.userSetApiGetRequestCategories()&amp#27;[0m
20:32:21.926 [pool-2-thread-1] DEBUG net.thucydides.core.steps.StepInterceptor - STARTING STEP: CategoriesSteps.userSendGETApiRequestCategories - User send GET api request categories
20:32:21.928 [pool-2-thread-1] DEBUG net.thucydides.core.steps.StepInterceptor - STARTING STEP: GetCategories.sendRequestUrlCategoriesvalid - User set api get request categories
20:32:21.928 [pool-2-thread-1] DEBUG net.thucydides.core.steps.StepInterceptor - STEP DONE: User set api get request categories
20:32:22.079 [pool-2-thread-1] DEBUG net.thucydides.core.steps.StepInterceptor - STEP DONE: User send GET api request categories
  &amp#27;[32mWhen &amp#27;[0m&amp#27;[32mUser send GET api request categories&amp#27;[0m                    &amp#27;[90m# starter.stepdefinitions.CategoriesSteps.userSendGETApiRequestCategories()&amp#27;[0m
20:32:22.081 [pool-2-thread-1] DEBUG net.thucydides.core.steps.StepInterceptor - STARTING STEP: CategoriesSteps.userReceiveValidGetResponseCodeCategories - User receive valid get response code 200 categories
20:32:22.082 [pool-2-thread-1] DEBUG net.thucydides.core.steps.StepInterceptor - STEP DONE: User receive valid get response code 200 categories
  &amp#27;[32mThen &amp#27;[0m&amp#27;[32mUser receive valid get response code 200 categories&amp#27;[0m     &amp#27;[90m# starter.stepdefinitions.CategoriesSteps.userReceiveValidGetResponseCodeCategories()&amp#27;[0m
20:32:22.083 [pool-2-thread-1] DEBUG net.thucydides.core.steps.StepInterceptor - STARTING STEP: CategoriesSteps.userReceiveValidGetResponseBodyDataForCategories - User receive valid get response body data for categories
20:32:22.348 [pool-2-thread-1] DEBUG net.thucydides.core.steps.StepInterceptor - STEP DONE: User receive valid get response body data for categories
  &amp#27;[32mAnd &amp#27;[0m&amp#27;[32mUser receive valid get response body data for categories&amp#27;[0m &amp#27;[90m# starter.stepdefinitions.CategoriesSteps.userReceiveValidGetResponseBodyDataForCategories()&amp#27;[0m
20:32:22.350 [pool-2-thread-1] INFO  - 
  _____   ___   ___   _____     ___     _     ___   ___   ___   ___  
 |_   _| | __| / __| |_   _|   | _ \   /_\   / __| / __| | __| |   \ 
   | |   | _|  \__ \   | |     |  _/  / _ \  \__ \ \__ \ | _|  | |) |
   |_|   |___| |___/   |_|     |_|   /_/ \_\ |___/ |___/ |___| |___/ 

Get Categories - Get Categories with url valid
----------------------------------------------------------------------
]]></system-out>
  </testcase>
  <testcase name="Get Categories - Get Categories with url invalid" classname="Categories" time="0.137">
    <system-out><![CDATA[
Scenario: Get Categories - Get Categories with url invalid         &amp#27;[90m# src/test/resources/api/Categories.feature:30&amp#27;[0m
20:32:22.358 [pool-2-thread-1] INFO io.cucumber.core.plugin.SerenityReporter - Running feature from file:///Users/jasmine/Documents/alterra-mini-project/src/test/resources/api/Categories.feature
20:32:22.358 [pool-2-thread-1] WARN io.cucumber.core.plugin.SerenityReporter - Feature from file:///Users/jasmine/Documents/alterra-mini-project/src/test/resources/api/Categories.feature is not under the 'features' directory. Requirements report will not be correctly generated!
20:32:22.359 [pool-2-thread-1] INFO  - 
  _____   ___   ___   _____     ___   _____     _     ___   _____   ___   ___  
 |_   _| | __| / __| |_   _|   / __| |_   _|   /_\   | _ \ |_   _| | __| |   \ 
   | |   | _|  \__ \   | |     \__ \   | |    / _ \  |   /   | |   | _|  | |) |
   |_|   |___| |___/   |_|     |___/   |_|   /_/ \_\ |_|_\   |_|   |___| |___/ 

Get Categories - Get Categories with url invalid(categories;get-categories---get-categories-with-url-invalid)
--------------------------------------------------------------------------------
20:32:22.379 [pool-2-thread-1] DEBUG net.thucydides.core.steps.StepInterceptor - STARTING STEP: CategoriesSteps.userSetApiGetRequestCategoriesUrlInvalid - User set api get request categories url invalid
20:32:22.379 [pool-2-thread-1] DEBUG net.thucydides.core.steps.StepInterceptor - STEP DONE: User set api get request categories url invalid
  &amp#27;[32mGiven &amp#27;[0m&amp#27;[32mUser set api get request categories url invalid&amp#27;[0m            &amp#27;[90m# starter.stepdefinitions.CategoriesSteps.userSetApiGetRequestCategoriesUrlInvalid()&amp#27;[0m
20:32:22.381 [pool-2-thread-1] DEBUG net.thucydides.core.steps.StepInterceptor - STARTING STEP: CategoriesSteps.userSendGETApiRequestCategoriesWithUrlInvalid - User send GET api request categories with url invalid
20:32:22.382 [pool-2-thread-1] DEBUG net.thucydides.core.steps.StepInterceptor - STARTING STEP: GetCategories.sendRequestUrlCategoriesInvalid - User set api get request categories url invalid
20:32:22.382 [pool-2-thread-1] DEBUG net.thucydides.core.steps.StepInterceptor - STEP DONE: User set api get request categories url invalid
20:32:22.482 [pool-2-thread-1] DEBUG net.thucydides.core.steps.StepInterceptor - STEP DONE: User send GET api request categories with url invalid
  &amp#27;[32mWhen &amp#27;[0m&amp#27;[32mUser send GET api request categories with url invalid&amp#27;[0m       &amp#27;[90m# starter.stepdefinitions.CategoriesSteps.userSendGETApiRequestCategoriesWithUrlInvalid()&amp#27;[0m
20:32:22.484 [pool-2-thread-1] DEBUG net.thucydides.core.steps.StepInterceptor - STARTING STEP: CategoriesSteps.userReceiveValidGetResponseCodeCategoriesInvalid - User receive valid get response code 404 categories invalid
20:32:22.485 [pool-2-thread-1] DEBUG net.thucydides.core.steps.StepInterceptor - STEP DONE: User receive valid get response code 404 categories invalid
  &amp#27;[32mThen &amp#27;[0m&amp#27;[32mUser receive valid get response code 404 categories invalid&amp#27;[0m &amp#27;[90m# starter.stepdefinitions.CategoriesSteps.userReceiveValidGetResponseCodeCategoriesInvalid()&amp#27;[0m
20:32:22.486 [pool-2-thread-1] INFO  - 
  _____   ___   ___   _____     ___     _     ___   ___   ___   ___  
 |_   _| | __| / __| |_   _|   | _ \   /_\   / __| / __| | __| |   \ 
   | |   | _|  \__ \   | |     |  _/  / _ \  \__ \ \__ \ | _|  | |) |
   |_|   |___| |___/   |_|     |_|   /_/ \_\ |___/ |___/ |___| |___/ 

Get Categories - Get Categories with url invalid
----------------------------------------------------------------------
]]></system-out>
  </testcase>
  <testcase name="Get Categories By id - Get Categories with id found" classname="Categories" time="0.44">
    <system-out><![CDATA[
Scenario: Get Categories By id - Get Categories with id found              &amp#27;[90m# src/test/resources/api/Categories.feature:35&amp#27;[0m
20:32:22.494 [pool-2-thread-1] INFO io.cucumber.core.plugin.SerenityReporter - Running feature from file:///Users/jasmine/Documents/alterra-mini-project/src/test/resources/api/Categories.feature
20:32:22.494 [pool-2-thread-1] WARN io.cucumber.core.plugin.SerenityReporter - Feature from file:///Users/jasmine/Documents/alterra-mini-project/src/test/resources/api/Categories.feature is not under the 'features' directory. Requirements report will not be correctly generated!
20:32:22.495 [pool-2-thread-1] INFO  - 
  _____   ___   ___   _____     ___   _____     _     ___   _____   ___   ___  
 |_   _| | __| / __| |_   _|   / __| |_   _|   /_\   | _ \ |_   _| | __| |   \ 
   | |   | _|  \__ \   | |     \__ \   | |    / _ \  |   /   | |   | _|  | |) |
   |_|   |___| |___/   |_|     |___/   |_|   /_/ \_\ |_|_\   |_|   |___| |___/ 

Get Categories By id - Get Categories with id found(categories;get-categories-by-id---get-categories-with-id-found)
--------------------------------------------------------------------------------
20:32:22.512 [pool-2-thread-1] DEBUG net.thucydides.core.steps.StepInterceptor - STARTING STEP: CategoriesSteps.userSetApiGetRequestCategoriesByIdFound - User set api get request categories
20:32:22.512 [pool-2-thread-1] DEBUG net.thucydides.core.steps.StepInterceptor - STEP DONE: User set api get request categories
20:32:22.512 [pool-2-thread-1] DEBUG net.thucydides.core.steps.StepInterceptor - STARTING STEP: CategoriesSteps.userSetApiGetRequestCategoriesByIdFound - User send GET api request categories
20:32:22.513 [pool-2-thread-1] DEBUG net.thucydides.core.steps.StepInterceptor - STARTING STEP: GetCategories.sendRequestUrlCategoriesvalid - User set api get request categories
20:32:22.513 [pool-2-thread-1] DEBUG net.thucydides.core.steps.StepInterceptor - STEP DONE: User set api get request categories
20:32:22.644 [pool-2-thread-1] DEBUG net.thucydides.core.steps.StepInterceptor - STEP DONE: User send GET api request categories
20:32:22.645 [pool-2-thread-1] DEBUG net.thucydides.core.steps.StepInterceptor - STARTING STEP: CategoriesSteps.userSetApiGetRequestCategoriesByIdFound - User receive valid get response code 200 categories
20:32:22.645 [pool-2-thread-1] DEBUG net.thucydides.core.steps.StepInterceptor - STEP DONE: User receive valid get response code 200 categories
  &amp#27;[32mGiven &amp#27;[0m&amp#27;[32mUser set api get request categories by id found&amp#27;[0m                    &amp#27;[90m# starter.stepdefinitions.CategoriesSteps.userSetApiGetRequestCategoriesByIdFound()&amp#27;[0m
20:32:22.648 [pool-2-thread-1] DEBUG net.thucydides.core.steps.StepInterceptor - STARTING STEP: CategoriesSteps.userSendGETApiRequestCategoriesByIdFound - User receive valid get response body data for categories
20:32:22.788 [pool-2-thread-1] DEBUG net.thucydides.core.steps.StepInterceptor - STEP DONE: User receive valid get response body data for categories
20:32:22.788 [pool-2-thread-1] DEBUG net.thucydides.core.steps.StepInterceptor - STARTING STEP: CategoriesSteps.userSendGETApiRequestCategoriesByIdFound - User set api get request categories by id found
20:32:22.789 [pool-2-thread-1] DEBUG net.thucydides.core.steps.StepInterceptor - STEP DONE: User set api get request categories by id found
20:32:22.789 [pool-2-thread-1] DEBUG net.thucydides.core.steps.StepInterceptor - STARTING STEP: CategoriesSteps.userSendGETApiRequestCategoriesByIdFound - User send GET api request categories by id found
20:32:22.790 [pool-2-thread-1] DEBUG net.thucydides.core.steps.StepInterceptor - STARTING STEP: GetCategoriesById.sendRequestGetCategoriesIdFound - User set api get request categories by id found
20:32:22.790 [pool-2-thread-1] DEBUG net.thucydides.core.steps.StepInterceptor - STEP DONE: User set api get request categories by id found
20:32:22.892 [pool-2-thread-1] DEBUG net.thucydides.core.steps.StepInterceptor - STEP DONE: User send GET api request categories by id found
  &amp#27;[32mWhen &amp#27;[0m&amp#27;[32mUser send GET api request categories by id found&amp#27;[0m                    &amp#27;[90m# starter.stepdefinitions.CategoriesSteps.userSendGETApiRequestCategoriesByIdFound()&amp#27;[0m
20:32:22.894 [pool-2-thread-1] DEBUG net.thucydides.core.steps.StepInterceptor - STARTING STEP: CategoriesSteps.userReceiveValidGetResponseCodeCategoriesByIdFound - User receive valid get response code 200 categories by id found
20:32:22.895 [pool-2-thread-1] DEBUG net.thucydides.core.steps.StepInterceptor - STEP DONE: User receive valid get response code 200 categories by id found
  &amp#27;[32mThen &amp#27;[0m&amp#27;[32mUser receive valid get response code 200 categories by id found&amp#27;[0m     &amp#27;[90m# starter.stepdefinitions.CategoriesSteps.userReceiveValidGetResponseCodeCategoriesByIdFound()&amp#27;[0m
20:32:22.896 [pool-2-thread-1] DEBUG net.thucydides.core.steps.StepInterceptor - STARTING STEP: CategoriesSteps.userReceiveValidGetResponseBodyDataForCategoriesByIdFound - User receive valid get response body data for categories by id found
20:32:22.926 [pool-2-thread-1] DEBUG net.thucydides.core.steps.StepInterceptor - STEP DONE: User receive valid get response body data for categories by id found
  &amp#27;[32mAnd &amp#27;[0m&amp#27;[32mUser receive valid get response body data for categories by id found&amp#27;[0m &amp#27;[90m# starter.stepdefinitions.CategoriesSteps.userReceiveValidGetResponseBodyDataForCategoriesByIdFound()&amp#27;[0m
20:32:22.927 [pool-2-thread-1] INFO  - 
  _____   ___   ___   _____     ___     _     ___   ___   ___   ___  
 |_   _| | __| / __| |_   _|   | _ \   /_\   / __| / __| | __| |   \ 
   | |   | _|  \__ \   | |     |  _/  / _ \  \__ \ \__ \ | _|  | |) |
   |_|   |___| |___/   |_|     |_|   /_/ \_\ |___/ |___/ |___| |___/ 

Get Categories By id - Get Categories with id found
----------------------------------------------------------------------
]]></system-out>
  </testcase>
  <testcase name="Get Categories By id - Get Categories with id not found" classname="Categories" time="0.138">
    <system-out><![CDATA[
Scenario: Get Categories By id - Get Categories with id not found              &amp#27;[90m# src/test/resources/api/Categories.feature:41&amp#27;[0m
20:32:22.934 [pool-2-thread-1] INFO io.cucumber.core.plugin.SerenityReporter - Running feature from file:///Users/jasmine/Documents/alterra-mini-project/src/test/resources/api/Categories.feature
20:32:22.934 [pool-2-thread-1] WARN io.cucumber.core.plugin.SerenityReporter - Feature from file:///Users/jasmine/Documents/alterra-mini-project/src/test/resources/api/Categories.feature is not under the 'features' directory. Requirements report will not be correctly generated!
20:32:22.935 [pool-2-thread-1] INFO  - 
  _____   ___   ___   _____     ___   _____     _     ___   _____   ___   ___  
 |_   _| | __| / __| |_   _|   / __| |_   _|   /_\   | _ \ |_   _| | __| |   \ 
   | |   | _|  \__ \   | |     \__ \   | |    / _ \  |   /   | |   | _|  | |) |
   |_|   |___| |___/   |_|     |___/   |_|   /_/ \_\ |_|_\   |_|   |___| |___/ 

Get Categories By id - Get Categories with id not found(categories;get-categories-by-id---get-categories-with-id-not-found)
--------------------------------------------------------------------------------
20:32:22.949 [pool-2-thread-1] DEBUG net.thucydides.core.steps.StepInterceptor - STARTING STEP: CategoriesSteps.userSetApiGetRequestCategoriesByIdNotFound - User set api get request categories by id not found
20:32:22.950 [pool-2-thread-1] DEBUG net.thucydides.core.steps.StepInterceptor - STEP DONE: User set api get request categories by id not found
  &amp#27;[32mGiven &amp#27;[0m&amp#27;[32mUser set api get request categories by id not found&amp#27;[0m                    &amp#27;[90m# starter.stepdefinitions.CategoriesSteps.userSetApiGetRequestCategoriesByIdNotFound()&amp#27;[0m
20:32:22.951 [pool-2-thread-1] DEBUG net.thucydides.core.steps.StepInterceptor - STARTING STEP: CategoriesSteps.userSendGETApiRequestCategoriesByIdNotFound - User send GET api request categories by id not found
20:32:22.952 [pool-2-thread-1] DEBUG net.thucydides.core.steps.StepInterceptor - STARTING STEP: GetCategoriesById.sendRequestGetCategoriesIdNotFound - User set api get request categories by id not found
20:32:22.952 [pool-2-thread-1] DEBUG net.thucydides.core.steps.StepInterceptor - STEP DONE: User set api get request categories by id not found
20:32:23.051 [pool-2-thread-1] DEBUG net.thucydides.core.steps.StepInterceptor - STEP DONE: User send GET api request categories by id not found
  &amp#27;[32mWhen &amp#27;[0m&amp#27;[32mUser send GET api request categories by id not found&amp#27;[0m                    &amp#27;[90m# starter.stepdefinitions.CategoriesSteps.userSendGETApiRequestCategoriesByIdNotFound()&amp#27;[0m
20:32:23.053 [pool-2-thread-1] DEBUG net.thucydides.core.steps.StepInterceptor - STARTING STEP: CategoriesSteps.userReceiveValidGetResponseCodeCategoriesByIdNotFound - User receive valid get response code 404 categories by id not found
20:32:23.054 [pool-2-thread-1] DEBUG net.thucydides.core.steps.StepInterceptor - STEP DONE: User receive valid get response code 404 categories by id not found
  &amp#27;[32mThen &amp#27;[0m&amp#27;[32mUser receive valid get response code 404 categories by id not found&amp#27;[0m     &amp#27;[90m# starter.stepdefinitions.CategoriesSteps.userReceiveValidGetResponseCodeCategoriesByIdNotFound()&amp#27;[0m
20:32:23.055 [pool-2-thread-1] DEBUG net.thucydides.core.steps.StepInterceptor - STARTING STEP: CategoriesSteps.userReceiveValidGetResponseBodyDataForCategoriesByIdNotFound - User receive valid get response body data for categories by id not found
20:32:23.062 [pool-2-thread-1] DEBUG net.thucydides.core.steps.StepInterceptor - STEP DONE: User receive valid get response body data for categories by id not found
  &amp#27;[32mAnd &amp#27;[0m&amp#27;[32mUser receive valid get response body data for categories by id not found&amp#27;[0m &amp#27;[90m# starter.stepdefinitions.CategoriesSteps.userReceiveValidGetResponseBodyDataForCategoriesByIdNotFound()&amp#27;[0m
20:32:23.064 [pool-2-thread-1] INFO  - 
  _____   ___   ___   _____     ___     _     ___   ___   ___   ___  
 |_   _| | __| / __| |_   _|   | _ \   /_\   / __| / __| | __| |   \ 
   | |   | _|  \__ \   | |     |  _/  / _ \  \__ \ \__ \ | _|  | |) |
   |_|   |___| |___/   |_|     |_|   /_/ \_\ |___/ |___/ |___| |___/ 

Get Categories By id - Get Categories with id not found
----------------------------------------------------------------------
]]></system-out>
  </testcase>
  <testcase name="Get Categories By id - Get Categories with id input string" classname="Categories" time="0.14">
    <system-out><![CDATA[
Scenario: Get Categories By id - Get Categories with id input string              &amp#27;[90m# src/test/resources/api/Categories.feature:47&amp#27;[0m
20:32:23.072 [pool-2-thread-1] INFO io.cucumber.core.plugin.SerenityReporter - Running feature from file:///Users/jasmine/Documents/alterra-mini-project/src/test/resources/api/Categories.feature
20:32:23.072 [pool-2-thread-1] WARN io.cucumber.core.plugin.SerenityReporter - Feature from file:///Users/jasmine/Documents/alterra-mini-project/src/test/resources/api/Categories.feature is not under the 'features' directory. Requirements report will not be correctly generated!
20:32:23.073 [pool-2-thread-1] INFO  - 
  _____   ___   ___   _____     ___   _____     _     ___   _____   ___   ___  
 |_   _| | __| / __| |_   _|   / __| |_   _|   /_\   | _ \ |_   _| | __| |   \ 
   | |   | _|  \__ \   | |     \__ \   | |    / _ \  |   /   | |   | _|  | |) |
   |_|   |___| |___/   |_|     |___/   |_|   /_/ \_\ |_|_\   |_|   |___| |___/ 

Get Categories By id - Get Categories with id input string(categories;get-categories-by-id---get-categories-with-id-input-string)
--------------------------------------------------------------------------------
20:32:23.094 [pool-2-thread-1] DEBUG net.thucydides.core.steps.StepInterceptor - STARTING STEP: CategoriesSteps.userSetApiGetRequestCategoriesByIdInputString - User set api get request categories by id input string
20:32:23.095 [pool-2-thread-1] DEBUG net.thucydides.core.steps.StepInterceptor - STEP DONE: User set api get request categories by id input string
  &amp#27;[32mGiven &amp#27;[0m&amp#27;[32mUser set api get request categories by id input string&amp#27;[0m                    &amp#27;[90m# starter.stepdefinitions.CategoriesSteps.userSetApiGetRequestCategoriesByIdInputString()&amp#27;[0m
20:32:23.097 [pool-2-thread-1] DEBUG net.thucydides.core.steps.StepInterceptor - STARTING STEP: CategoriesSteps.userSendGETApiRequestCategoriesByIdInputString - User send GET api request categories by id input string
20:32:23.098 [pool-2-thread-1] DEBUG net.thucydides.core.steps.StepInterceptor - STARTING STEP: GetCategoriesById.sendRequestGetCategoriesInputString - User set api get request categories by id input string
20:32:23.098 [pool-2-thread-1] DEBUG net.thucydides.core.steps.StepInterceptor - STEP DONE: User set api get request categories by id input string
20:32:23.192 [pool-2-thread-1] DEBUG net.thucydides.core.steps.StepInterceptor - STEP DONE: User send GET api request categories by id input string
  &amp#27;[32mWhen &amp#27;[0m&amp#27;[32mUser send GET api request categories by id input string&amp#27;[0m                    &amp#27;[90m# starter.stepdefinitions.CategoriesSteps.userSendGETApiRequestCategoriesByIdInputString()&amp#27;[0m
20:32:23.194 [pool-2-thread-1] DEBUG net.thucydides.core.steps.StepInterceptor - STARTING STEP: CategoriesSteps.userReceiveValidGetResponseCodeCategoriesByIdInputString - User receive valid get response code 400 categories by id input string
20:32:23.195 [pool-2-thread-1] DEBUG net.thucydides.core.steps.StepInterceptor - STEP DONE: User receive valid get response code 400 categories by id input string
  &amp#27;[32mThen &amp#27;[0m&amp#27;[32mUser receive valid get response code 400 categories by id input string&amp#27;[0m     &amp#27;[90m# starter.stepdefinitions.CategoriesSteps.userReceiveValidGetResponseCodeCategoriesByIdInputString()&amp#27;[0m
20:32:23.197 [pool-2-thread-1] DEBUG net.thucydides.core.steps.StepInterceptor - STARTING STEP: CategoriesSteps.userReceiveValidGetResponseBodyDataForCategoriesByIdInputString - User receive valid get response body data for categories by id input string
20:32:23.204 [pool-2-thread-1] DEBUG net.thucydides.core.steps.StepInterceptor - STEP DONE: User receive valid get response body data for categories by id input string
  &amp#27;[32mAnd &amp#27;[0m&amp#27;[32mUser receive valid get response body data for categories by id input string&amp#27;[0m &amp#27;[90m# starter.stepdefinitions.CategoriesSteps.userReceiveValidGetResponseBodyDataForCategoriesByIdInputString()&amp#27;[0m
20:32:23.205 [pool-2-thread-1] INFO  - 
  _____   ___   ___   _____     ___     _     ___   ___   ___   ___  
 |_   _| | __| / __| |_   _|   | _ \   /_\   / __| / __| | __| |   \ 
   | |   | _|  \__ \   | |     |  _/  / _ \  \__ \ \__ \ | _|  | |) |
   |_|   |___| |___/   |_|     |_|   /_/ \_\ |___/ |___/ |___| |___/ 

Get Categories By id - Get Categories with id input string
----------------------------------------------------------------------
]]></system-out>
  </testcase>
</testsuite>