<?xml version="1.0" encoding="UTF-8"?>
<testsuite xmlns:xsi="http://www.w3.org/2001/XMLSchema-instance" xsi:noNamespaceSchemaLocation="https://maven.apache.org/surefire/maven-failsafe-plugin/xsd/failsafe-test-report-3.0.xsd" version="3.0" name="Auth" time="7.486" tests="15" errors="0" skipped="0" failures="0">
  <properties>
[...]
</properties>
  <testcase name="Login - Login success with data valid" classname="Auth" time="4.097">
    <system-out><![CDATA[22:56:07.861 [pool-2-thread-1] INFO io.cucumber.core.plugin.SerenityReporter - Running feature from file:///Users/jasmine/Documents/alterra-mini-project/src/test/resources/api/Auth.feature

22:56:07.864 [pool-2-thread-1] WARN io.cucumber.core.plugin.SerenityReporter - Feature from file:///Users/jasmine/Documents/alterra-mini-project/src/test/resources/api/Auth.feature is not under the 'features' directory. Requirements report will not be correctly generated!

22:56:08.030 [pool-2-thread-1] INFO  - 

-------------------------------------------------------------------------------------
     _______. _______ .______       _______ .__   __.  __  .___________.____    ____ 
    /       ||   ____||   _  \     |   ____||  \ |  | |  | |           |\   \  /   / 
   |   (----`|  |__   |  |_)  |    |  |__   |   \|  | |  | `---|  |----` \   \/   /  
    \   \    |   __|  |      /     |   __|  |  . `  | |  |     |  |       \_    _/   
.----)   |   |  |____ |  |\  \----.|  |____ |  |\   | |  |     |  |         |  |     
|_______/    |_______|| _| `._____||_______||__| \__| |__|     |__|         |__|    
                                                                                     
 News and tutorials at http://www.serenity-bdd.info                                  
 Documentation at https://wakaleo.gitbooks.io/the-serenity-book/content/             
 Join the Serenity Community on Gitter: https://gitter.im/serenity-bdd/serenity-core 
 Serenity BDD Support and Training at http://serenity-bdd.info/#/trainingandsupport  
-------------------------------------------------------------------------------------


22:56:08.032 [pool-2-thread-1] DEBUG net.thucydides.core.steps.StepEventBus - Test suite started for story net.thucydides.core.model.Story@cc1f74c4

22:56:08.036 [pool-2-thread-1] INFO  - Test Suite Started: Auth

22:56:08.051 [pool-2-thread-1] INFO io.cucumber.core.plugin.SerenityReporter - Running feature from file:///Users/jasmine/Documents/alterra-mini-project/src/test/resources/api/Categories.feature

22:56:08.052 [pool-2-thread-1] WARN io.cucumber.core.plugin.SerenityReporter - Feature from file:///Users/jasmine/Documents/alterra-mini-project/src/test/resources/api/Categories.feature is not under the 'features' directory. Requirements report will not be correctly generated!

22:56:08.057 [pool-2-thread-1] DEBUG net.thucydides.core.steps.StepEventBus - Test suite started for story net.thucydides.core.model.Story@71855244

22:56:08.058 [pool-2-thread-1] INFO  - Test Suite Started: Categories

22:56:08.058 [pool-2-thread-1] INFO io.cucumber.core.plugin.SerenityReporter - Running feature from file:///Users/jasmine/Documents/alterra-mini-project/src/test/resources/api/EndToEnd.feature

22:56:08.058 [pool-2-thread-1] WARN io.cucumber.core.plugin.SerenityReporter - Feature from file:///Users/jasmine/Documents/alterra-mini-project/src/test/resources/api/EndToEnd.feature is not under the 'features' directory. Requirements report will not be correctly generated!

22:56:08.061 [pool-2-thread-1] DEBUG net.thucydides.core.steps.StepEventBus - Test suite started for story net.thucydides.core.model.Story@2bdcf4ae

22:56:08.061 [pool-2-thread-1] INFO  - Test Suite Started: End To End

22:56:08.061 [pool-2-thread-1] INFO io.cucumber.core.plugin.SerenityReporter - Running feature from file:///Users/jasmine/Documents/alterra-mini-project/src/test/resources/api/Order.feature

22:56:08.061 [pool-2-thread-1] WARN io.cucumber.core.plugin.SerenityReporter - Feature from file:///Users/jasmine/Documents/alterra-mini-project/src/test/resources/api/Order.feature is not under the 'features' directory. Requirements report will not be correctly generated!

22:56:08.073 [pool-2-thread-1] DEBUG net.thucydides.core.steps.StepEventBus - Test suite started for story net.thucydides.core.model.Story@7c08818c

22:56:08.074 [pool-2-thread-1] INFO  - Test Suite Started: Order

22:56:08.074 [pool-2-thread-1] INFO io.cucumber.core.plugin.SerenityReporter - Running feature from file:///Users/jasmine/Documents/alterra-mini-project/src/test/resources/api/Product.feature

22:56:08.074 [pool-2-thread-1] WARN io.cucumber.core.plugin.SerenityReporter - Feature from file:///Users/jasmine/Documents/alterra-mini-project/src/test/resources/api/Product.feature is not under the 'features' directory. Requirements report will not be correctly generated!

22:56:08.082 [pool-2-thread-1] DEBUG net.thucydides.core.steps.StepEventBus - Test suite started for story net.thucydides.core.model.Story@b26263ac

22:56:08.083 [pool-2-thread-1] INFO  - Test Suite Started: Product


Scenario: Login - Login success with data valid &amp#27;[90m# src/test/resources/api/Auth.feature:7&amp#27;[0m
22:56:08.240 [pool-2-thread-1] INFO io.cucumber.core.plugin.SerenityReporter - Running feature from file:///Users/jasmine/Documents/alterra-mini-project/src/test/resources/api/Auth.feature
22:56:08.240 [pool-2-thread-1] WARN io.cucumber.core.plugin.SerenityReporter - Feature from file:///Users/jasmine/Documents/alterra-mini-project/src/test/resources/api/Auth.feature is not under the 'features' directory. Requirements report will not be correctly generated!
22:56:08.318 [pool-2-thread-1] INFO  - 
  _____   ___   ___   _____     ___   _____     _     ___   _____   ___   ___  
 |_   _| | __| / __| |_   _|   / __| |_   _|   /_\   | _ \ |_   _| | __| |   \ 
   | |   | _|  \__ \   | |     \__ \   | |    / _ \  |   /   | |   | _|  | |) |
   |_|   |___| |___/   |_|     |___/   |_|   /_/ \_\ |_|_\   |_|   |___| |___/ 

Login - Login success with data valid(auth;login---login-success-with-data-valid)
--------------------------------------------------------------------------------
22:56:08.822 [pool-2-thread-1] DEBUG net.thucydides.core.steps.StepInterceptor - STARTING STEP: AuthSteps.setAPIUrlLogin - User set api POST request login
22:56:08.824 [pool-2-thread-1] DEBUG net.thucydides.core.steps.StepInterceptor - STEP DONE: User set api POST request login
  &amp#27;[32mGiven &amp#27;[0m&amp#27;[32mUser set api POST request login&amp#27;[0m         &amp#27;[90m# starter.stepdefinitions.AuthSteps.setAPIUrlLogin()&amp#27;[0m
22:56:08.837 [pool-2-thread-1] DEBUG net.thucydides.core.steps.StepInterceptor - STARTING STEP: AuthSteps.userSendRequestBodyLogin - User send request body login
22:56:10.546 [pool-2-thread-1] DEBUG net.thucydides.core.steps.StepInterceptor - STARTING STEP: Login.sendPostLoginRequest - User set api POST request login
22:56:10.546 [pool-2-thread-1] DEBUG net.thucydides.core.steps.StepInterceptor - STEP DONE: User set api POST request login
22:56:11.693 [pool-2-thread-1] DEBUG net.thucydides.core.steps.StepInterceptor - STEP DONE: User send request body login
  &amp#27;[32mWhen &amp#27;[0m&amp#27;[32mUser send request body login&amp#27;[0m             &amp#27;[90m# starter.stepdefinitions.AuthSteps.userSendRequestBodyLogin()&amp#27;[0m
22:56:11.696 [pool-2-thread-1] DEBUG net.thucydides.core.steps.StepInterceptor - STARTING STEP: AuthSteps.userReceiveResponseCode - User receive response code 200
22:56:11.724 [pool-2-thread-1] DEBUG net.thucydides.core.steps.StepInterceptor - STEP DONE: User receive response code 200
  &amp#27;[32mThen &amp#27;[0m&amp#27;[32mUser receive response code 200&amp#27;[0m           &amp#27;[90m# starter.stepdefinitions.AuthSteps.userReceiveResponseCode()&amp#27;[0m
22:56:11.726 [pool-2-thread-1] DEBUG net.thucydides.core.steps.StepInterceptor - STARTING STEP: AuthSteps.userReceiveResponseBodySuccess - User receive response body success
22:56:12.174 [pool-2-thread-1] DEBUG net.thucydides.core.steps.StepInterceptor - STEP DONE: User receive response body success
  &amp#27;[32mAnd &amp#27;[0m&amp#27;[32mUser receive response body success&amp#27;[0m        &amp#27;[90m# starter.stepdefinitions.AuthSteps.userReceiveResponseBodySuccess()&amp#27;[0m
22:56:12.177 [pool-2-thread-1] INFO  - 
  _____   ___   ___   _____     ___     _     ___   ___   ___   ___  
 |_   _| | __| / __| |_   _|   | _ \   /_\   / __| / __| | __| |   \ 
   | |   | _|  \__ \   | |     |  _/  / _ \  \__ \ \__ \ | _|  | |) |
   |_|   |___| |___/   |_|     |_|   /_/ \_\ |___/ |___/ |___| |___/ 

Login - Login success with data valid
----------------------------------------------------------------------
]]></system-out>
  </testcase>
  <testcase name="Login - Login failed username valid but password invalid" classname="Auth" time="0.23">
    <system-out><![CDATA[
Scenario: Login - Login failed username valid but password invalid             &amp#27;[90m# src/test/resources/api/Auth.feature:13&amp#27;[0m
22:56:12.195 [pool-2-thread-1] INFO io.cucumber.core.plugin.SerenityReporter - Running feature from file:///Users/jasmine/Documents/alterra-mini-project/src/test/resources/api/Auth.feature
22:56:12.195 [pool-2-thread-1] WARN io.cucumber.core.plugin.SerenityReporter - Feature from file:///Users/jasmine/Documents/alterra-mini-project/src/test/resources/api/Auth.feature is not under the 'features' directory. Requirements report will not be correctly generated!
22:56:12.197 [pool-2-thread-1] INFO  - 
  _____   ___   ___   _____     ___   _____     _     ___   _____   ___   ___  
 |_   _| | __| / __| |_   _|   / __| |_   _|   /_\   | _ \ |_   _| | __| |   \ 
   | |   | _|  \__ \   | |     \__ \   | |    / _ \  |   /   | |   | _|  | |) |
   |_|   |___| |___/   |_|     |___/   |_|   /_/ \_\ |_|_\   |_|   |___| |___/ 

Login - Login failed username valid but password invalid(auth;login---login-failed-username-valid-but-password-invalid)
--------------------------------------------------------------------------------
22:56:12.215 [pool-2-thread-1] DEBUG net.thucydides.core.steps.StepInterceptor - STARTING STEP: AuthSteps.setAPIUrlLogin - User set api POST request login
22:56:12.215 [pool-2-thread-1] DEBUG net.thucydides.core.steps.StepInterceptor - STEP DONE: User set api POST request login
  &amp#27;[32mGiven &amp#27;[0m&amp#27;[32mUser set api POST request login&amp#27;[0m                                        &amp#27;[90m# starter.stepdefinitions.AuthSteps.setAPIUrlLogin()&amp#27;[0m
22:56:12.217 [pool-2-thread-1] DEBUG net.thucydides.core.steps.StepInterceptor - STARTING STEP: AuthSteps.userSendRequestBodyLoginFailedUsernameValidButPasswordInvalid - User send request body login failed username valid but password invalid
22:56:12.219 [pool-2-thread-1] DEBUG net.thucydides.core.steps.StepInterceptor - STARTING STEP: Login.setRequestBodyFailedScenario2 - User set api POST request login
22:56:12.219 [pool-2-thread-1] DEBUG net.thucydides.core.steps.StepInterceptor - STEP DONE: User set api POST request login
22:56:12.394 [pool-2-thread-1] DEBUG net.thucydides.core.steps.StepInterceptor - STEP DONE: User send request body login failed username valid but password invalid
  &amp#27;[32mWhen &amp#27;[0m&amp#27;[32mUser send request body login failed username valid but password invalid&amp#27;[0m &amp#27;[90m# starter.stepdefinitions.AuthSteps.userSendRequestBodyLoginFailedUsernameValidButPasswordInvalid()&amp#27;[0m
22:56:12.397 [pool-2-thread-1] DEBUG net.thucydides.core.steps.StepInterceptor - STARTING STEP: AuthSteps.userReceiveResponseCodeError - User receive response code 400
22:56:12.398 [pool-2-thread-1] DEBUG net.thucydides.core.steps.StepInterceptor - STEP DONE: User receive response code 400
  &amp#27;[32mThen &amp#27;[0m&amp#27;[32mUser receive response code 400&amp#27;[0m                                          &amp#27;[90m# starter.stepdefinitions.AuthSteps.userReceiveResponseCodeError()&amp#27;[0m
22:56:12.400 [pool-2-thread-1] DEBUG net.thucydides.core.steps.StepInterceptor - STARTING STEP: AuthSteps.userReceiveResponseBodyErrorRecordNotFound - User receive response body error record not found
22:56:12.409 [pool-2-thread-1] DEBUG net.thucydides.core.steps.StepInterceptor - STEP DONE: User receive response body error record not found
  &amp#27;[32mAnd &amp#27;[0m&amp#27;[32mUser receive response body error record not found&amp#27;[0m                        &amp#27;[90m# starter.stepdefinitions.AuthSteps.userReceiveResponseBodyErrorRecordNotFound()&amp#27;[0m
22:56:12.411 [pool-2-thread-1] INFO  - 
  _____   ___   ___   _____     ___     _     ___   ___   ___   ___  
 |_   _| | __| / __| |_   _|   | _ \   /_\   / __| / __| | __| |   \ 
   | |   | _|  \__ \   | |     |  _/  / _ \  \__ \ \__ \ | _|  | |) |
   |_|   |___| |___/   |_|     |_|   /_/ \_\ |___/ |___/ |___| |___/ 

Login - Login failed username valid but password invalid
----------------------------------------------------------------------
]]></system-out>
  </testcase>
  <testcase name="Login - Login failed not registered" classname="Auth" time="0.22">
    <system-out><![CDATA[
Scenario: Login - Login failed not registered         &amp#27;[90m# src/test/resources/api/Auth.feature:19&amp#27;[0m
22:56:12.429 [pool-2-thread-1] INFO io.cucumber.core.plugin.SerenityReporter - Running feature from file:///Users/jasmine/Documents/alterra-mini-project/src/test/resources/api/Auth.feature
22:56:12.429 [pool-2-thread-1] WARN io.cucumber.core.plugin.SerenityReporter - Feature from file:///Users/jasmine/Documents/alterra-mini-project/src/test/resources/api/Auth.feature is not under the 'features' directory. Requirements report will not be correctly generated!
22:56:12.431 [pool-2-thread-1] INFO  - 
  _____   ___   ___   _____     ___   _____     _     ___   _____   ___   ___  
 |_   _| | __| / __| |_   _|   / __| |_   _|   /_\   | _ \ |_   _| | __| |   \ 
   | |   | _|  \__ \   | |     \__ \   | |    / _ \  |   /   | |   | _|  | |) |
   |_|   |___| |___/   |_|     |___/   |_|   /_/ \_\ |_|_\   |_|   |___| |___/ 

Login - Login failed not registered(auth;login---login-failed-not-registered)
--------------------------------------------------------------------------------
22:56:12.446 [pool-2-thread-1] DEBUG net.thucydides.core.steps.StepInterceptor - STARTING STEP: AuthSteps.setAPIUrlLogin - User set api POST request login
22:56:12.447 [pool-2-thread-1] DEBUG net.thucydides.core.steps.StepInterceptor - STEP DONE: User set api POST request login
  &amp#27;[32mGiven &amp#27;[0m&amp#27;[32mUser set api POST request login&amp#27;[0m               &amp#27;[90m# starter.stepdefinitions.AuthSteps.setAPIUrlLogin()&amp#27;[0m
22:56:12.449 [pool-2-thread-1] DEBUG net.thucydides.core.steps.StepInterceptor - STARTING STEP: AuthSteps.userSendRequestBodyLoginNotRegistered - User send request body login not registered
22:56:12.450 [pool-2-thread-1] DEBUG net.thucydides.core.steps.StepInterceptor - STARTING STEP: Login.sendPostLoginRequestNotRegistered - User set api POST request login
22:56:12.450 [pool-2-thread-1] DEBUG net.thucydides.core.steps.StepInterceptor - STEP DONE: User set api POST request login
22:56:12.616 [pool-2-thread-1] DEBUG net.thucydides.core.steps.StepInterceptor - STEP DONE: User send request body login not registered
  &amp#27;[32mWhen &amp#27;[0m&amp#27;[32mUser send request body login not registered&amp#27;[0m    &amp#27;[90m# starter.stepdefinitions.AuthSteps.userSendRequestBodyLoginNotRegistered()&amp#27;[0m
22:56:12.619 [pool-2-thread-1] DEBUG net.thucydides.core.steps.StepInterceptor - STARTING STEP: AuthSteps.userReceiveResponseCodeError - User receive response code 400
22:56:12.619 [pool-2-thread-1] DEBUG net.thucydides.core.steps.StepInterceptor - STEP DONE: User receive response code 400
  &amp#27;[32mThen &amp#27;[0m&amp#27;[32mUser receive response code 400&amp#27;[0m                 &amp#27;[90m# starter.stepdefinitions.AuthSteps.userReceiveResponseCodeError()&amp#27;[0m
22:56:12.622 [pool-2-thread-1] DEBUG net.thucydides.core.steps.StepInterceptor - STARTING STEP: AuthSteps.userReceiveResponseBodyErrorNotRegistered - User receive response body error not registered
22:56:12.629 [pool-2-thread-1] DEBUG net.thucydides.core.steps.StepInterceptor - STEP DONE: User receive response body error not registered
  &amp#27;[32mAnd &amp#27;[0m&amp#27;[32mUser receive response body error not registered&amp#27;[0m &amp#27;[90m# starter.stepdefinitions.AuthSteps.userReceiveResponseBodyErrorNotRegistered()&amp#27;[0m
22:56:12.631 [pool-2-thread-1] INFO  - 
  _____   ___   ___   _____     ___     _     ___   ___   ___   ___  
 |_   _| | __| / __| |_   _|   | _ \   /_\   / __| / __| | __| |   \ 
   | |   | _|  \__ \   | |     |  _/  / _ \  \__ \ \__ \ | _|  | |) |
   |_|   |___| |___/   |_|     |_|   /_/ \_\ |___/ |___/ |___| |___/ 

Login - Login failed not registered
----------------------------------------------------------------------
]]></system-out>
  </testcase>
  <testcase name="Login - Login failed all empty" classname="Auth" time="0.2">
    <system-out><![CDATA[
Scenario: Login - Login failed all empty                 &amp#27;[90m# src/test/resources/api/Auth.feature:25&amp#27;[0m
22:56:12.643 [pool-2-thread-1] INFO io.cucumber.core.plugin.SerenityReporter - Running feature from file:///Users/jasmine/Documents/alterra-mini-project/src/test/resources/api/Auth.feature
22:56:12.643 [pool-2-thread-1] WARN io.cucumber.core.plugin.SerenityReporter - Feature from file:///Users/jasmine/Documents/alterra-mini-project/src/test/resources/api/Auth.feature is not under the 'features' directory. Requirements report will not be correctly generated!
22:56:12.644 [pool-2-thread-1] INFO  - 
  _____   ___   ___   _____     ___   _____     _     ___   _____   ___   ___  
 |_   _| | __| / __| |_   _|   / __| |_   _|   /_\   | _ \ |_   _| | __| |   \ 
   | |   | _|  \__ \   | |     \__ \   | |    / _ \  |   /   | |   | _|  | |) |
   |_|   |___| |___/   |_|     |___/   |_|   /_/ \_\ |_|_\   |_|   |___| |___/ 

Login - Login failed all empty(auth;login---login-failed-all-empty)
--------------------------------------------------------------------------------
22:56:12.657 [pool-2-thread-1] DEBUG net.thucydides.core.steps.StepInterceptor - STARTING STEP: AuthSteps.setAPIUrlLogin - User set api POST request login
22:56:12.658 [pool-2-thread-1] DEBUG net.thucydides.core.steps.StepInterceptor - STEP DONE: User set api POST request login
  &amp#27;[32mGiven &amp#27;[0m&amp#27;[32mUser set api POST request login&amp#27;[0m                  &amp#27;[90m# starter.stepdefinitions.AuthSteps.setAPIUrlLogin()&amp#27;[0m
22:56:12.660 [pool-2-thread-1] DEBUG net.thucydides.core.steps.StepInterceptor - STARTING STEP: AuthSteps.userSendRequestBodyLoginFailedAllEmpty - User send request body login failed all empty
22:56:12.661 [pool-2-thread-1] DEBUG net.thucydides.core.steps.StepInterceptor - STARTING STEP: Login.setRequestBodyLoginFailedAllEmpty - User set api POST request login
22:56:12.661 [pool-2-thread-1] DEBUG net.thucydides.core.steps.StepInterceptor - STEP DONE: User set api POST request login
22:56:12.817 [pool-2-thread-1] DEBUG net.thucydides.core.steps.StepInterceptor - STEP DONE: User send request body login failed all empty
  &amp#27;[32mWhen &amp#27;[0m&amp#27;[32mUser send request body login failed all empty&amp#27;[0m     &amp#27;[90m# starter.stepdefinitions.AuthSteps.userSendRequestBodyLoginFailedAllEmpty()&amp#27;[0m
22:56:12.820 [pool-2-thread-1] DEBUG net.thucydides.core.steps.StepInterceptor - STARTING STEP: AuthSteps.userReceiveResponseCodeError - User receive response code 400
22:56:12.820 [pool-2-thread-1] DEBUG net.thucydides.core.steps.StepInterceptor - STEP DONE: User receive response code 400
  &amp#27;[32mThen &amp#27;[0m&amp#27;[32mUser receive response code 400&amp#27;[0m                    &amp#27;[90m# starter.stepdefinitions.AuthSteps.userReceiveResponseCodeError()&amp#27;[0m
22:56:12.823 [pool-2-thread-1] DEBUG net.thucydides.core.steps.StepInterceptor - STARTING STEP: AuthSteps.userReceiveResponseBodyErrorEmailIsRequired - User receive response body error email is required
22:56:12.830 [pool-2-thread-1] DEBUG net.thucydides.core.steps.StepInterceptor - STEP DONE: User receive response body error email is required
  &amp#27;[32mAnd &amp#27;[0m&amp#27;[32mUser receive response body error email is required&amp#27;[0m &amp#27;[90m# starter.stepdefinitions.AuthSteps.userReceiveResponseBodyErrorEmailIsRequired()&amp#27;[0m
22:56:12.832 [pool-2-thread-1] INFO  - 
  _____   ___   ___   _____     ___     _     ___   ___   ___   ___  
 |_   _| | __| / __| |_   _|   | _ \   /_\   / __| / __| | __| |   \ 
   | |   | _|  \__ \   | |     |  _/  / _ \  \__ \ \__ \ | _|  | |) |
   |_|   |___| |___/   |_|     |_|   /_/ \_\ |___/ |___/ |___| |___/ 

Login - Login failed all empty
----------------------------------------------------------------------
]]></system-out>
  </testcase>
  <testcase name="Login - Login failed email empty" classname="Auth" time="0.196">
    <system-out><![CDATA[
Scenario: Login - Login failed email empty               &amp#27;[90m# src/test/resources/api/Auth.feature:31&amp#27;[0m
22:56:12.842 [pool-2-thread-1] INFO io.cucumber.core.plugin.SerenityReporter - Running feature from file:///Users/jasmine/Documents/alterra-mini-project/src/test/resources/api/Auth.feature
22:56:12.842 [pool-2-thread-1] WARN io.cucumber.core.plugin.SerenityReporter - Feature from file:///Users/jasmine/Documents/alterra-mini-project/src/test/resources/api/Auth.feature is not under the 'features' directory. Requirements report will not be correctly generated!
22:56:12.843 [pool-2-thread-1] INFO  - 
  _____   ___   ___   _____     ___   _____     _     ___   _____   ___   ___  
 |_   _| | __| / __| |_   _|   / __| |_   _|   /_\   | _ \ |_   _| | __| |   \ 
   | |   | _|  \__ \   | |     \__ \   | |    / _ \  |   /   | |   | _|  | |) |
   |_|   |___| |___/   |_|     |___/   |_|   /_/ \_\ |_|_\   |_|   |___| |___/ 

Login - Login failed email empty(auth;login---login-failed-email-empty)
--------------------------------------------------------------------------------
22:56:12.855 [pool-2-thread-1] DEBUG net.thucydides.core.steps.StepInterceptor - STARTING STEP: AuthSteps.setAPIUrlLogin - User set api POST request login
22:56:12.855 [pool-2-thread-1] DEBUG net.thucydides.core.steps.StepInterceptor - STEP DONE: User set api POST request login
  &amp#27;[32mGiven &amp#27;[0m&amp#27;[32mUser set api POST request login&amp#27;[0m                  &amp#27;[90m# starter.stepdefinitions.AuthSteps.setAPIUrlLogin()&amp#27;[0m
22:56:12.857 [pool-2-thread-1] DEBUG net.thucydides.core.steps.StepInterceptor - STARTING STEP: AuthSteps.userSendRequestBodyLoginFailedEmailEmpty - User send request body login failed email empty
22:56:12.859 [pool-2-thread-1] DEBUG net.thucydides.core.steps.StepInterceptor - STARTING STEP: Login.setRequestEmailEmpty - User set api POST request login
22:56:12.859 [pool-2-thread-1] DEBUG net.thucydides.core.steps.StepInterceptor - STEP DONE: User set api POST request login
22:56:13.014 [pool-2-thread-1] DEBUG net.thucydides.core.steps.StepInterceptor - STEP DONE: User send request body login failed email empty
  &amp#27;[32mWhen &amp#27;[0m&amp#27;[32mUser send request body login failed email empty&amp#27;[0m   &amp#27;[90m# starter.stepdefinitions.AuthSteps.userSendRequestBodyLoginFailedEmailEmpty()&amp#27;[0m
22:56:13.016 [pool-2-thread-1] DEBUG net.thucydides.core.steps.StepInterceptor - STARTING STEP: AuthSteps.userReceiveResponseCodeError - User receive response code 400
22:56:13.017 [pool-2-thread-1] DEBUG net.thucydides.core.steps.StepInterceptor - STEP DONE: User receive response code 400
  &amp#27;[32mThen &amp#27;[0m&amp#27;[32mUser receive response code 400&amp#27;[0m                    &amp#27;[90m# starter.stepdefinitions.AuthSteps.userReceiveResponseCodeError()&amp#27;[0m
22:56:13.019 [pool-2-thread-1] DEBUG net.thucydides.core.steps.StepInterceptor - STARTING STEP: AuthSteps.userReceiveResponseBodyErrorEmailIsRequired - User receive response body error email is required
22:56:13.026 [pool-2-thread-1] DEBUG net.thucydides.core.steps.StepInterceptor - STEP DONE: User receive response body error email is required
  &amp#27;[32mAnd &amp#27;[0m&amp#27;[32mUser receive response body error email is required&amp#27;[0m &amp#27;[90m# starter.stepdefinitions.AuthSteps.userReceiveResponseBodyErrorEmailIsRequired()&amp#27;[0m
22:56:13.027 [pool-2-thread-1] INFO  - 
  _____   ___   ___   _____     ___     _     ___   ___   ___   ___  
 |_   _| | __| / __| |_   _|   | _ \   /_\   / __| / __| | __| |   \ 
   | |   | _|  \__ \   | |     |  _/  / _ \  \__ \ \__ \ | _|  | |) |
   |_|   |___| |___/   |_|     |_|   /_/ \_\ |___/ |___/ |___| |___/ 

Login - Login failed email empty
----------------------------------------------------------------------
]]></system-out>
  </testcase>
  <testcase name="Login - Login failed password empty" classname="Auth" time="0.203">
    <system-out><![CDATA[
Scenario: Login - Login failed password empty               &amp#27;[90m# src/test/resources/api/Auth.feature:37&amp#27;[0m
22:56:13.036 [pool-2-thread-1] INFO io.cucumber.core.plugin.SerenityReporter - Running feature from file:///Users/jasmine/Documents/alterra-mini-project/src/test/resources/api/Auth.feature
22:56:13.036 [pool-2-thread-1] WARN io.cucumber.core.plugin.SerenityReporter - Feature from file:///Users/jasmine/Documents/alterra-mini-project/src/test/resources/api/Auth.feature is not under the 'features' directory. Requirements report will not be correctly generated!
22:56:13.037 [pool-2-thread-1] INFO  - 
  _____   ___   ___   _____     ___   _____     _     ___   _____   ___   ___  
 |_   _| | __| / __| |_   _|   / __| |_   _|   /_\   | _ \ |_   _| | __| |   \ 
   | |   | _|  \__ \   | |     \__ \   | |    / _ \  |   /   | |   | _|  | |) |
   |_|   |___| |___/   |_|     |___/   |_|   /_/ \_\ |_|_\   |_|   |___| |___/ 

Login - Login failed password empty(auth;login---login-failed-password-empty)
--------------------------------------------------------------------------------
22:56:13.050 [pool-2-thread-1] DEBUG net.thucydides.core.steps.StepInterceptor - STARTING STEP: AuthSteps.setAPIUrlLogin - User set api POST request login
22:56:13.051 [pool-2-thread-1] DEBUG net.thucydides.core.steps.StepInterceptor - STEP DONE: User set api POST request login
  &amp#27;[32mGiven &amp#27;[0m&amp#27;[32mUser set api POST request login&amp#27;[0m                     &amp#27;[90m# starter.stepdefinitions.AuthSteps.setAPIUrlLogin()&amp#27;[0m
22:56:13.053 [pool-2-thread-1] DEBUG net.thucydides.core.steps.StepInterceptor - STARTING STEP: AuthSteps.userSendRequestBodyLoginFailedPasswordEmpty - User send request body login failed password empty
22:56:13.054 [pool-2-thread-1] DEBUG net.thucydides.core.steps.StepInterceptor - STARTING STEP: Login.setRequestPasswordEmpty - User set api POST request login
22:56:13.054 [pool-2-thread-1] DEBUG net.thucydides.core.steps.StepInterceptor - STEP DONE: User set api POST request login
22:56:13.217 [pool-2-thread-1] DEBUG net.thucydides.core.steps.StepInterceptor - STEP DONE: User send request body login failed password empty
  &amp#27;[32mWhen &amp#27;[0m&amp#27;[32mUser send request body login failed password empty&amp#27;[0m   &amp#27;[90m# starter.stepdefinitions.AuthSteps.userSendRequestBodyLoginFailedPasswordEmpty()&amp#27;[0m
22:56:13.219 [pool-2-thread-1] DEBUG net.thucydides.core.steps.StepInterceptor - STARTING STEP: AuthSteps.userReceiveResponseCodeError - User receive response code 400
22:56:13.220 [pool-2-thread-1] DEBUG net.thucydides.core.steps.StepInterceptor - STEP DONE: User receive response code 400
  &amp#27;[32mThen &amp#27;[0m&amp#27;[32mUser receive response code 400&amp#27;[0m                       &amp#27;[90m# starter.stepdefinitions.AuthSteps.userReceiveResponseCodeError()&amp#27;[0m
22:56:13.221 [pool-2-thread-1] DEBUG net.thucydides.core.steps.StepInterceptor - STARTING STEP: AuthSteps.userReceiveResponseBodyErrorPasswordIsRequired - User receive response body error password is required
22:56:13.229 [pool-2-thread-1] DEBUG net.thucydides.core.steps.StepInterceptor - STEP DONE: User receive response body error password is required
  &amp#27;[32mAnd &amp#27;[0m&amp#27;[32mUser receive response body error password is required&amp#27;[0m &amp#27;[90m# starter.stepdefinitions.AuthSteps.userReceiveResponseBodyErrorPasswordIsRequired()&amp#27;[0m
22:56:13.230 [pool-2-thread-1] INFO  - 
  _____   ___   ___   _____     ___     _     ___   ___   ___   ___  
 |_   _| | __| / __| |_   _|   | _ \   /_\   / __| / __| | __| |   \ 
   | |   | _|  \__ \   | |     |  _/  / _ \  \__ \ \__ \ | _|  | |) |
   |_|   |___| |___/   |_|     |_|   /_/ \_\ |___/ |___/ |___| |___/ 

Login - Login failed password empty
----------------------------------------------------------------------
]]></system-out>
  </testcase>
  <testcase name="Register - Register Success with data valid" classname="Auth" time="0.23">
    <system-out><![CDATA[
Scenario: Register - Register Success with data valid &amp#27;[90m# src/test/resources/api/Auth.feature:43&amp#27;[0m
22:56:13.238 [pool-2-thread-1] INFO io.cucumber.core.plugin.SerenityReporter - Running feature from file:///Users/jasmine/Documents/alterra-mini-project/src/test/resources/api/Auth.feature
22:56:13.238 [pool-2-thread-1] WARN io.cucumber.core.plugin.SerenityReporter - Feature from file:///Users/jasmine/Documents/alterra-mini-project/src/test/resources/api/Auth.feature is not under the 'features' directory. Requirements report will not be correctly generated!
22:56:13.239 [pool-2-thread-1] INFO  - 
  _____   ___   ___   _____     ___   _____     _     ___   _____   ___   ___  
 |_   _| | __| / __| |_   _|   / __| |_   _|   /_\   | _ \ |_   _| | __| |   \ 
   | |   | _|  \__ \   | |     \__ \   | |    / _ \  |   /   | |   | _|  | |) |
   |_|   |___| |___/   |_|     |___/   |_|   /_/ \_\ |_|_\   |_|   |___| |___/ 

Register - Register Success with data valid(auth;register---register-success-with-data-valid)
--------------------------------------------------------------------------------
22:56:13.251 [pool-2-thread-1] DEBUG net.thucydides.core.steps.StepInterceptor - STARTING STEP: AuthSteps.userSetApiPOSTRequestRegister - User set api POST request register
22:56:13.252 [pool-2-thread-1] DEBUG net.thucydides.core.steps.StepInterceptor - STEP DONE: User set api POST request register
  &amp#27;[32mGiven &amp#27;[0m&amp#27;[32mUser set api POST request register&amp#27;[0m            &amp#27;[90m# starter.stepdefinitions.AuthSteps.userSetApiPOSTRequestRegister()&amp#27;[0m
22:56:13.254 [pool-2-thread-1] DEBUG net.thucydides.core.steps.StepInterceptor - STARTING STEP: AuthSteps.userSendRequestBodyRegisterSuccess - User send request body register success
22:56:13.255 [pool-2-thread-1] DEBUG net.thucydides.core.steps.StepInterceptor - STARTING STEP: Register.sendPostRegisterSuccess - User set api POST request register
22:56:13.255 [pool-2-thread-1] DEBUG net.thucydides.core.steps.StepInterceptor - STEP DONE: User set api POST request register
22:56:13.401 [pool-2-thread-1] DEBUG net.thucydides.core.steps.StepInterceptor - STEP DONE: User send request body register success
  &amp#27;[32mWhen &amp#27;[0m&amp#27;[32mUser send request body register success&amp#27;[0m        &amp#27;[90m# starter.stepdefinitions.AuthSteps.userSendRequestBodyRegisterSuccess()&amp#27;[0m
22:56:13.403 [pool-2-thread-1] DEBUG net.thucydides.core.steps.StepInterceptor - STARTING STEP: AuthSteps.userReceiveResponseCode - User receive response code 200
22:56:13.403 [pool-2-thread-1] DEBUG net.thucydides.core.steps.StepInterceptor - STEP DONE: User receive response code 200
  &amp#27;[32mThen &amp#27;[0m&amp#27;[32mUser receive response code 200&amp#27;[0m                 &amp#27;[90m# starter.stepdefinitions.AuthSteps.userReceiveResponseCode()&amp#27;[0m
22:56:13.405 [pool-2-thread-1] DEBUG net.thucydides.core.steps.StepInterceptor - STARTING STEP: AuthSteps.userReceiveResponseBodySuccessRegister - User receive response body success register
22:56:13.459 [pool-2-thread-1] DEBUG net.thucydides.core.steps.StepInterceptor - STEP DONE: User receive response body success register
  &amp#27;[32mAnd &amp#27;[0m&amp#27;[32mUser receive response body success register&amp#27;[0m     &amp#27;[90m# starter.stepdefinitions.AuthSteps.userReceiveResponseBodySuccessRegister()&amp#27;[0m
22:56:13.460 [pool-2-thread-1] INFO  - 
  _____   ___   ___   _____     ___     _     ___   ___   ___   ___  
 |_   _| | __| / __| |_   _|   | _ \   /_\   / __| / __| | __| |   \ 
   | |   | _|  \__ \   | |     |  _/  / _ \  \__ \ \__ \ | _|  | |) |
   |_|   |___| |___/   |_|     |_|   /_/ \_\ |___/ |___/ |___| |___/ 

Register - Register Success with data valid
----------------------------------------------------------------------
]]></system-out>
  </testcase>
  <testcase name="Register - Register failed with all data empty" classname="Auth" time="0.204">
    <system-out><![CDATA[
Scenario: Register - Register failed with all data empty      &amp#27;[90m# src/test/resources/api/Auth.feature:49&amp#27;[0m
22:56:13.468 [pool-2-thread-1] INFO io.cucumber.core.plugin.SerenityReporter - Running feature from file:///Users/jasmine/Documents/alterra-mini-project/src/test/resources/api/Auth.feature
22:56:13.468 [pool-2-thread-1] WARN io.cucumber.core.plugin.SerenityReporter - Feature from file:///Users/jasmine/Documents/alterra-mini-project/src/test/resources/api/Auth.feature is not under the 'features' directory. Requirements report will not be correctly generated!
22:56:13.470 [pool-2-thread-1] INFO  - 
  _____   ___   ___   _____     ___   _____     _     ___   _____   ___   ___  
 |_   _| | __| / __| |_   _|   / __| |_   _|   /_\   | _ \ |_   _| | __| |   \ 
   | |   | _|  \__ \   | |     \__ \   | |    / _ \  |   /   | |   | _|  | |) |
   |_|   |___| |___/   |_|     |___/   |_|   /_/ \_\ |_|_\   |_|   |___| |___/ 

Register - Register failed with all data empty(auth;register---register-failed-with-all-data-empty)
--------------------------------------------------------------------------------
22:56:13.481 [pool-2-thread-1] DEBUG net.thucydides.core.steps.StepInterceptor - STARTING STEP: AuthSteps.userSetApiPOSTRequestRegister - User set api POST request register
22:56:13.481 [pool-2-thread-1] DEBUG net.thucydides.core.steps.StepInterceptor - STEP DONE: User set api POST request register
  &amp#27;[32mGiven &amp#27;[0m&amp#27;[32mUser set api POST request register&amp#27;[0m                    &amp#27;[90m# starter.stepdefinitions.AuthSteps.userSetApiPOSTRequestRegister()&amp#27;[0m
22:56:13.483 [pool-2-thread-1] DEBUG net.thucydides.core.steps.StepInterceptor - STARTING STEP: AuthSteps.userSendRequestBodyRegisterAllEmpty - User send request body register all empty
22:56:13.484 [pool-2-thread-1] DEBUG net.thucydides.core.steps.StepInterceptor - STARTING STEP: Register.sendPostRegisterAllEmpty - User set api POST request register
22:56:13.484 [pool-2-thread-1] DEBUG net.thucydides.core.steps.StepInterceptor - STEP DONE: User set api POST request register
22:56:13.650 [pool-2-thread-1] DEBUG net.thucydides.core.steps.StepInterceptor - STEP DONE: User send request body register all empty
  &amp#27;[32mWhen &amp#27;[0m&amp#27;[32mUser send request body register all empty&amp#27;[0m              &amp#27;[90m# starter.stepdefinitions.AuthSteps.userSendRequestBodyRegisterAllEmpty()&amp#27;[0m
22:56:13.652 [pool-2-thread-1] DEBUG net.thucydides.core.steps.StepInterceptor - STARTING STEP: AuthSteps.userReceiveResponseCodeError - User receive response code 400
22:56:13.654 [pool-2-thread-1] DEBUG net.thucydides.core.steps.StepInterceptor - STEP DONE: User receive response code 400
  &amp#27;[32mThen &amp#27;[0m&amp#27;[32mUser receive response code 400&amp#27;[0m                         &amp#27;[90m# starter.stepdefinitions.AuthSteps.userReceiveResponseCodeError()&amp#27;[0m
22:56:13.656 [pool-2-thread-1] DEBUG net.thucydides.core.steps.StepInterceptor - STARTING STEP: AuthSteps.userReceiveResponseBodyErrorRegisterFormRequired - User receive response body error register form required
22:56:13.663 [pool-2-thread-1] DEBUG net.thucydides.core.steps.StepInterceptor - STEP DONE: User receive response body error register form required
  &amp#27;[32mAnd &amp#27;[0m&amp#27;[32mUser receive response body error register form required&amp#27;[0m &amp#27;[90m# starter.stepdefinitions.AuthSteps.userReceiveResponseBodyErrorRegisterFormRequired()&amp#27;[0m
22:56:13.664 [pool-2-thread-1] INFO  - 
  _____   ___   ___   _____     ___     _     ___   ___   ___   ___  
 |_   _| | __| / __| |_   _|   | _ \   /_\   / __| / __| | __| |   \ 
   | |   | _|  \__ \   | |     |  _/  / _ \  \__ \ \__ \ | _|  | |) |
   |_|   |___| |___/   |_|     |_|   /_/ \_\ |___/ |___/ |___| |___/ 

Register - Register failed with all data empty
----------------------------------------------------------------------
]]></system-out>
  </testcase>
  <testcase name="Register - Register failed with email empty" classname="Auth" time="0.196">
    <system-out><![CDATA[
Scenario: Register - Register failed with email empty         &amp#27;[90m# src/test/resources/api/Auth.feature:55&amp#27;[0m
22:56:13.672 [pool-2-thread-1] INFO io.cucumber.core.plugin.SerenityReporter - Running feature from file:///Users/jasmine/Documents/alterra-mini-project/src/test/resources/api/Auth.feature
22:56:13.672 [pool-2-thread-1] WARN io.cucumber.core.plugin.SerenityReporter - Feature from file:///Users/jasmine/Documents/alterra-mini-project/src/test/resources/api/Auth.feature is not under the 'features' directory. Requirements report will not be correctly generated!
22:56:13.674 [pool-2-thread-1] INFO  - 
  _____   ___   ___   _____     ___   _____     _     ___   _____   ___   ___  
 |_   _| | __| / __| |_   _|   / __| |_   _|   /_\   | _ \ |_   _| | __| |   \ 
   | |   | _|  \__ \   | |     \__ \   | |    / _ \  |   /   | |   | _|  | |) |
   |_|   |___| |___/   |_|     |___/   |_|   /_/ \_\ |_|_\   |_|   |___| |___/ 

Register - Register failed with email empty(auth;register---register-failed-with-email-empty)
--------------------------------------------------------------------------------
22:56:13.690 [pool-2-thread-1] DEBUG net.thucydides.core.steps.StepInterceptor - STARTING STEP: AuthSteps.userSetApiPOSTRequestRegister - User set api POST request register
22:56:13.691 [pool-2-thread-1] DEBUG net.thucydides.core.steps.StepInterceptor - STEP DONE: User set api POST request register
  &amp#27;[32mGiven &amp#27;[0m&amp#27;[32mUser set api POST request register&amp#27;[0m                    &amp#27;[90m# starter.stepdefinitions.AuthSteps.userSetApiPOSTRequestRegister()&amp#27;[0m
22:56:13.692 [pool-2-thread-1] DEBUG net.thucydides.core.steps.StepInterceptor - STARTING STEP: AuthSteps.userSendRequestBodyRegisterEmailEmpty - User send request body register email empty
22:56:13.694 [pool-2-thread-1] DEBUG net.thucydides.core.steps.StepInterceptor - STARTING STEP: Register.sendPostRegisterEmailEmpty - User set api POST request register
22:56:13.694 [pool-2-thread-1] DEBUG net.thucydides.core.steps.StepInterceptor - STEP DONE: User set api POST request register
22:56:13.846 [pool-2-thread-1] DEBUG net.thucydides.core.steps.StepInterceptor - STEP DONE: User send request body register email empty
  &amp#27;[32mWhen &amp#27;[0m&amp#27;[32mUser send request body register email empty&amp#27;[0m            &amp#27;[90m# starter.stepdefinitions.AuthSteps.userSendRequestBodyRegisterEmailEmpty()&amp#27;[0m
22:56:13.849 [pool-2-thread-1] DEBUG net.thucydides.core.steps.StepInterceptor - STARTING STEP: AuthSteps.userReceiveResponseCodeError - User receive response code 400
22:56:13.849 [pool-2-thread-1] DEBUG net.thucydides.core.steps.StepInterceptor - STEP DONE: User receive response code 400
  &amp#27;[32mThen &amp#27;[0m&amp#27;[32mUser receive response code 400&amp#27;[0m                         &amp#27;[90m# starter.stepdefinitions.AuthSteps.userReceiveResponseCodeError()&amp#27;[0m
22:56:13.851 [pool-2-thread-1] DEBUG net.thucydides.core.steps.StepInterceptor - STARTING STEP: AuthSteps.userReceiveResponseBodyErrorRegisterFormRequired - User receive response body error register form required
22:56:13.859 [pool-2-thread-1] DEBUG net.thucydides.core.steps.StepInterceptor - STEP DONE: User receive response body error register form required
  &amp#27;[32mAnd &amp#27;[0m&amp#27;[32mUser receive response body error register form required&amp#27;[0m &amp#27;[90m# starter.stepdefinitions.AuthSteps.userReceiveResponseBodyErrorRegisterFormRequired()&amp#27;[0m
22:56:13.860 [pool-2-thread-1] INFO  - 
  _____   ___   ___   _____     ___     _     ___   ___   ___   ___  
 |_   _| | __| / __| |_   _|   | _ \   /_\   / __| / __| | __| |   \ 
   | |   | _|  \__ \   | |     |  _/  / _ \  \__ \ \__ \ | _|  | |) |
   |_|   |___| |___/   |_|     |_|   /_/ \_\ |___/ |___/ |___| |___/ 

Register - Register failed with email empty
----------------------------------------------------------------------
]]></system-out>
  </testcase>
  <testcase name="Register - Register failed with fullname empty" classname="Auth" time="0.185">
    <system-out><![CDATA[
Scenario: Register - Register failed with fullname empty               &amp#27;[90m# src/test/resources/api/Auth.feature:61&amp#27;[0m
22:56:13.868 [pool-2-thread-1] INFO io.cucumber.core.plugin.SerenityReporter - Running feature from file:///Users/jasmine/Documents/alterra-mini-project/src/test/resources/api/Auth.feature
22:56:13.868 [pool-2-thread-1] WARN io.cucumber.core.plugin.SerenityReporter - Feature from file:///Users/jasmine/Documents/alterra-mini-project/src/test/resources/api/Auth.feature is not under the 'features' directory. Requirements report will not be correctly generated!
22:56:13.869 [pool-2-thread-1] INFO  - 
  _____   ___   ___   _____     ___   _____     _     ___   _____   ___   ___  
 |_   _| | __| / __| |_   _|   / __| |_   _|   /_\   | _ \ |_   _| | __| |   \ 
   | |   | _|  \__ \   | |     \__ \   | |    / _ \  |   /   | |   | _|  | |) |
   |_|   |___| |___/   |_|     |___/   |_|   /_/ \_\ |_|_\   |_|   |___| |___/ 

Register - Register failed with fullname empty(auth;register---register-failed-with-fullname-empty)
--------------------------------------------------------------------------------
22:56:13.879 [pool-2-thread-1] DEBUG net.thucydides.core.steps.StepInterceptor - STARTING STEP: AuthSteps.userSetApiPOSTRequestRegister - User set api POST request register
22:56:13.879 [pool-2-thread-1] DEBUG net.thucydides.core.steps.StepInterceptor - STEP DONE: User set api POST request register
  &amp#27;[32mGiven &amp#27;[0m&amp#27;[32mUser set api POST request register&amp#27;[0m                             &amp#27;[90m# starter.stepdefinitions.AuthSteps.userSetApiPOSTRequestRegister()&amp#27;[0m
22:56:13.881 [pool-2-thread-1] DEBUG net.thucydides.core.steps.StepInterceptor - STARTING STEP: AuthSteps.userSendRequestBodyRegisterFullnameEmpty - User send request body register fullname empty
22:56:13.882 [pool-2-thread-1] DEBUG net.thucydides.core.steps.StepInterceptor - STARTING STEP: Register.sendPostRegisterFullnameEmpty - User set api POST request register
22:56:13.882 [pool-2-thread-1] DEBUG net.thucydides.core.steps.StepInterceptor - STEP DONE: User set api POST request register
22:56:14.030 [pool-2-thread-1] DEBUG net.thucydides.core.steps.StepInterceptor - STEP DONE: User send request body register fullname empty
  &amp#27;[32mWhen &amp#27;[0m&amp#27;[32mUser send request body register fullname empty&amp#27;[0m                  &amp#27;[90m# starter.stepdefinitions.AuthSteps.userSendRequestBodyRegisterFullnameEmpty()&amp#27;[0m
22:56:14.033 [pool-2-thread-1] DEBUG net.thucydides.core.steps.StepInterceptor - STARTING STEP: AuthSteps.userReceiveResponseCodeError - User receive response code 400
22:56:14.033 [pool-2-thread-1] DEBUG net.thucydides.core.steps.StepInterceptor - STEP DONE: User receive response code 400
  &amp#27;[32mThen &amp#27;[0m&amp#27;[32mUser receive response code 400&amp#27;[0m                                  &amp#27;[90m# starter.stepdefinitions.AuthSteps.userReceiveResponseCodeError()&amp#27;[0m
22:56:14.035 [pool-2-thread-1] DEBUG net.thucydides.core.steps.StepInterceptor - STARTING STEP: AuthSteps.userReceiveResponseBodyErrorRegisterFormFullnameRequired - User receive response body error register form fullname required
22:56:14.044 [pool-2-thread-1] DEBUG net.thucydides.core.steps.StepInterceptor - STEP DONE: User receive response body error register form fullname required
  &amp#27;[32mAnd &amp#27;[0m&amp#27;[32mUser receive response body error register form fullname required&amp#27;[0m &amp#27;[90m# starter.stepdefinitions.AuthSteps.userReceiveResponseBodyErrorRegisterFormFullnameRequired()&amp#27;[0m
22:56:14.045 [pool-2-thread-1] INFO  - 
  _____   ___   ___   _____     ___     _     ___   ___   ___   ___  
 |_   _| | __| / __| |_   _|   | _ \   /_\   / __| / __| | __| |   \ 
   | |   | _|  \__ \   | |     |  _/  / _ \  \__ \ \__ \ | _|  | |) |
   |_|   |___| |___/   |_|     |_|   /_/ \_\ |___/ |___/ |___| |___/ 

Register - Register failed with fullname empty
----------------------------------------------------------------------
]]></system-out>
  </testcase>
  <testcase name="Register - Register failed with password empty" classname="Auth" time="0.183">
    <system-out><![CDATA[
Scenario: Register - Register failed with password empty               &amp#27;[90m# src/test/resources/api/Auth.feature:67&amp#27;[0m
22:56:14.055 [pool-2-thread-1] INFO io.cucumber.core.plugin.SerenityReporter - Running feature from file:///Users/jasmine/Documents/alterra-mini-project/src/test/resources/api/Auth.feature
22:56:14.055 [pool-2-thread-1] WARN io.cucumber.core.plugin.SerenityReporter - Feature from file:///Users/jasmine/Documents/alterra-mini-project/src/test/resources/api/Auth.feature is not under the 'features' directory. Requirements report will not be correctly generated!
22:56:14.056 [pool-2-thread-1] INFO  - 
  _____   ___   ___   _____     ___   _____     _     ___   _____   ___   ___  
 |_   _| | __| / __| |_   _|   / __| |_   _|   /_\   | _ \ |_   _| | __| |   \ 
   | |   | _|  \__ \   | |     \__ \   | |    / _ \  |   /   | |   | _|  | |) |
   |_|   |___| |___/   |_|     |___/   |_|   /_/ \_\ |_|_\   |_|   |___| |___/ 

Register - Register failed with password empty(auth;register---register-failed-with-password-empty)
--------------------------------------------------------------------------------
22:56:14.066 [pool-2-thread-1] DEBUG net.thucydides.core.steps.StepInterceptor - STARTING STEP: AuthSteps.userSetApiPOSTRequestRegister - User set api POST request register
22:56:14.066 [pool-2-thread-1] DEBUG net.thucydides.core.steps.StepInterceptor - STEP DONE: User set api POST request register
  &amp#27;[32mGiven &amp#27;[0m&amp#27;[32mUser set api POST request register&amp#27;[0m                             &amp#27;[90m# starter.stepdefinitions.AuthSteps.userSetApiPOSTRequestRegister()&amp#27;[0m
22:56:14.068 [pool-2-thread-1] DEBUG net.thucydides.core.steps.StepInterceptor - STARTING STEP: AuthSteps.userSendRequestBodyRegisterPasswordEmpty - User send request body register password empty
22:56:14.069 [pool-2-thread-1] DEBUG net.thucydides.core.steps.StepInterceptor - STARTING STEP: Register.sendPostRegisterPasswordEmpty - User set api POST request register
22:56:14.069 [pool-2-thread-1] DEBUG net.thucydides.core.steps.StepInterceptor - STEP DONE: User set api POST request register
22:56:14.215 [pool-2-thread-1] DEBUG net.thucydides.core.steps.StepInterceptor - STEP DONE: User send request body register password empty
  &amp#27;[32mWhen &amp#27;[0m&amp#27;[32mUser send request body register password empty&amp#27;[0m                  &amp#27;[90m# starter.stepdefinitions.AuthSteps.userSendRequestBodyRegisterPasswordEmpty()&amp#27;[0m
22:56:14.218 [pool-2-thread-1] DEBUG net.thucydides.core.steps.StepInterceptor - STARTING STEP: AuthSteps.userReceiveResponseCodeError - User receive response code 400
22:56:14.219 [pool-2-thread-1] DEBUG net.thucydides.core.steps.StepInterceptor - STEP DONE: User receive response code 400
  &amp#27;[32mThen &amp#27;[0m&amp#27;[32mUser receive response code 400&amp#27;[0m                                  &amp#27;[90m# starter.stepdefinitions.AuthSteps.userReceiveResponseCodeError()&amp#27;[0m
22:56:14.220 [pool-2-thread-1] DEBUG net.thucydides.core.steps.StepInterceptor - STARTING STEP: AuthSteps.userReceiveResponseBodyErrorRegisterFormPasswordRequired - User receive response body error register form password required
22:56:14.227 [pool-2-thread-1] DEBUG net.thucydides.core.steps.StepInterceptor - STEP DONE: User receive response body error register form password required
  &amp#27;[32mAnd &amp#27;[0m&amp#27;[32mUser receive response body error register form password required&amp#27;[0m &amp#27;[90m# starter.stepdefinitions.AuthSteps.userReceiveResponseBodyErrorRegisterFormPasswordRequired()&amp#27;[0m
22:56:14.228 [pool-2-thread-1] INFO  - 
  _____   ___   ___   _____     ___     _     ___   ___   ___   ___  
 |_   _| | __| / __| |_   _|   | _ \   /_\   / __| / __| | __| |   \ 
   | |   | _|  \__ \   | |     |  _/  / _ \  \__ \ \__ \ | _|  | |) |
   |_|   |___| |___/   |_|     |_|   /_/ \_\ |___/ |___/ |___| |___/ 

Register - Register failed with password empty
----------------------------------------------------------------------
]]></system-out>
  </testcase>
  <testcase name="Register - Register already exist" classname="Auth" time="0.206">
    <system-out><![CDATA[
Scenario: Register - Register already exist                   &amp#27;[90m# src/test/resources/api/Auth.feature:73&amp#27;[0m
22:56:14.236 [pool-2-thread-1] INFO io.cucumber.core.plugin.SerenityReporter - Running feature from file:///Users/jasmine/Documents/alterra-mini-project/src/test/resources/api/Auth.feature
22:56:14.236 [pool-2-thread-1] WARN io.cucumber.core.plugin.SerenityReporter - Feature from file:///Users/jasmine/Documents/alterra-mini-project/src/test/resources/api/Auth.feature is not under the 'features' directory. Requirements report will not be correctly generated!
22:56:14.237 [pool-2-thread-1] INFO  - 
  _____   ___   ___   _____     ___   _____     _     ___   _____   ___   ___  
 |_   _| | __| / __| |_   _|   / __| |_   _|   /_\   | _ \ |_   _| | __| |   \ 
   | |   | _|  \__ \   | |     \__ \   | |    / _ \  |   /   | |   | _|  | |) |
   |_|   |___| |___/   |_|     |___/   |_|   /_/ \_\ |_|_\   |_|   |___| |___/ 

Register - Register already exist(auth;register---register-already-exist)
--------------------------------------------------------------------------------
22:56:14.246 [pool-2-thread-1] DEBUG net.thucydides.core.steps.StepInterceptor - STARTING STEP: AuthSteps.userSetApiPOSTRequestRegister - User set api POST request register
22:56:14.246 [pool-2-thread-1] DEBUG net.thucydides.core.steps.StepInterceptor - STEP DONE: User set api POST request register
  &amp#27;[32mGiven &amp#27;[0m&amp#27;[32mUser set api POST request register&amp#27;[0m                    &amp#27;[90m# starter.stepdefinitions.AuthSteps.userSetApiPOSTRequestRegister()&amp#27;[0m
22:56:14.248 [pool-2-thread-1] DEBUG net.thucydides.core.steps.StepInterceptor - STARTING STEP: AuthSteps.userSendRequestBodyRegisterAlreadyExist - User send request body register already exist
22:56:14.249 [pool-2-thread-1] DEBUG net.thucydides.core.steps.StepInterceptor - STARTING STEP: Register.sendPostRegisterAlreadyExist - User set api POST request register
22:56:14.249 [pool-2-thread-1] DEBUG net.thucydides.core.steps.StepInterceptor - STEP DONE: User set api POST request register
22:56:14.415 [pool-2-thread-1] DEBUG net.thucydides.core.steps.StepInterceptor - STEP DONE: User send request body register already exist
  &amp#27;[32mWhen &amp#27;[0m&amp#27;[32mUser send request body register already exist&amp#27;[0m          &amp#27;[90m# starter.stepdefinitions.AuthSteps.userSendRequestBodyRegisterAlreadyExist()&amp#27;[0m
22:56:14.417 [pool-2-thread-1] DEBUG net.thucydides.core.steps.StepInterceptor - STARTING STEP: AuthSteps.userReceiveResponseCodeError - User receive response code 400
22:56:14.418 [pool-2-thread-1] DEBUG net.thucydides.core.steps.StepInterceptor - STEP DONE: User receive response code 400
  &amp#27;[32mThen &amp#27;[0m&amp#27;[32mUser receive response code 400&amp#27;[0m                         &amp#27;[90m# starter.stepdefinitions.AuthSteps.userReceiveResponseCodeError()&amp#27;[0m
22:56:14.419 [pool-2-thread-1] DEBUG net.thucydides.core.steps.StepInterceptor - STARTING STEP: AuthSteps.userReceiveResponseBodyErrorRegisterAlreadyExist - User receive response body error register already exist
22:56:14.432 [pool-2-thread-1] DEBUG net.thucydides.core.steps.StepInterceptor - STEP DONE: User receive response body error register already exist
  &amp#27;[32mAnd &amp#27;[0m&amp#27;[32mUser receive response body error register already exist&amp#27;[0m &amp#27;[90m# starter.stepdefinitions.AuthSteps.userReceiveResponseBodyErrorRegisterAlreadyExist()&amp#27;[0m
22:56:14.434 [pool-2-thread-1] INFO  - 
  _____   ___   ___   _____     ___     _     ___   ___   ___   ___  
 |_   _| | __| / __| |_   _|   | _ \   /_\   / __| / __| | __| |   \ 
   | |   | _|  \__ \   | |     |  _/  / _ \  \__ \ \__ \ | _|  | |) |
   |_|   |___| |___/   |_|     |_|   /_/ \_\ |___/ |___/ |___| |___/ 

Register - Register already exist
----------------------------------------------------------------------
]]></system-out>
  </testcase>
  <testcase name="Get Information - Get Information with token valid" classname="Auth" time="0.44">
    <system-out><![CDATA[
Scenario: Get Information - Get Information with token valid &amp#27;[90m# src/test/resources/api/Auth.feature:79&amp#27;[0m
22:56:14.443 [pool-2-thread-1] INFO io.cucumber.core.plugin.SerenityReporter - Running feature from file:///Users/jasmine/Documents/alterra-mini-project/src/test/resources/api/Auth.feature
22:56:14.443 [pool-2-thread-1] WARN io.cucumber.core.plugin.SerenityReporter - Feature from file:///Users/jasmine/Documents/alterra-mini-project/src/test/resources/api/Auth.feature is not under the 'features' directory. Requirements report will not be correctly generated!
22:56:14.445 [pool-2-thread-1] INFO  - 
  _____   ___   ___   _____     ___   _____     _     ___   _____   ___   ___  
 |_   _| | __| / __| |_   _|   / __| |_   _|   /_\   | _ \ |_   _| | __| |   \ 
   | |   | _|  \__ \   | |     \__ \   | |    / _ \  |   /   | |   | _|  | |) |
   |_|   |___| |___/   |_|     |___/   |_|   /_/ \_\ |_|_\   |_|   |___| |___/ 

Get Information - Get Information with token valid(auth;get-information---get-information-with-token-valid)
--------------------------------------------------------------------------------
22:56:14.456 [pool-2-thread-1] DEBUG net.thucydides.core.steps.StepInterceptor - STARTING STEP: AuthSteps.userSetApiGetRequestGetInformationUser - User set api POST request login
22:56:14.457 [pool-2-thread-1] DEBUG net.thucydides.core.steps.StepInterceptor - STEP DONE: User set api POST request login
22:56:14.457 [pool-2-thread-1] DEBUG net.thucydides.core.steps.StepInterceptor - STARTING STEP: AuthSteps.userSetApiGetRequestGetInformationUser - User send request body login
22:56:14.459 [pool-2-thread-1] DEBUG net.thucydides.core.steps.StepInterceptor - STARTING STEP: Login.sendPostLoginRequest - User set api POST request login
22:56:14.459 [pool-2-thread-1] DEBUG net.thucydides.core.steps.StepInterceptor - STEP DONE: User set api POST request login
22:56:14.626 [pool-2-thread-1] DEBUG net.thucydides.core.steps.StepInterceptor - STEP DONE: User send request body login
22:56:14.627 [pool-2-thread-1] DEBUG net.thucydides.core.steps.StepInterceptor - STARTING STEP: AuthSteps.userSetApiGetRequestGetInformationUser - User set api Get request Get Information user
22:56:14.627 [pool-2-thread-1] DEBUG net.thucydides.core.steps.StepInterceptor - STEP DONE: User set api Get request Get Information user
  &amp#27;[32mGiven &amp#27;[0m&amp#27;[32mUser set api Get request Get Information user&amp#27;[0m        &amp#27;[90m# starter.stepdefinitions.AuthSteps.userSetApiGetRequestGetInformationUser()&amp#27;[0m
22:56:14.629 [pool-2-thread-1] DEBUG net.thucydides.core.steps.StepInterceptor - STARTING STEP: AuthSteps.userSendRequestUrlGetInformation - User receive response body success
22:56:14.640 [pool-2-thread-1] DEBUG net.thucydides.core.steps.StepInterceptor - STEP DONE: User receive response body success
22:56:14.641 [pool-2-thread-1] DEBUG net.thucydides.core.steps.StepInterceptor - STARTING STEP: AuthSteps.userSendRequestUrlGetInformation - User send request url get information
22:56:14.642 [pool-2-thread-1] DEBUG net.thucydides.core.steps.StepInterceptor - STARTING STEP: GetInformation.sendRequestGetInfo - User set api Get request Get Information user
22:56:14.643 [pool-2-thread-1] DEBUG net.thucydides.core.steps.StepInterceptor - STEP DONE: User set api Get request Get Information user
22:56:14.826 [pool-2-thread-1] DEBUG net.thucydides.core.steps.StepInterceptor - STEP DONE: User send request url get information
  &amp#27;[32mWhen &amp#27;[0m&amp#27;[32mUser send request url get information&amp#27;[0m                 &amp#27;[90m# starter.stepdefinitions.AuthSteps.userSendRequestUrlGetInformation()&amp#27;[0m
22:56:14.828 [pool-2-thread-1] DEBUG net.thucydides.core.steps.StepInterceptor - STARTING STEP: AuthSteps.userReceiveResponseCode - User receive response code 200
22:56:14.829 [pool-2-thread-1] DEBUG net.thucydides.core.steps.StepInterceptor - STEP DONE: User receive response code 200
  &amp#27;[32mThen &amp#27;[0m&amp#27;[32mUser receive response code 200&amp#27;[0m                        &amp#27;[90m# starter.stepdefinitions.AuthSteps.userReceiveResponseCode()&amp#27;[0m
22:56:14.830 [pool-2-thread-1] DEBUG net.thucydides.core.steps.StepInterceptor - STARTING STEP: AuthSteps.userReceiveResponseBodySuccessGetInformation - User receive response body success get information
22:56:14.873 [pool-2-thread-1] DEBUG net.thucydides.core.steps.StepInterceptor - STEP DONE: User receive response body success get information
  &amp#27;[32mAnd &amp#27;[0m&amp#27;[32mUser receive response body success get information&amp#27;[0m     &amp#27;[90m# starter.stepdefinitions.AuthSteps.userReceiveResponseBodySuccessGetInformation()&amp#27;[0m
22:56:14.874 [pool-2-thread-1] INFO  - 
  _____   ___   ___   _____     ___     _     ___   ___   ___   ___  
 |_   _| | __| / __| |_   _|   | _ \   /_\   / __| / __| | __| |   \ 
   | |   | _|  \__ \   | |     |  _/  / _ \  \__ \ \__ \ | _|  | |) |
   |_|   |___| |___/   |_|     |_|   /_/ \_\ |___/ |___/ |___| |___/ 

Get Information - Get Information with token valid
----------------------------------------------------------------------
]]></system-out>
  </testcase>
  <testcase name="Get Information - Get Information with token empty" classname="Auth" time="0.344">
    <system-out><![CDATA[
Scenario: Get Information - Get Information with token empty        &amp#27;[90m# src/test/resources/api/Auth.feature:85&amp#27;[0m
22:56:14.882 [pool-2-thread-1] INFO io.cucumber.core.plugin.SerenityReporter - Running feature from file:///Users/jasmine/Documents/alterra-mini-project/src/test/resources/api/Auth.feature
22:56:14.883 [pool-2-thread-1] WARN io.cucumber.core.plugin.SerenityReporter - Feature from file:///Users/jasmine/Documents/alterra-mini-project/src/test/resources/api/Auth.feature is not under the 'features' directory. Requirements report will not be correctly generated!
22:56:14.884 [pool-2-thread-1] INFO  - 
  _____   ___   ___   _____     ___   _____     _     ___   _____   ___   ___  
 |_   _| | __| / __| |_   _|   / __| |_   _|   /_\   | _ \ |_   _| | __| |   \ 
   | |   | _|  \__ \   | |     \__ \   | |    / _ \  |   /   | |   | _|  | |) |
   |_|   |___| |___/   |_|     |___/   |_|   /_/ \_\ |_|_\   |_|   |___| |___/ 

Get Information - Get Information with token empty(auth;get-information---get-information-with-token-empty)
--------------------------------------------------------------------------------
22:56:14.893 [pool-2-thread-1] DEBUG net.thucydides.core.steps.StepInterceptor - STARTING STEP: AuthSteps.userSetApiGetRequestGetInformationUser - User set api POST request login
22:56:14.893 [pool-2-thread-1] DEBUG net.thucydides.core.steps.StepInterceptor - STEP DONE: User set api POST request login
22:56:14.893 [pool-2-thread-1] DEBUG net.thucydides.core.steps.StepInterceptor - STARTING STEP: AuthSteps.userSetApiGetRequestGetInformationUser - User send request body login
22:56:14.895 [pool-2-thread-1] DEBUG net.thucydides.core.steps.StepInterceptor - STARTING STEP: Login.sendPostLoginRequest - User set api POST request login
22:56:14.895 [pool-2-thread-1] DEBUG net.thucydides.core.steps.StepInterceptor - STEP DONE: User set api POST request login
22:56:15.046 [pool-2-thread-1] DEBUG net.thucydides.core.steps.StepInterceptor - STEP DONE: User send request body login
22:56:15.047 [pool-2-thread-1] DEBUG net.thucydides.core.steps.StepInterceptor - STARTING STEP: AuthSteps.userSetApiGetRequestGetInformationUser - User set api Get request Get Information user
22:56:15.047 [pool-2-thread-1] DEBUG net.thucydides.core.steps.StepInterceptor - STEP DONE: User set api Get request Get Information user
  &amp#27;[32mGiven &amp#27;[0m&amp#27;[32mUser set api Get request Get Information user&amp#27;[0m               &amp#27;[90m# starter.stepdefinitions.AuthSteps.userSetApiGetRequestGetInformationUser()&amp#27;[0m
22:56:15.048 [pool-2-thread-1] DEBUG net.thucydides.core.steps.StepInterceptor - STARTING STEP: AuthSteps.userSendRequestUrlGetInformationTokenEmpty - User send request url get information token empty
22:56:15.050 [pool-2-thread-1] DEBUG net.thucydides.core.steps.StepInterceptor - STARTING STEP: GetInformation.sendRequestGetInfoEmpty - User set api Get request Get Information user
22:56:15.050 [pool-2-thread-1] DEBUG net.thucydides.core.steps.StepInterceptor - STEP DONE: User set api Get request Get Information user
22:56:15.205 [pool-2-thread-1] DEBUG net.thucydides.core.steps.StepInterceptor - STEP DONE: User send request url get information token empty
  &amp#27;[32mWhen &amp#27;[0m&amp#27;[32mUser send request url get information token empty&amp#27;[0m            &amp#27;[90m# starter.stepdefinitions.AuthSteps.userSendRequestUrlGetInformationTokenEmpty()&amp#27;[0m
22:56:15.208 [pool-2-thread-1] DEBUG net.thucydides.core.steps.StepInterceptor - STARTING STEP: AuthSteps.userReceiveResponseCode401 - User receive response code 401
22:56:15.209 [pool-2-thread-1] DEBUG net.thucydides.core.steps.StepInterceptor - STEP DONE: User receive response code 401
  &amp#27;[32mThen &amp#27;[0m&amp#27;[32mUser receive response code 401&amp#27;[0m                               &amp#27;[90m# starter.stepdefinitions.AuthSteps.userReceiveResponseCode401()&amp#27;[0m
22:56:15.210 [pool-2-thread-1] DEBUG net.thucydides.core.steps.StepInterceptor - STARTING STEP: AuthSteps.userReceiveResponseBodyFailedGetInformationTokenEmpty - User receive response body failed get information token empty
22:56:15.217 [pool-2-thread-1] DEBUG net.thucydides.core.steps.StepInterceptor - STEP DONE: User receive response body failed get information token empty
  &amp#27;[32mAnd &amp#27;[0m&amp#27;[32mUser receive response body failed get information token empty&amp#27;[0m &amp#27;[90m# starter.stepdefinitions.AuthSteps.userReceiveResponseBodyFailedGetInformationTokenEmpty()&amp#27;[0m
22:56:15.218 [pool-2-thread-1] INFO  - 
  _____   ___   ___   _____     ___     _     ___   ___   ___   ___  
 |_   _| | __| / __| |_   _|   | _ \   /_\   / __| / __| | __| |   \ 
   | |   | _|  \__ \   | |     |  _/  / _ \  \__ \ \__ \ | _|  | |) |
   |_|   |___| |___/   |_|     |_|   /_/ \_\ |___/ |___/ |___| |___/ 

Get Information - Get Information with token empty
----------------------------------------------------------------------
]]></system-out>
  </testcase>
  <testcase name="Get Information - Get Information with token invalid" classname="Auth" time="0.352">
    <system-out><![CDATA[
Scenario: Get Information - Get Information with token invalid         &amp#27;[90m# src/test/resources/api/Auth.feature:91&amp#27;[0m
22:56:15.226 [pool-2-thread-1] INFO io.cucumber.core.plugin.SerenityReporter - Running feature from file:///Users/jasmine/Documents/alterra-mini-project/src/test/resources/api/Auth.feature
22:56:15.226 [pool-2-thread-1] WARN io.cucumber.core.plugin.SerenityReporter - Feature from file:///Users/jasmine/Documents/alterra-mini-project/src/test/resources/api/Auth.feature is not under the 'features' directory. Requirements report will not be correctly generated!
22:56:15.227 [pool-2-thread-1] INFO  - 
  _____   ___   ___   _____     ___   _____     _     ___   _____   ___   ___  
 |_   _| | __| / __| |_   _|   / __| |_   _|   /_\   | _ \ |_   _| | __| |   \ 
   | |   | _|  \__ \   | |     \__ \   | |    / _ \  |   /   | |   | _|  | |) |
   |_|   |___| |___/   |_|     |___/   |_|   /_/ \_\ |_|_\   |_|   |___| |___/ 

Get Information - Get Information with token invalid(auth;get-information---get-information-with-token-invalid)
--------------------------------------------------------------------------------
22:56:15.237 [pool-2-thread-1] DEBUG net.thucydides.core.steps.StepInterceptor - STARTING STEP: AuthSteps.userSetApiGetRequestGetInformationUser - User set api POST request login
22:56:15.237 [pool-2-thread-1] DEBUG net.thucydides.core.steps.StepInterceptor - STEP DONE: User set api POST request login
22:56:15.237 [pool-2-thread-1] DEBUG net.thucydides.core.steps.StepInterceptor - STARTING STEP: AuthSteps.userSetApiGetRequestGetInformationUser - User send request body login
22:56:15.238 [pool-2-thread-1] DEBUG net.thucydides.core.steps.StepInterceptor - STARTING STEP: Login.sendPostLoginRequest - User set api POST request login
22:56:15.238 [pool-2-thread-1] DEBUG net.thucydides.core.steps.StepInterceptor - STEP DONE: User set api POST request login
22:56:15.409 [pool-2-thread-1] DEBUG net.thucydides.core.steps.StepInterceptor - STEP DONE: User send request body login
22:56:15.409 [pool-2-thread-1] DEBUG net.thucydides.core.steps.StepInterceptor - STARTING STEP: AuthSteps.userSetApiGetRequestGetInformationUser - User set api Get request Get Information user
22:56:15.409 [pool-2-thread-1] DEBUG net.thucydides.core.steps.StepInterceptor - STEP DONE: User set api Get request Get Information user
  &amp#27;[32mGiven &amp#27;[0m&amp#27;[32mUser set api Get request Get Information user&amp#27;[0m                  &amp#27;[90m# starter.stepdefinitions.AuthSteps.userSetApiGetRequestGetInformationUser()&amp#27;[0m
22:56:15.411 [pool-2-thread-1] DEBUG net.thucydides.core.steps.StepInterceptor - STARTING STEP: AuthSteps.userSendRequestUrlGetInformationTokenInvalid - User send request url get information token invalid
22:56:15.412 [pool-2-thread-1] DEBUG net.thucydides.core.steps.StepInterceptor - STARTING STEP: GetInformation.sendRequestGetInfoTokenInvalid - User set api Get request Get Information user
22:56:15.412 [pool-2-thread-1] DEBUG net.thucydides.core.steps.StepInterceptor - STEP DONE: User set api Get request Get Information user
22:56:15.557 [pool-2-thread-1] DEBUG net.thucydides.core.steps.StepInterceptor - STEP DONE: User send request url get information token invalid
  &amp#27;[32mWhen &amp#27;[0m&amp#27;[32mUser send request url get information token invalid&amp#27;[0m             &amp#27;[90m# starter.stepdefinitions.AuthSteps.userSendRequestUrlGetInformationTokenInvalid()&amp#27;[0m
22:56:15.559 [pool-2-thread-1] DEBUG net.thucydides.core.steps.StepInterceptor - STARTING STEP: AuthSteps.userReceiveResponseCode401 - User receive response code 401
22:56:15.560 [pool-2-thread-1] DEBUG net.thucydides.core.steps.StepInterceptor - STEP DONE: User receive response code 401
  &amp#27;[32mThen &amp#27;[0m&amp#27;[32mUser receive response code 401&amp#27;[0m                                  &amp#27;[90m# starter.stepdefinitions.AuthSteps.userReceiveResponseCode401()&amp#27;[0m
22:56:15.561 [pool-2-thread-1] DEBUG net.thucydides.core.steps.StepInterceptor - STARTING STEP: AuthSteps.userReceiveResponseBodySuccessGetInformationTokenInvalid - User receive response body success get information token invalid
22:56:15.569 [pool-2-thread-1] DEBUG net.thucydides.core.steps.StepInterceptor - STEP DONE: User receive response body success get information token invalid
  &amp#27;[32mAnd &amp#27;[0m&amp#27;[32mUser receive response body success get information token invalid&amp#27;[0m &amp#27;[90m# starter.stepdefinitions.AuthSteps.userReceiveResponseBodySuccessGetInformationTokenInvalid()&amp#27;[0m
22:56:15.571 [pool-2-thread-1] INFO  - 
  _____   ___   ___   _____     ___     _     ___   ___   ___   ___  
 |_   _| | __| / __| |_   _|   | _ \   /_\   / __| / __| | __| |   \ 
   | |   | _|  \__ \   | |     |  _/  / _ \  \__ \ \__ \ | _|  | |) |
   |_|   |___| |___/   |_|     |_|   /_/ \_\ |___/ |___/ |___| |___/ 

Get Information - Get Information with token invalid
----------------------------------------------------------------------
]]></system-out>
  </testcase>
</testsuite>