<?xml version="1.0" encoding="UTF-8"?>
<testsuite xmlns:xsi="http://www.w3.org/2001/XMLSchema-instance" xsi:noNamespaceSchemaLocation="https://maven.apache.org/surefire/maven-failsafe-plugin/xsd/failsafe-test-report-3.0.xsd" version="3.0" name="Product" time="6.559" tests="25" errors="0" skipped="0" failures="0">
  <properties>
[...]
</properties>
  <testcase name="Get Products - Get Products with url valid" classname="Product" time="0.883">
    <system-out><![CDATA[

60
 Scenarios (
&amp#27;[32m60 passed&amp#27;[0m
)

236
 Steps (
&amp#27;[32m236 passed&amp#27;[0m
)

0m
23.134s





20:32:37.696 [pool-2-thread-1] DEBUG net.thucydides.core.reports.ReportService - Reporting formats: [JSON, HTML]

20:32:37.759 [pool-2-thread-1] DEBUG net.thucydides.core.reports.ReportService - Reporting formats: [JSON, HTML]

20:32:37.773 [pool-2-thread-1] DEBUG net.thucydides.core.reports.ReportService - Generating reports for 60 test outcomes using: net.thucydides.core.reports.json.JSONTestOutcomeReporter@423fec77

20:32:37.774 [pool-2-thread-1] DEBUG net.thucydides.core.reports.ReportService - Processing test outcome Auth:Login - Login success with data valid

20:32:37.774 [pool-2-thread-2] DEBUG net.thucydides.core.reports.ReportService - Processing test outcome Auth:Login - Login failed username valid but password invalid

20:32:37.774 [pool-2-thread-2] INFO net.thucydides.core.reports.ReportService - net.thucydides.core.reports.json.JSONTestOutcomeReporter@423fec77: Generating report for test outcome: Auth:Login - Login failed username valid but password invalid

20:32:37.774 [pool-2-thread-3] DEBUG net.thucydides.core.reports.ReportService - Processing test outcome Auth:Login - Login failed not registered

20:32:37.774 [pool-2-thread-1] INFO net.thucydides.core.reports.ReportService - net.thucydides.core.reports.json.JSONTestOutcomeReporter@423fec77: Generating report for test outcome: Auth:Login - Login success with data valid

20:32:37.774 [pool-2-thread-3] INFO net.thucydides.core.reports.ReportService - net.thucydides.core.reports.json.JSONTestOutcomeReporter@423fec77: Generating report for test outcome: Auth:Login - Login failed not registered

20:32:37.774 [pool-2-thread-4] DEBUG net.thucydides.core.reports.ReportService - Processing test outcome Auth:Login - Login failed all empty

20:32:37.775 [pool-2-thread-4] INFO net.thucydides.core.reports.ReportService - net.thucydides.core.reports.json.JSONTestOutcomeReporter@423fec77: Generating report for test outcome: Auth:Login - Login failed all empty

20:32:37.775 [pool-2-thread-5] DEBUG net.thucydides.core.reports.ReportService - Processing test outcome Auth:Login - Login failed email empty

20:32:37.775 [pool-2-thread-5] INFO net.thucydides.core.reports.ReportService - net.thucydides.core.reports.json.JSONTestOutcomeReporter@423fec77: Generating report for test outcome: Auth:Login - Login failed email empty

20:32:37.775 [pool-2-thread-6] DEBUG net.thucydides.core.reports.ReportService - Processing test outcome Auth:Login - Login failed password empty

20:32:37.775 [pool-2-thread-6] INFO net.thucydides.core.reports.ReportService - net.thucydides.core.reports.json.JSONTestOutcomeReporter@423fec77: Generating report for test outcome: Auth:Login - Login failed password empty

20:32:37.775 [pool-2-thread-7] DEBUG net.thucydides.core.reports.ReportService - Processing test outcome Auth:Register - Register Success with data valid

20:32:37.775 [pool-2-thread-7] INFO net.thucydides.core.reports.ReportService - net.thucydides.core.reports.json.JSONTestOutcomeReporter@423fec77: Generating report for test outcome: Auth:Register - Register Success with data valid

20:32:37.775 [pool-2-thread-8] DEBUG net.thucydides.core.reports.ReportService - Processing test outcome Auth:Register - Register failed with all data empty

20:32:37.775 [pool-2-thread-8] INFO net.thucydides.core.reports.ReportService - net.thucydides.core.reports.json.JSONTestOutcomeReporter@423fec77: Generating report for test outcome: Auth:Register - Register failed with all data empty

20:32:37.775 [pool-2-thread-9] DEBUG net.thucydides.core.reports.ReportService - Processing test outcome Auth:Register - Register failed with email empty

20:32:37.775 [pool-2-thread-9] INFO net.thucydides.core.reports.ReportService - net.thucydides.core.reports.json.JSONTestOutcomeReporter@423fec77: Generating report for test outcome: Auth:Register - Register failed with email empty

20:32:37.775 [pool-2-thread-10] DEBUG net.thucydides.core.reports.ReportService - Processing test outcome Auth:Register - Register failed with fullname empty

20:32:37.775 [pool-2-thread-10] INFO net.thucydides.core.reports.ReportService - net.thucydides.core.reports.json.JSONTestOutcomeReporter@423fec77: Generating report for test outcome: Auth:Register - Register failed with fullname empty

20:32:37.775 [pool-2-thread-11] DEBUG net.thucydides.core.reports.ReportService - Processing test outcome Auth:Register - Register failed with password empty

20:32:37.775 [pool-2-thread-11] INFO net.thucydides.core.reports.ReportService - net.thucydides.core.reports.json.JSONTestOutcomeReporter@423fec77: Generating report for test outcome: Auth:Register - Register failed with password empty

20:32:37.775 [pool-2-thread-12] DEBUG net.thucydides.core.reports.ReportService - Processing test outcome Auth:Register - Register already exist

20:32:37.775 [pool-2-thread-12] INFO net.thucydides.core.reports.ReportService - net.thucydides.core.reports.json.JSONTestOutcomeReporter@423fec77: Generating report for test outcome: Auth:Register - Register already exist

20:32:37.782 [pool-2-thread-9] DEBUG net.thucydides.core.reports.json.JSONTestOutcomeReporter - Generating JSON report for Register - Register failed with email empty to file /Users/jasmine/Documents/alterra-mini-project/target/site/serenity/a5866b8b30f49affc9f71378551d6467118924654b0e140f1d5374af6ec10539.json (using temp file /Users/jasmine/Documents/alterra-mini-project/target/site/serenity/a5866b8b30f49affc9f71378551d6467118924654b0e140f1d5374af6ec10539.json62de1c4f-ec6f-46b3-bb42-7a81eaabf012)

20:32:37.782 [pool-2-thread-7] DEBUG net.thucydides.core.reports.json.JSONTestOutcomeReporter - Generating JSON report for Register - Register Success with data valid to file /Users/jasmine/Documents/alterra-mini-project/target/site/serenity/fbe20b16f1aceb589d9b7c3eece1e21036854a5503062fb905db931d5055a234.json (using temp file /Users/jasmine/Documents/alterra-mini-project/target/site/serenity/fbe20b16f1aceb589d9b7c3eece1e21036854a5503062fb905db931d5055a234.json9cabfa23-44bf-4c88-ad42-fa25c224c112)

20:32:37.782 [pool-2-thread-2] DEBUG net.thucydides.core.reports.json.JSONTestOutcomeReporter - Generating JSON report for Login - Login failed username valid but password invalid to file /Users/jasmine/Documents/alterra-mini-project/target/site/serenity/05278008aff1fe6c6e30d5a5a7d0cb56ca8fb834002063cfa26bd39bfd153dff.json (using temp file /Users/jasmine/Documents/alterra-mini-project/target/site/serenity/05278008aff1fe6c6e30d5a5a7d0cb56ca8fb834002063cfa26bd39bfd153dff.jsonad515f0c-18a1-4690-a1d9-3bbb84a85cbc)

20:32:37.782 [pool-2-thread-3] DEBUG net.thucydides.core.reports.json.JSONTestOutcomeReporter - Generating JSON report for Login - Login failed not registered to file /Users/jasmine/Documents/alterra-mini-project/target/site/serenity/8a467251db9a7761af80e0dc0a27b8fb78566d6a5ece5c1e78dce59b4b3a2dd2.json (using temp file /Users/jasmine/Documents/alterra-mini-project/target/site/serenity/8a467251db9a7761af80e0dc0a27b8fb78566d6a5ece5c1e78dce59b4b3a2dd2.jsonc9ea0832-c544-4fba-8a97-b21e8c43d6b4)

20:32:37.782 [pool-2-thread-6] DEBUG net.thucydides.core.reports.json.JSONTestOutcomeReporter - Generating JSON report for Login - Login failed password empty to file /Users/jasmine/Documents/alterra-mini-project/target/site/serenity/6dfb3779abfdbd814ed4516df4fb51203b7267414107ebc5b58348ec468ec568.json (using temp file /Users/jasmine/Documents/alterra-mini-project/target/site/serenity/6dfb3779abfdbd814ed4516df4fb51203b7267414107ebc5b58348ec468ec568.jsond42bd615-08cc-4a0e-a262-5271948f1969)

20:32:37.782 [pool-2-thread-10] DEBUG net.thucydides.core.reports.json.JSONTestOutcomeReporter - Generating JSON report for Register - Register failed with fullname empty to file /Users/jasmine/Documents/alterra-mini-project/target/site/serenity/4476008f9f73d46ed1723005b55d595bc2a398856868c67ddffbedc1de3833ec.json (using temp file /Users/jasmine/Documents/alterra-mini-project/target/site/serenity/4476008f9f73d46ed1723005b55d595bc2a398856868c67ddffbedc1de3833ec.json925a2900-9190-4614-b09a-5671709ddb15)

20:32:37.782 [pool-2-thread-11] DEBUG net.thucydides.core.reports.json.JSONTestOutcomeReporter - Generating JSON report for Register - Register failed with password empty to file /Users/jasmine/Documents/alterra-mini-project/target/site/serenity/b48c5a4fed95aa22ff1020ebcfd295a98b1f307800ded45f5a228e3e8daa163b.json (using temp file /Users/jasmine/Documents/alterra-mini-project/target/site/serenity/b48c5a4fed95aa22ff1020ebcfd295a98b1f307800ded45f5a228e3e8daa163b.json301a6aef-652a-437a-88eb-75e1ec77136f)

20:32:37.782 [pool-2-thread-4] DEBUG net.thucydides.core.reports.json.JSONTestOutcomeReporter - Generating JSON report for Login - Login failed all empty to file /Users/jasmine/Documents/alterra-mini-project/target/site/serenity/b4b8676d2cb23aef7e991ccd40a69e923324842285a7eb6e0b33604394c60f49.json (using temp file /Users/jasmine/Documents/alterra-mini-project/target/site/serenity/b4b8676d2cb23aef7e991ccd40a69e923324842285a7eb6e0b33604394c60f49.json5c4c880a-2c9d-4850-a974-70f998c77932)

20:32:37.782 [pool-2-thread-5] DEBUG net.thucydides.core.reports.json.JSONTestOutcomeReporter - Generating JSON report for Login - Login failed email empty to file /Users/jasmine/Documents/alterra-mini-project/target/site/serenity/f0887395f233684a29a1b9715231a9175fb5a213335535f7d8950c7cc60433d0.json (using temp file /Users/jasmine/Documents/alterra-mini-project/target/site/serenity/f0887395f233684a29a1b9715231a9175fb5a213335535f7d8950c7cc60433d0.jsond9a97939-2850-4241-903e-9220384508ec)

20:32:37.782 [pool-2-thread-8] DEBUG net.thucydides.core.reports.json.JSONTestOutcomeReporter - Generating JSON report for Register - Register failed with all data empty to file /Users/jasmine/Documents/alterra-mini-project/target/site/serenity/cc54255d4b7bf1b51ba205a0fa8d5350aa28fac151fa94e627ee415b803519e2.json (using temp file /Users/jasmine/Documents/alterra-mini-project/target/site/serenity/cc54255d4b7bf1b51ba205a0fa8d5350aa28fac151fa94e627ee415b803519e2.json172b76da-02a3-49f4-a35b-05ad515e471f)

20:32:37.782 [pool-2-thread-12] DEBUG net.thucydides.core.reports.json.JSONTestOutcomeReporter - Generating JSON report for Register - Register already exist to file /Users/jasmine/Documents/alterra-mini-project/target/site/serenity/376fe095260e2835b60224637d249468bc99e49ec756c2f0767f33a096728fbf.json (using temp file /Users/jasmine/Documents/alterra-mini-project/target/site/serenity/376fe095260e2835b60224637d249468bc99e49ec756c2f0767f33a096728fbf.json57558cc6-3f80-40d6-86ca-8f2c3dd2e348)

20:32:37.782 [pool-2-thread-1] DEBUG net.thucydides.core.reports.json.JSONTestOutcomeReporter - Generating JSON report for Login - Login success with data valid to file /Users/jasmine/Documents/alterra-mini-project/target/site/serenity/565fe17b157bd7f2aed219d7518be7a8b2fd1ebbe8f8111a71c9b8ccc2a9043a.json (using temp file /Users/jasmine/Documents/alterra-mini-project/target/site/serenity/565fe17b157bd7f2aed219d7518be7a8b2fd1ebbe8f8111a71c9b8ccc2a9043a.json6fad169a-a4b3-4a97-87e7-3af444d9c9f1)

20:32:37.820 [pool-2-thread-11] DEBUG net.thucydides.core.reports.ReportService - Processing test outcome Auth:Register - Register failed with password empty done

20:32:37.820 [pool-2-thread-11] DEBUG net.thucydides.core.reports.ReportService - Processing test outcome Auth:Get Information - Get Information with token valid

20:32:37.820 [pool-2-thread-11] INFO net.thucydides.core.reports.ReportService - net.thucydides.core.reports.json.JSONTestOutcomeReporter@423fec77: Generating report for test outcome: Auth:Get Information - Get Information with token valid

20:32:37.821 [pool-2-thread-9] DEBUG net.thucydides.core.reports.ReportService - Processing test outcome Auth:Register - Register failed with email empty done

20:32:37.821 [pool-2-thread-11] DEBUG net.thucydides.core.reports.json.JSONTestOutcomeReporter - Generating JSON report for Get Information - Get Information with token valid to file /Users/jasmine/Documents/alterra-mini-project/target/site/serenity/fa93a6205a4e44dda2dfed14dc2d85400e0f5b4e37736afc601308fc71b1ad20.json (using temp file /Users/jasmine/Documents/alterra-mini-project/target/site/serenity/fa93a6205a4e44dda2dfed14dc2d85400e0f5b4e37736afc601308fc71b1ad20.json487c8569-a874-4f88-92ad-cc411744b352)

20:32:37.821 [pool-2-thread-9] DEBUG net.thucydides.core.reports.ReportService - Processing test outcome Auth:Get Information - Get Information with token empty

20:32:37.821 [pool-2-thread-9] INFO net.thucydides.core.reports.ReportService - net.thucydides.core.reports.json.JSONTestOutcomeReporter@423fec77: Generating report for test outcome: Auth:Get Information - Get Information with token empty

20:32:37.821 [pool-2-thread-9] DEBUG net.thucydides.core.reports.json.JSONTestOutcomeReporter - Generating JSON report for Get Information - Get Information with token empty to file /Users/jasmine/Documents/alterra-mini-project/target/site/serenity/e8755d23dea9882b5a78e9957e8ca83e022cf339cf6c3b80ed81e2bd56ea4530.json (using temp file /Users/jasmine/Documents/alterra-mini-project/target/site/serenity/e8755d23dea9882b5a78e9957e8ca83e022cf339cf6c3b80ed81e2bd56ea4530.jsonb60da9fa-e013-4799-b03e-c586c5958301)

20:32:37.822 [pool-2-thread-6] DEBUG net.thucydides.core.reports.ReportService - Processing test outcome Auth:Login - Login failed password empty done

20:32:37.822 [pool-2-thread-6] DEBUG net.thucydides.core.reports.ReportService - Processing test outcome Auth:Get Information - Get Information with token invalid

20:32:37.822 [pool-2-thread-6] INFO net.thucydides.core.reports.ReportService - net.thucydides.core.reports.json.JSONTestOutcomeReporter@423fec77: Generating report for test outcome: Auth:Get Information - Get Information with token invalid

20:32:37.822 [pool-2-thread-6] DEBUG net.thucydides.core.reports.json.JSONTestOutcomeReporter - Generating JSON report for Get Information - Get Information with token invalid to file /Users/jasmine/Documents/alterra-mini-project/target/site/serenity/d0f940e7010f29ba0690bf4ce383e5c7d21f58025521c2b6fd5fe30702ebc878.json (using temp file /Users/jasmine/Documents/alterra-mini-project/target/site/serenity/d0f940e7010f29ba0690bf4ce383e5c7d21f58025521c2b6fd5fe30702ebc878.jsonc1bac0c2-77ea-4361-b864-ec9b9ef0e432)

20:32:37.823 [pool-2-thread-4] DEBUG net.thucydides.core.reports.ReportService - Processing test outcome Auth:Login - Login failed all empty done

20:32:37.823 [pool-2-thread-4] DEBUG net.thucydides.core.reports.ReportService - Processing test outcome Categories:Add Categories - Add Categories with data valid

20:32:37.823 [pool-2-thread-4] INFO net.thucydides.core.reports.ReportService - net.thucydides.core.reports.json.JSONTestOutcomeReporter@423fec77: Generating report for test outcome: Categories:Add Categories - Add Categories with data valid

20:32:37.823 [pool-2-thread-4] DEBUG net.thucydides.core.reports.json.JSONTestOutcomeReporter - Generating JSON report for Add Categories - Add Categories with data valid to file /Users/jasmine/Documents/alterra-mini-project/target/site/serenity/48fb9cab2eccb24bfb852373edf70ca74b48239c4e31842bcc81f5d77f9fb3b5.json (using temp file /Users/jasmine/Documents/alterra-mini-project/target/site/serenity/48fb9cab2eccb24bfb852373edf70ca74b48239c4e31842bcc81f5d77f9fb3b5.jsonacb5a02c-8dac-4a09-83f6-fd29d3919c68)

20:32:37.824 [pool-2-thread-5] DEBUG net.thucydides.core.reports.ReportService - Processing test outcome Auth:Login - Login failed email empty done

20:32:37.824 [pool-2-thread-10] DEBUG net.thucydides.core.reports.ReportService - Processing test outcome Auth:Register - Register failed with fullname empty done

20:32:37.824 [pool-2-thread-5] DEBUG net.thucydides.core.reports.ReportService - Processing test outcome Categories:Add Categories - Add Categories with name empty

20:32:37.824 [pool-2-thread-5] INFO net.thucydides.core.reports.ReportService - net.thucydides.core.reports.json.JSONTestOutcomeReporter@423fec77: Generating report for test outcome: Categories:Add Categories - Add Categories with name empty

20:32:37.824 [pool-2-thread-10] DEBUG net.thucydides.core.reports.ReportService - Processing test outcome Categories:Add Categories - Add Categories with name input integer

20:32:37.824 [pool-2-thread-10] INFO net.thucydides.core.reports.ReportService - net.thucydides.core.reports.json.JSONTestOutcomeReporter@423fec77: Generating report for test outcome: Categories:Add Categories - Add Categories with name input integer

20:32:37.824 [pool-2-thread-5] DEBUG net.thucydides.core.reports.json.JSONTestOutcomeReporter - Generating JSON report for Add Categories - Add Categories with name empty to file /Users/jasmine/Documents/alterra-mini-project/target/site/serenity/824283c2338b7e9b30d03844644be20b15f62b51471ab9219d1b3b5c8a9d59d7.json (using temp file /Users/jasmine/Documents/alterra-mini-project/target/site/serenity/824283c2338b7e9b30d03844644be20b15f62b51471ab9219d1b3b5c8a9d59d7.json55111f70-556a-46d3-b27f-2b5e1e155601)

20:32:37.824 [pool-2-thread-10] DEBUG net.thucydides.core.reports.json.JSONTestOutcomeReporter - Generating JSON report for Add Categories - Add Categories with name input integer to file /Users/jasmine/Documents/alterra-mini-project/target/site/serenity/5fe469d8b2289af2c9c202e27486a4f20410fa79451554b14ae70bd31f48c436.json (using temp file /Users/jasmine/Documents/alterra-mini-project/target/site/serenity/5fe469d8b2289af2c9c202e27486a4f20410fa79451554b14ae70bd31f48c436.jsonb5c61eb7-b33b-4414-9685-72e735fb4890)

20:32:37.824 [pool-2-thread-7] DEBUG net.thucydides.core.reports.ReportService - Processing test outcome Auth:Register - Register Success with data valid done

20:32:37.824 [pool-2-thread-7] DEBUG net.thucydides.core.reports.ReportService - Processing test outcome Categories:Get Categories - Get Categories with url valid

20:32:37.824 [pool-2-thread-7] INFO net.thucydides.core.reports.ReportService - net.thucydides.core.reports.json.JSONTestOutcomeReporter@423fec77: Generating report for test outcome: Categories:Get Categories - Get Categories with url valid

20:32:37.825 [pool-2-thread-7] DEBUG net.thucydides.core.reports.json.JSONTestOutcomeReporter - Generating JSON report for Get Categories - Get Categories with url valid to file /Users/jasmine/Documents/alterra-mini-project/target/site/serenity/53ccf2da6283e1cea405f5011cc17b86c5014946187c7501d1f8dc3c9a5ea1cb.json (using temp file /Users/jasmine/Documents/alterra-mini-project/target/site/serenity/53ccf2da6283e1cea405f5011cc17b86c5014946187c7501d1f8dc3c9a5ea1cb.json2d92a907-aaf8-4eb1-9d44-f5e978210712)

20:32:37.825 [pool-2-thread-9] DEBUG net.thucydides.core.reports.ReportService - Processing test outcome Auth:Get Information - Get Information with token empty done

20:32:37.825 [pool-2-thread-9] DEBUG net.thucydides.core.reports.ReportService - Processing test outcome Categories:Get Categories - Get Categories with url invalid

20:32:37.825 [pool-2-thread-9] INFO net.thucydides.core.reports.ReportService - net.thucydides.core.reports.json.JSONTestOutcomeReporter@423fec77: Generating report for test outcome: Categories:Get Categories - Get Categories with url invalid

20:32:37.825 [pool-2-thread-11] DEBUG net.thucydides.core.reports.ReportService - Processing test outcome Auth:Get Information - Get Information with token valid done

20:32:37.825 [pool-2-thread-11] DEBUG net.thucydides.core.reports.ReportService - Processing test outcome Categories:Get Categories By id - Get Categories with id found

20:32:37.825 [pool-2-thread-11] INFO net.thucydides.core.reports.ReportService - net.thucydides.core.reports.json.JSONTestOutcomeReporter@423fec77: Generating report for test outcome: Categories:Get Categories By id - Get Categories with id found

20:32:37.825 [pool-2-thread-9] DEBUG net.thucydides.core.reports.json.JSONTestOutcomeReporter - Generating JSON report for Get Categories - Get Categories with url invalid to file /Users/jasmine/Documents/alterra-mini-project/target/site/serenity/408646b1f468e1e40729c8691916dc7d8511d4f37367bdcd99a68547b9a9a92b.json (using temp file /Users/jasmine/Documents/alterra-mini-project/target/site/serenity/408646b1f468e1e40729c8691916dc7d8511d4f37367bdcd99a68547b9a9a92b.jsond151ef44-b202-472b-a7c9-683ba81bea97)

20:32:37.825 [pool-2-thread-3] DEBUG net.thucydides.core.reports.ReportService - Processing test outcome Auth:Login - Login failed not registered done

20:32:37.825 [pool-2-thread-3] DEBUG net.thucydides.core.reports.ReportService - Processing test outcome Categories:Get Categories By id - Get Categories with id not found

20:32:37.825 [pool-2-thread-3] INFO net.thucydides.core.reports.ReportService - net.thucydides.core.reports.json.JSONTestOutcomeReporter@423fec77: Generating report for test outcome: Categories:Get Categories By id - Get Categories with id not found

20:32:37.825 [pool-2-thread-11] DEBUG net.thucydides.core.reports.json.JSONTestOutcomeReporter - Generating JSON report for Get Categories By id - Get Categories with id found to file /Users/jasmine/Documents/alterra-mini-project/target/site/serenity/310eb0eb88b17b5b570c028cf9923c6ed77d32dbd468aa522cd0ba8de78cbbd2.json (using temp file /Users/jasmine/Documents/alterra-mini-project/target/site/serenity/310eb0eb88b17b5b570c028cf9923c6ed77d32dbd468aa522cd0ba8de78cbbd2.jsonde36755c-e573-477d-b439-270af04386f9)

20:32:37.825 [pool-2-thread-1] DEBUG net.thucydides.core.reports.ReportService - Processing test outcome Auth:Login - Login success with data valid done

20:32:37.826 [pool-2-thread-1] DEBUG net.thucydides.core.reports.ReportService - Processing test outcome Categories:Get Categories By id - Get Categories with id input string

20:32:37.826 [pool-2-thread-1] INFO net.thucydides.core.reports.ReportService - net.thucydides.core.reports.json.JSONTestOutcomeReporter@423fec77: Generating report for test outcome: Categories:Get Categories By id - Get Categories with id input string

20:32:37.826 [pool-2-thread-3] DEBUG net.thucydides.core.reports.json.JSONTestOutcomeReporter - Generating JSON report for Get Categories By id - Get Categories with id not found to file /Users/jasmine/Documents/alterra-mini-project/target/site/serenity/f65cc2b0fb83c75b69094cf7253ce37c7b97699323e3befb6495f3ecf2257e76.json (using temp file /Users/jasmine/Documents/alterra-mini-project/target/site/serenity/f65cc2b0fb83c75b69094cf7253ce37c7b97699323e3befb6495f3ecf2257e76.jsone2084e1b-ba48-489a-b6ac-1f932cac24ed)

20:32:37.826 [pool-2-thread-1] DEBUG net.thucydides.core.reports.json.JSONTestOutcomeReporter - Generating JSON report for Get Categories By id - Get Categories with id input string to file /Users/jasmine/Documents/alterra-mini-project/target/site/serenity/a12b2e708575cbf1ab5dd704c839bb262231df828ff420a4538ecf752c42c162.json (using temp file /Users/jasmine/Documents/alterra-mini-project/target/site/serenity/a12b2e708575cbf1ab5dd704c839bb262231df828ff420a4538ecf752c42c162.json8cf25e7d-9d43-4f59-aaba-7e968a94e2cb)

20:32:37.826 [pool-2-thread-2] DEBUG net.thucydides.core.reports.ReportService - Processing test outcome Auth:Login - Login failed username valid but password invalid done

20:32:37.826 [pool-2-thread-8] DEBUG net.thucydides.core.reports.ReportService - Processing test outcome Auth:Register - Register failed with all data empty done

20:32:37.826 [pool-2-thread-8] DEBUG net.thucydides.core.reports.ReportService - Processing test outcome End To End:End to end

20:32:37.826 [pool-2-thread-8] INFO net.thucydides.core.reports.ReportService - net.thucydides.core.reports.json.JSONTestOutcomeReporter@423fec77: Generating report for test outcome: End To End:End to end

20:32:37.826 [pool-2-thread-2] DEBUG net.thucydides.core.reports.ReportService - Processing test outcome Order:Add Order - Add Orders with data valid and token valid

20:32:37.826 [pool-2-thread-2] INFO net.thucydides.core.reports.ReportService - net.thucydides.core.reports.json.JSONTestOutcomeReporter@423fec77: Generating report for test outcome: Order:Add Order - Add Orders with data valid and token valid

20:32:37.826 [pool-2-thread-4] DEBUG net.thucydides.core.reports.ReportService - Processing test outcome Categories:Add Categories - Add Categories with data valid done

20:32:37.826 [pool-2-thread-4] DEBUG net.thucydides.core.reports.ReportService - Processing test outcome Order:Add Order - Add Orders with data valid and token empty

20:32:37.827 [pool-2-thread-4] INFO net.thucydides.core.reports.ReportService - net.thucydides.core.reports.json.JSONTestOutcomeReporter@423fec77: Generating report for test outcome: Order:Add Order - Add Orders with data valid and token empty

20:32:37.827 [pool-2-thread-2] DEBUG net.thucydides.core.reports.json.JSONTestOutcomeReporter - Generating JSON report for Add Order - Add Orders with data valid and token valid to file /Users/jasmine/Documents/alterra-mini-project/target/site/serenity/81f21b6c0002b958af07021882e4804572e3217e0c1969379eab9864b4cbe537.json (using temp file /Users/jasmine/Documents/alterra-mini-project/target/site/serenity/81f21b6c0002b958af07021882e4804572e3217e0c1969379eab9864b4cbe537.jsondcb632c5-e28a-40da-b111-fa5b9a2da175)

20:32:37.827 [pool-2-thread-12] DEBUG net.thucydides.core.reports.ReportService - Processing test outcome Auth:Register - Register already exist done

20:32:37.827 [pool-2-thread-4] DEBUG net.thucydides.core.reports.json.JSONTestOutcomeReporter - Generating JSON report for Add Order - Add Orders with data valid and token empty to file /Users/jasmine/Documents/alterra-mini-project/target/site/serenity/949d1a7145df2e42cb32df5b2b126d0a35b7efbd3fd1313f2b50586ec81d26ab.json (using temp file /Users/jasmine/Documents/alterra-mini-project/target/site/serenity/949d1a7145df2e42cb32df5b2b126d0a35b7efbd3fd1313f2b50586ec81d26ab.json5a390628-43c1-4552-bb06-adfdcb0e7d99)

20:32:37.827 [pool-2-thread-8] DEBUG net.thucydides.core.reports.json.JSONTestOutcomeReporter - Generating JSON report for End to end to file /Users/jasmine/Documents/alterra-mini-project/target/site/serenity/bbcfe369eeabadad6a551d6fb942b65646147029a73ec0bbf38a376756f15991.json (using temp file /Users/jasmine/Documents/alterra-mini-project/target/site/serenity/bbcfe369eeabadad6a551d6fb942b65646147029a73ec0bbf38a376756f15991.json6c265aa6-66bc-480a-a126-9c435ca5f9e4)

20:32:37.827 [pool-2-thread-12] DEBUG net.thucydides.core.reports.ReportService - Processing test outcome Order:Add Order - Add Orders with product id input string

20:32:37.827 [pool-2-thread-12] INFO net.thucydides.core.reports.ReportService - net.thucydides.core.reports.json.JSONTestOutcomeReporter@423fec77: Generating report for test outcome: Order:Add Order - Add Orders with product id input string

20:32:37.827 [pool-2-thread-6] DEBUG net.thucydides.core.reports.ReportService - Processing test outcome Auth:Get Information - Get Information with token invalid done

20:32:37.827 [pool-2-thread-6] DEBUG net.thucydides.core.reports.ReportService - Processing test outcome Order:Add Order - Add Orders with product id input empty

20:32:37.827 [pool-2-thread-6] INFO net.thucydides.core.reports.ReportService - net.thucydides.core.reports.json.JSONTestOutcomeReporter@423fec77: Generating report for test outcome: Order:Add Order - Add Orders with product id input empty

20:32:37.827 [pool-2-thread-12] DEBUG net.thucydides.core.reports.json.JSONTestOutcomeReporter - Generating JSON report for Add Order - Add Orders with product id input string to file /Users/jasmine/Documents/alterra-mini-project/target/site/serenity/f96a708b1c8e4bec6a98db4cd549ec19e1c9678fbdebd31711570e57b6972c55.json (using temp file /Users/jasmine/Documents/alterra-mini-project/target/site/serenity/f96a708b1c8e4bec6a98db4cd549ec19e1c9678fbdebd31711570e57b6972c55.json1e696c11-660c-4620-bcf1-3cca03048635)

20:32:37.827 [pool-2-thread-10] DEBUG net.thucydides.core.reports.ReportService - Processing test outcome Categories:Add Categories - Add Categories with name input integer done

20:32:37.827 [pool-2-thread-10] DEBUG net.thucydides.core.reports.ReportService - Processing test outcome Order:Add Order - Add Orders with quantity input minus

20:32:37.827 [pool-2-thread-10] INFO net.thucydides.core.reports.ReportService - net.thucydides.core.reports.json.JSONTestOutcomeReporter@423fec77: Generating report for test outcome: Order:Add Order - Add Orders with quantity input minus

20:32:37.828 [pool-2-thread-6] DEBUG net.thucydides.core.reports.json.JSONTestOutcomeReporter - Generating JSON report for Add Order - Add Orders with product id input empty to file /Users/jasmine/Documents/alterra-mini-project/target/site/serenity/8df3ef37e73e7de536fa1acf16e9bf1075dee2750b00eecc927ac95eaf85f01c.json (using temp file /Users/jasmine/Documents/alterra-mini-project/target/site/serenity/8df3ef37e73e7de536fa1acf16e9bf1075dee2750b00eecc927ac95eaf85f01c.json2d88f58b-97df-419e-9161-0475663083e4)

20:32:37.828 [pool-2-thread-10] DEBUG net.thucydides.core.reports.json.JSONTestOutcomeReporter - Generating JSON report for Add Order - Add Orders with quantity input minus to file /Users/jasmine/Documents/alterra-mini-project/target/site/serenity/6f8696d9a76cde2360ab24312a3d81407d40e21974470ae8238d3078824c4cbe.json (using temp file /Users/jasmine/Documents/alterra-mini-project/target/site/serenity/6f8696d9a76cde2360ab24312a3d81407d40e21974470ae8238d3078824c4cbe.json5ee618f2-ffbf-42de-96da-49940f3c367a)

20:32:37.828 [pool-2-thread-5] DEBUG net.thucydides.core.reports.ReportService - Processing test outcome Categories:Add Categories - Add Categories with name empty done

20:32:37.828 [pool-2-thread-5] DEBUG net.thucydides.core.reports.ReportService - Processing test outcome Order:Add Order - Add Orders with quantity input empty

20:32:37.828 [pool-2-thread-5] INFO net.thucydides.core.reports.ReportService - net.thucydides.core.reports.json.JSONTestOutcomeReporter@423fec77: Generating report for test outcome: Order:Add Order - Add Orders with quantity input empty

20:32:37.829 [pool-2-thread-9] DEBUG net.thucydides.core.reports.ReportService - Processing test outcome Categories:Get Categories - Get Categories with url invalid done

20:32:37.829 [pool-2-thread-9] DEBUG net.thucydides.core.reports.ReportService - Processing test outcome Order:Get Order - Get Orders with token valid

20:32:37.829 [pool-2-thread-9] INFO net.thucydides.core.reports.ReportService - net.thucydides.core.reports.json.JSONTestOutcomeReporter@423fec77: Generating report for test outcome: Order:Get Order - Get Orders with token valid

20:32:37.829 [pool-2-thread-9] DEBUG net.thucydides.core.reports.json.JSONTestOutcomeReporter - Generating JSON report for Get Order - Get Orders with token valid to file /Users/jasmine/Documents/alterra-mini-project/target/site/serenity/96c422149f707626a69b2bfd9eceb51e32b86dbef0c52bd2244345db5fd2d5bd.json (using temp file /Users/jasmine/Documents/alterra-mini-project/target/site/serenity/96c422149f707626a69b2bfd9eceb51e32b86dbef0c52bd2244345db5fd2d5bd.json9d44af0c-d89c-46f6-85c8-18ae8b9fc058)

20:32:37.830 [pool-2-thread-5] DEBUG net.thucydides.core.reports.json.JSONTestOutcomeReporter - Generating JSON report for Add Order - Add Orders with quantity input empty to file /Users/jasmine/Documents/alterra-mini-project/target/site/serenity/49f4f418f92de0ee5296ef2336a6ce6dd6fbd3004dfee03bbc998ca5b01f3d50.json (using temp file /Users/jasmine/Documents/alterra-mini-project/target/site/serenity/49f4f418f92de0ee5296ef2336a6ce6dd6fbd3004dfee03bbc998ca5b01f3d50.json16add6c1-2035-4483-8f87-1cb4d6ca4638)

20:32:37.831 [pool-2-thread-1] DEBUG net.thucydides.core.reports.ReportService - Processing test outcome Categories:Get Categories By id - Get Categories with id input string done

20:32:37.831 [pool-2-thread-1] DEBUG net.thucydides.core.reports.ReportService - Processing test outcome Order:Get Orders - Get Orders with token invalid

20:32:37.831 [pool-2-thread-1] INFO net.thucydides.core.reports.ReportService - net.thucydides.core.reports.json.JSONTestOutcomeReporter@423fec77: Generating report for test outcome: Order:Get Orders - Get Orders with token invalid

20:32:37.832 [pool-2-thread-1] DEBUG net.thucydides.core.reports.json.JSONTestOutcomeReporter - Generating JSON report for Get Orders - Get Orders with token invalid to file /Users/jasmine/Documents/alterra-mini-project/target/site/serenity/ffc83c1885887a3e911b80194c40208acbabdcd299e43e2736885ecad0ec6b54.json (using temp file /Users/jasmine/Documents/alterra-mini-project/target/site/serenity/ffc83c1885887a3e911b80194c40208acbabdcd299e43e2736885ecad0ec6b54.json405812c4-f679-4415-9227-1f432322b335)

20:32:37.835 [pool-2-thread-3] DEBUG net.thucydides.core.reports.ReportService - Processing test outcome Categories:Get Categories By id - Get Categories with id not found done

20:32:37.835 [pool-2-thread-3] DEBUG net.thucydides.core.reports.ReportService - Processing test outcome Order:Get Orders By Id - Get Orders By Id with id found

20:32:37.835 [pool-2-thread-3] INFO net.thucydides.core.reports.ReportService - net.thucydides.core.reports.json.JSONTestOutcomeReporter@423fec77: Generating report for test outcome: Order:Get Orders By Id - Get Orders By Id with id found

20:32:37.835 [pool-2-thread-4] DEBUG net.thucydides.core.reports.ReportService - Processing test outcome Order:Add Order - Add Orders with data valid and token empty done

20:32:37.835 [pool-2-thread-4] DEBUG net.thucydides.core.reports.ReportService - Processing test outcome Order:Get Orders by Id - Get Orders by Id with token empty

20:32:37.835 [pool-2-thread-4] INFO net.thucydides.core.reports.ReportService - net.thucydides.core.reports.json.JSONTestOutcomeReporter@423fec77: Generating report for test outcome: Order:Get Orders by Id - Get Orders by Id with token empty

20:32:37.835 [pool-2-thread-3] DEBUG net.thucydides.core.reports.json.JSONTestOutcomeReporter - Generating JSON report for Get Orders By Id - Get Orders By Id with id found to file /Users/jasmine/Documents/alterra-mini-project/target/site/serenity/b533a82f6fc5d2ba3f6a529897d343981e72ed29c6ef3877401fe5b695f447c7.json (using temp file /Users/jasmine/Documents/alterra-mini-project/target/site/serenity/b533a82f6fc5d2ba3f6a529897d343981e72ed29c6ef3877401fe5b695f447c7.jsonef0babff-6e3b-4846-83df-2ba582321129)

20:32:37.835 [pool-2-thread-4] DEBUG net.thucydides.core.reports.json.JSONTestOutcomeReporter - Generating JSON report for Get Orders by Id - Get Orders by Id with token empty to file /Users/jasmine/Documents/alterra-mini-project/target/site/serenity/da49731386a8e7add7c71f321e25e16d279ef2a2c2190ba74166e92e929f0f92.json (using temp file /Users/jasmine/Documents/alterra-mini-project/target/site/serenity/da49731386a8e7add7c71f321e25e16d279ef2a2c2190ba74166e92e929f0f92.jsone6eff8e2-479e-46f4-9576-5f68c73c1ebe)

20:32:37.839 [pool-2-thread-1] DEBUG net.thucydides.core.reports.ReportService - Processing test outcome Order:Get Orders - Get Orders with token invalid done

20:32:37.840 [pool-2-thread-1] DEBUG net.thucydides.core.reports.ReportService - Processing test outcome Order:Get Orders by Id - Get Orders by Id with id not found

20:32:37.840 [pool-2-thread-10] DEBUG net.thucydides.core.reports.ReportService - Processing test outcome Order:Add Order - Add Orders with quantity input minus done

20:32:37.840 [pool-2-thread-2] DEBUG net.thucydides.core.reports.ReportService - Processing test outcome Order:Add Order - Add Orders with data valid and token valid done

20:32:37.840 [pool-2-thread-1] INFO net.thucydides.core.reports.ReportService - net.thucydides.core.reports.json.JSONTestOutcomeReporter@423fec77: Generating report for test outcome: Order:Get Orders by Id - Get Orders by Id with id not found

20:32:37.840 [pool-2-thread-6] DEBUG net.thucydides.core.reports.ReportService - Processing test outcome Order:Add Order - Add Orders with product id input empty done

20:32:37.840 [pool-2-thread-10] DEBUG net.thucydides.core.reports.ReportService - Processing test outcome Product:Get Products - Get Products with url valid

20:32:37.840 [pool-2-thread-2] DEBUG net.thucydides.core.reports.ReportService - Processing test outcome Product:Get Products - Get Products with url invalid

20:32:37.840 [pool-2-thread-10] INFO net.thucydides.core.reports.ReportService - net.thucydides.core.reports.json.JSONTestOutcomeReporter@423fec77: Generating report for test outcome: Product:Get Products - Get Products with url valid

20:32:37.840 [pool-2-thread-2] INFO net.thucydides.core.reports.ReportService - net.thucydides.core.reports.json.JSONTestOutcomeReporter@423fec77: Generating report for test outcome: Product:Get Products - Get Products with url invalid

20:32:37.840 [pool-2-thread-10] DEBUG net.thucydides.core.reports.json.JSONTestOutcomeReporter - Generating JSON report for Get Products - Get Products with url valid to file /Users/jasmine/Documents/alterra-mini-project/target/site/serenity/da3400f0f696a7fa1fc3af3c0e253fbec21925d38ec3c2e215b3262b410a5337.json (using temp file /Users/jasmine/Documents/alterra-mini-project/target/site/serenity/da3400f0f696a7fa1fc3af3c0e253fbec21925d38ec3c2e215b3262b410a5337.json37570adf-0e3a-4dce-8e3c-d5ea6b225dae)

20:32:37.840 [pool-2-thread-2] DEBUG net.thucydides.core.reports.json.JSONTestOutcomeReporter - Generating JSON report for Get Products - Get Products with url invalid to file /Users/jasmine/Documents/alterra-mini-project/target/site/serenity/97a0c73d90ca5d6ebc652c1f8726b6136af18e1b1fe398fda1ba5ea334ba3a77.json (using temp file /Users/jasmine/Documents/alterra-mini-project/target/site/serenity/97a0c73d90ca5d6ebc652c1f8726b6136af18e1b1fe398fda1ba5ea334ba3a77.json1ab04a85-a388-4544-bace-b84e874aff36)

20:32:37.840 [pool-2-thread-1] DEBUG net.thucydides.core.reports.json.JSONTestOutcomeReporter - Generating JSON report for Get Orders by Id - Get Orders by Id with id not found to file /Users/jasmine/Documents/alterra-mini-project/target/site/serenity/33a9d93537817d242baa21b76dfc4c9e4108a08b7e2a7b77817a8c3597f99c39.json (using temp file /Users/jasmine/Documents/alterra-mini-project/target/site/serenity/33a9d93537817d242baa21b76dfc4c9e4108a08b7e2a7b77817a8c3597f99c39.json2608510b-dbe1-487d-bf9b-6f36699d4a0c)

20:32:37.841 [pool-2-thread-6] DEBUG net.thucydides.core.reports.ReportService - Processing test outcome Product:Add Products - Add Products with data valid

20:32:37.841 [pool-2-thread-6] INFO net.thucydides.core.reports.ReportService - net.thucydides.core.reports.json.JSONTestOutcomeReporter@423fec77: Generating report for test outcome: Product:Add Products - Add Products with data valid

20:32:37.841 [pool-2-thread-6] DEBUG net.thucydides.core.reports.json.JSONTestOutcomeReporter - Generating JSON report for Add Products - Add Products with data valid to file /Users/jasmine/Documents/alterra-mini-project/target/site/serenity/90d573f0a45cd2c5f54adaf43ec399e2f142e1d50b020d590f161e0887edb116.json (using temp file /Users/jasmine/Documents/alterra-mini-project/target/site/serenity/90d573f0a45cd2c5f54adaf43ec399e2f142e1d50b020d590f161e0887edb116.json848bd6b7-90a3-4e1e-8cf4-4b1a18c58597)

20:32:37.841 [pool-2-thread-12] DEBUG net.thucydides.core.reports.ReportService - Processing test outcome Order:Add Order - Add Orders with product id input string done

20:32:37.841 [pool-2-thread-12] DEBUG net.thucydides.core.reports.ReportService - Processing test outcome Product:Add Products - Add Products name empty

20:32:37.841 [pool-2-thread-12] INFO net.thucydides.core.reports.ReportService - net.thucydides.core.reports.json.JSONTestOutcomeReporter@423fec77: Generating report for test outcome: Product:Add Products - Add Products name empty

20:32:37.841 [pool-2-thread-12] DEBUG net.thucydides.core.reports.json.JSONTestOutcomeReporter - Generating JSON report for Add Products - Add Products name empty to file /Users/jasmine/Documents/alterra-mini-project/target/site/serenity/7f5b533c56d4a03628615220b2e8a56997ae2fd394628d48b5699488f190e753.json (using temp file /Users/jasmine/Documents/alterra-mini-project/target/site/serenity/7f5b533c56d4a03628615220b2e8a56997ae2fd394628d48b5699488f190e753.json5dcc758c-7a20-4299-9314-eea34b9d01ef)

20:32:37.842 [pool-2-thread-9] DEBUG net.thucydides.core.reports.ReportService - Processing test outcome Order:Get Order - Get Orders with token valid done

20:32:37.842 [pool-2-thread-9] DEBUG net.thucydides.core.reports.ReportService - Processing test outcome Product:Add Products - Add Products format name integer

20:32:37.842 [pool-2-thread-9] INFO net.thucydides.core.reports.ReportService - net.thucydides.core.reports.json.JSONTestOutcomeReporter@423fec77: Generating report for test outcome: Product:Add Products - Add Products format name integer

20:32:37.843 [pool-2-thread-5] DEBUG net.thucydides.core.reports.ReportService - Processing test outcome Order:Add Order - Add Orders with quantity input empty done

20:32:37.843 [pool-2-thread-9] DEBUG net.thucydides.core.reports.json.JSONTestOutcomeReporter - Generating JSON report for Add Products - Add Products format name integer to file /Users/jasmine/Documents/alterra-mini-project/target/site/serenity/315a9b447831a2af3844a0acb9afda73f95d7ac50a4ad30e9bdbec923e1bf02b.json (using temp file /Users/jasmine/Documents/alterra-mini-project/target/site/serenity/315a9b447831a2af3844a0acb9afda73f95d7ac50a4ad30e9bdbec923e1bf02b.json46ae7817-e3fe-4587-b784-5e1f53e6653f)

20:32:37.843 [pool-2-thread-5] DEBUG net.thucydides.core.reports.ReportService - Processing test outcome Product:Add Products - Add Products price empty

20:32:37.844 [pool-2-thread-2] DEBUG net.thucydides.core.reports.ReportService - Processing test outcome Product:Get Products - Get Products with url invalid done

20:32:37.844 [pool-2-thread-5] INFO net.thucydides.core.reports.ReportService - net.thucydides.core.reports.json.JSONTestOutcomeReporter@423fec77: Generating report for test outcome: Product:Add Products - Add Products price empty

20:32:37.844 [pool-2-thread-2] DEBUG net.thucydides.core.reports.ReportService - Processing test outcome Product:Add Products - Add Products price input negative

20:32:37.844 [pool-2-thread-2] INFO net.thucydides.core.reports.ReportService - net.thucydides.core.reports.json.JSONTestOutcomeReporter@423fec77: Generating report for test outcome: Product:Add Products - Add Products price input negative

20:32:37.844 [pool-2-thread-5] DEBUG net.thucydides.core.reports.json.JSONTestOutcomeReporter - Generating JSON report for Add Products - Add Products price empty to file /Users/jasmine/Documents/alterra-mini-project/target/site/serenity/24c7547f2f2613fcf5c4ff8ae2482d71f8ce659847d52978c228e9e93c857472.json (using temp file /Users/jasmine/Documents/alterra-mini-project/target/site/serenity/24c7547f2f2613fcf5c4ff8ae2482d71f8ce659847d52978c228e9e93c857472.json5fdca9e5-4de7-4798-a738-c22c9d53f28c)

20:32:37.845 [pool-2-thread-2] DEBUG net.thucydides.core.reports.json.JSONTestOutcomeReporter - Generating JSON report for Add Products - Add Products price input negative to file /Users/jasmine/Documents/alterra-mini-project/target/site/serenity/70f870683c96b4da4ffa13c5dc082cff78cdb1f984506e75fe2d260cdfcf945e.json (using temp file /Users/jasmine/Documents/alterra-mini-project/target/site/serenity/70f870683c96b4da4ffa13c5dc082cff78cdb1f984506e75fe2d260cdfcf945e.json8a85be44-cdaf-4f7d-9efb-c1536e4a3154)

20:32:37.847 [pool-2-thread-9] DEBUG net.thucydides.core.reports.ReportService - Processing test outcome Product:Add Products - Add Products format name integer done

20:32:37.847 [pool-2-thread-9] DEBUG net.thucydides.core.reports.ReportService - Processing test outcome Product:Add Products - Add Products price categories empty

20:32:37.847 [pool-2-thread-9] INFO net.thucydides.core.reports.ReportService - net.thucydides.core.reports.json.JSONTestOutcomeReporter@423fec77: Generating report for test outcome: Product:Add Products - Add Products price categories empty

20:32:37.847 [pool-2-thread-1] DEBUG net.thucydides.core.reports.ReportService - Processing test outcome Order:Get Orders by Id - Get Orders by Id with id not found done

20:32:37.847 [pool-2-thread-1] DEBUG net.thucydides.core.reports.ReportService - Processing test outcome Product:Add Products - Add Products price categories input string

20:32:37.847 [pool-2-thread-1] INFO net.thucydides.core.reports.ReportService - net.thucydides.core.reports.json.JSONTestOutcomeReporter@423fec77: Generating report for test outcome: Product:Add Products - Add Products price categories input string

20:32:37.847 [pool-2-thread-9] DEBUG net.thucydides.core.reports.json.JSONTestOutcomeReporter - Generating JSON report for Add Products - Add Products price categories empty to file /Users/jasmine/Documents/alterra-mini-project/target/site/serenity/01bfcaf7fc10443de08dfdfb7616ccb5023e7874f872d1df6616ec5272319a11.json (using temp file /Users/jasmine/Documents/alterra-mini-project/target/site/serenity/01bfcaf7fc10443de08dfdfb7616ccb5023e7874f872d1df6616ec5272319a11.json9882ffaa-46c7-45ab-89a3-07d0f172b6c0)

20:32:37.847 [pool-2-thread-1] DEBUG net.thucydides.core.reports.json.JSONTestOutcomeReporter - Generating JSON report for Add Products - Add Products price categories input string to file /Users/jasmine/Documents/alterra-mini-project/target/site/serenity/7d90d374db68f41ededbe7c58cdc4fb0d8eaf284a12836342c4dc602c3e4d057.json (using temp file /Users/jasmine/Documents/alterra-mini-project/target/site/serenity/7d90d374db68f41ededbe7c58cdc4fb0d8eaf284a12836342c4dc602c3e4d057.json8c7c25c8-3384-4956-8ff9-f14fd747a052)

20:32:37.848 [pool-2-thread-4] DEBUG net.thucydides.core.reports.ReportService - Processing test outcome Order:Get Orders by Id - Get Orders by Id with token empty done

20:32:37.848 [pool-2-thread-4] DEBUG net.thucydides.core.reports.ReportService - Processing test outcome Product:Get Products By Id - Get Products By Id with id found

20:32:37.848 [pool-2-thread-4] INFO net.thucydides.core.reports.ReportService - net.thucydides.core.reports.json.JSONTestOutcomeReporter@423fec77: Generating report for test outcome: Product:Get Products By Id - Get Products By Id with id found

20:32:37.848 [pool-2-thread-6] DEBUG net.thucydides.core.reports.ReportService - Processing test outcome Product:Add Products - Add Products with data valid done

20:32:37.848 [pool-2-thread-6] DEBUG net.thucydides.core.reports.ReportService - Processing test outcome Product:Get Products By Id - Get Products By Id with id not found

20:32:37.848 [pool-2-thread-6] INFO net.thucydides.core.reports.ReportService - net.thucydides.core.reports.json.JSONTestOutcomeReporter@423fec77: Generating report for test outcome: Product:Get Products By Id - Get Products By Id with id not found

20:32:37.848 [pool-2-thread-4] DEBUG net.thucydides.core.reports.json.JSONTestOutcomeReporter - Generating JSON report for Get Products By Id - Get Products By Id with id found to file /Users/jasmine/Documents/alterra-mini-project/target/site/serenity/dbe12e761966bcc292fcab0fddc6a1e7125473edf928999a8a0ab6db1651fbe9.json (using temp file /Users/jasmine/Documents/alterra-mini-project/target/site/serenity/dbe12e761966bcc292fcab0fddc6a1e7125473edf928999a8a0ab6db1651fbe9.jsonb7c45048-6ab7-4c9d-83f0-510854a0f5c8)

20:32:37.848 [pool-2-thread-6] DEBUG net.thucydides.core.reports.json.JSONTestOutcomeReporter - Generating JSON report for Get Products By Id - Get Products By Id with id not found to file /Users/jasmine/Documents/alterra-mini-project/target/site/serenity/a32b7015e56d678682307812777c5f9ddbc9acf10e398c2fb4ad17496999276e.json (using temp file /Users/jasmine/Documents/alterra-mini-project/target/site/serenity/a32b7015e56d678682307812777c5f9ddbc9acf10e398c2fb4ad17496999276e.jsonbc863838-11ec-46d4-9367-47d5f7e59301)

20:32:37.849 [pool-2-thread-2] DEBUG net.thucydides.core.reports.ReportService - Processing test outcome Product:Add Products - Add Products price input negative done

20:32:37.849 [pool-2-thread-2] DEBUG net.thucydides.core.reports.ReportService - Processing test outcome Product:Delete Products By Id - Delete Products By Id with id found

20:32:37.849 [pool-2-thread-2] INFO net.thucydides.core.reports.ReportService - net.thucydides.core.reports.json.JSONTestOutcomeReporter@423fec77: Generating report for test outcome: Product:Delete Products By Id - Delete Products By Id with id found

20:32:37.849 [pool-2-thread-2] DEBUG net.thucydides.core.reports.json.JSONTestOutcomeReporter - Generating JSON report for Delete Products By Id - Delete Products By Id with id found to file /Users/jasmine/Documents/alterra-mini-project/target/site/serenity/9737de7ce115be4046297091c34c7249279014d141a0e35e9cb69e55ba95aca4.json (using temp file /Users/jasmine/Documents/alterra-mini-project/target/site/serenity/9737de7ce115be4046297091c34c7249279014d141a0e35e9cb69e55ba95aca4.json3ccb0b73-bb87-4e78-ada0-4a95bc9e494f)

20:32:37.850 [pool-2-thread-5] DEBUG net.thucydides.core.reports.ReportService - Processing test outcome Product:Add Products - Add Products price empty done

20:32:37.850 [pool-2-thread-5] DEBUG net.thucydides.core.reports.ReportService - Processing test outcome Product:Delete Products By Id - Delete Products By Id with id limit maximum

20:32:37.850 [pool-2-thread-5] INFO net.thucydides.core.reports.ReportService - net.thucydides.core.reports.json.JSONTestOutcomeReporter@423fec77: Generating report for test outcome: Product:Delete Products By Id - Delete Products By Id with id limit maximum

20:32:37.850 [pool-2-thread-5] DEBUG net.thucydides.core.reports.json.JSONTestOutcomeReporter - Generating JSON report for Delete Products By Id - Delete Products By Id with id limit maximum to file /Users/jasmine/Documents/alterra-mini-project/target/site/serenity/c0867617868d38938b3d8e906d64a7e9851e06e364d8919277ebb490ebb6deb4.json (using temp file /Users/jasmine/Documents/alterra-mini-project/target/site/serenity/c0867617868d38938b3d8e906d64a7e9851e06e364d8919277ebb490ebb6deb4.jsonba894dd7-c364-4f06-846b-86608434ebd5)

20:32:37.851 [pool-2-thread-12] DEBUG net.thucydides.core.reports.ReportService - Processing test outcome Product:Add Products - Add Products name empty done

20:32:37.851 [pool-2-thread-12] DEBUG net.thucydides.core.reports.ReportService - Processing test outcome Product:Add Ratings - Add Ratings with data valid

20:32:37.851 [pool-2-thread-12] INFO net.thucydides.core.reports.ReportService - net.thucydides.core.reports.json.JSONTestOutcomeReporter@423fec77: Generating report for test outcome: Product:Add Ratings - Add Ratings with data valid

20:32:37.851 [pool-2-thread-12] DEBUG net.thucydides.core.reports.json.JSONTestOutcomeReporter - Generating JSON report for Add Ratings - Add Ratings with data valid to file /Users/jasmine/Documents/alterra-mini-project/target/site/serenity/72e661f066d702cd65768d0c2e76017fb8bd5d6b9399ab53a241adfd1e3f8ec0.json (using temp file /Users/jasmine/Documents/alterra-mini-project/target/site/serenity/72e661f066d702cd65768d0c2e76017fb8bd5d6b9399ab53a241adfd1e3f8ec0.json9d62b828-ab42-4287-bda5-d51d601d7ef6)

20:32:37.851 [pool-2-thread-9] DEBUG net.thucydides.core.reports.ReportService - Processing test outcome Product:Add Products - Add Products price categories empty done

20:32:37.851 [pool-2-thread-9] DEBUG net.thucydides.core.reports.ReportService - Processing test outcome Product:Add Ratings - Add Ratings with data id not found

20:32:37.851 [pool-2-thread-9] INFO net.thucydides.core.reports.ReportService - net.thucydides.core.reports.json.JSONTestOutcomeReporter@423fec77: Generating report for test outcome: Product:Add Ratings - Add Ratings with data id not found

20:32:37.851 [pool-2-thread-9] DEBUG net.thucydides.core.reports.json.JSONTestOutcomeReporter - Generating JSON report for Add Ratings - Add Ratings with data id not found to file /Users/jasmine/Documents/alterra-mini-project/target/site/serenity/f2de5acc0fc7a139afb7d73706ce4492856ad3c3651bf8371cf180c11a637743.json (using temp file /Users/jasmine/Documents/alterra-mini-project/target/site/serenity/f2de5acc0fc7a139afb7d73706ce4492856ad3c3651bf8371cf180c11a637743.jsonab06084b-9308-448a-bafc-9858fda0bc96)

20:32:37.852 [pool-2-thread-3] DEBUG net.thucydides.core.reports.ReportService - Processing test outcome Order:Get Orders By Id - Get Orders By Id with id found done

20:32:37.852 [pool-2-thread-3] DEBUG net.thucydides.core.reports.ReportService - Processing test outcome Product:Add Ratings - Add Ratings with token empty

20:32:37.852 [pool-2-thread-3] INFO net.thucydides.core.reports.ReportService - net.thucydides.core.reports.json.JSONTestOutcomeReporter@423fec77: Generating report for test outcome: Product:Add Ratings - Add Ratings with token empty

20:32:37.852 [pool-2-thread-3] DEBUG net.thucydides.core.reports.json.JSONTestOutcomeReporter - Generating JSON report for Add Ratings - Add Ratings with token empty to file /Users/jasmine/Documents/alterra-mini-project/target/site/serenity/b78700db3462e9b71aec5989c63b5e0bbfcfc473bcf2615a703a6fb0d6998c9d.json (using temp file /Users/jasmine/Documents/alterra-mini-project/target/site/serenity/b78700db3462e9b71aec5989c63b5e0bbfcfc473bcf2615a703a6fb0d6998c9d.jsonacfeb033-31fb-4008-a693-ea046dab5e6c)

20:32:37.855 [pool-2-thread-1] DEBUG net.thucydides.core.reports.ReportService - Processing test outcome Product:Add Products - Add Products price categories input string done

20:32:37.855 [pool-2-thread-6] DEBUG net.thucydides.core.reports.ReportService - Processing test outcome Product:Get Products By Id - Get Products By Id with id not found done

20:32:37.855 [pool-2-thread-6] DEBUG net.thucydides.core.reports.ReportService - Processing test outcome Product:Get Ratings By Id - Get Ratings By Id with id not found

20:32:37.855 [pool-2-thread-1] DEBUG net.thucydides.core.reports.ReportService - Processing test outcome Product:Get Ratings By Id - Get Ratings By Id with id found

20:32:37.855 [pool-2-thread-1] INFO net.thucydides.core.reports.ReportService - net.thucydides.core.reports.json.JSONTestOutcomeReporter@423fec77: Generating report for test outcome: Product:Get Ratings By Id - Get Ratings By Id with id found

20:32:37.855 [pool-2-thread-1] DEBUG net.thucydides.core.reports.json.JSONTestOutcomeReporter - Generating JSON report for Get Ratings By Id - Get Ratings By Id with id found to file /Users/jasmine/Documents/alterra-mini-project/target/site/serenity/946aa685c89cc1bf0ffd2eadc1be9e15f7b8e0413ac7741061bcc8e90cdc5d9b.json (using temp file /Users/jasmine/Documents/alterra-mini-project/target/site/serenity/946aa685c89cc1bf0ffd2eadc1be9e15f7b8e0413ac7741061bcc8e90cdc5d9b.jsone07ede94-dfdc-40c2-a4d3-4a9dc7bcd9c0)

20:32:37.856 [pool-2-thread-9] DEBUG net.thucydides.core.reports.ReportService - Processing test outcome Product:Add Ratings - Add Ratings with data id not found done

20:32:37.856 [pool-2-thread-9] DEBUG net.thucydides.core.reports.ReportService - Processing test outcome Product:Get Ratings By Id - Get Ratings By Id with id input string

20:32:37.856 [pool-2-thread-9] INFO net.thucydides.core.reports.ReportService - net.thucydides.core.reports.json.JSONTestOutcomeReporter@423fec77: Generating report for test outcome: Product:Get Ratings By Id - Get Ratings By Id with id input string

20:32:37.856 [pool-2-thread-9] DEBUG net.thucydides.core.reports.json.JSONTestOutcomeReporter - Generating JSON report for Get Ratings By Id - Get Ratings By Id with id input string to file /Users/jasmine/Documents/alterra-mini-project/target/site/serenity/de489adcad7908bdb2dda70546b0f85b04509c918432b2416fce112fb63fa265.json (using temp file /Users/jasmine/Documents/alterra-mini-project/target/site/serenity/de489adcad7908bdb2dda70546b0f85b04509c918432b2416fce112fb63fa265.json789f34d9-e262-4ab7-a26d-3d9a1e857f6c)

20:32:37.856 [pool-2-thread-12] DEBUG net.thucydides.core.reports.ReportService - Processing test outcome Product:Add Ratings - Add Ratings with data valid done

20:32:37.856 [pool-2-thread-12] DEBUG net.thucydides.core.reports.ReportService - Processing test outcome Product:Add Comments - Add Comments with data and token valid

20:32:37.856 [pool-2-thread-12] INFO net.thucydides.core.reports.ReportService - net.thucydides.core.reports.json.JSONTestOutcomeReporter@423fec77: Generating report for test outcome: Product:Add Comments - Add Comments with data and token valid

20:32:37.856 [pool-2-thread-12] DEBUG net.thucydides.core.reports.json.JSONTestOutcomeReporter - Generating JSON report for Add Comments - Add Comments with data and token valid to file /Users/jasmine/Documents/alterra-mini-project/target/site/serenity/f7082d3ba5121c086cbf996aa7f9eb2d624494024c9f36410614f040be57f54c.json (using temp file /Users/jasmine/Documents/alterra-mini-project/target/site/serenity/f7082d3ba5121c086cbf996aa7f9eb2d624494024c9f36410614f040be57f54c.jsonf26de32a-c455-4700-96a9-1de9cb7b659b)

20:32:37.857 [pool-2-thread-2] DEBUG net.thucydides.core.reports.ReportService - Processing test outcome Product:Delete Products By Id - Delete Products By Id with id found done

20:32:37.857 [pool-2-thread-2] DEBUG net.thucydides.core.reports.ReportService - Processing test outcome Product:Add Comments - Add Comments with token empty

20:32:37.857 [pool-2-thread-2] INFO net.thucydides.core.reports.ReportService - net.thucydides.core.reports.json.JSONTestOutcomeReporter@423fec77: Generating report for test outcome: Product:Add Comments - Add Comments with token empty

20:32:37.857 [pool-2-thread-5] DEBUG net.thucydides.core.reports.ReportService - Processing test outcome Product:Delete Products By Id - Delete Products By Id with id limit maximum done

20:32:37.857 [pool-2-thread-5] DEBUG net.thucydides.core.reports.ReportService - Processing test outcome Product:Add Comments - Add Comments with content empty

20:32:37.857 [pool-2-thread-5] INFO net.thucydides.core.reports.ReportService - net.thucydides.core.reports.json.JSONTestOutcomeReporter@423fec77: Generating report for test outcome: Product:Add Comments - Add Comments with content empty

20:32:37.857 [pool-2-thread-2] DEBUG net.thucydides.core.reports.json.JSONTestOutcomeReporter - Generating JSON report for Add Comments - Add Comments with token empty to file /Users/jasmine/Documents/alterra-mini-project/target/site/serenity/1d118ebbb16e31ab9ec8547ff9906d779f68a42932cc957a9a7001d88cf7bb1a.json (using temp file /Users/jasmine/Documents/alterra-mini-project/target/site/serenity/1d118ebbb16e31ab9ec8547ff9906d779f68a42932cc957a9a7001d88cf7bb1a.json985949b1-e244-474f-bd89-29d75ea5106f)

20:32:37.857 [pool-2-thread-5] DEBUG net.thucydides.core.reports.json.JSONTestOutcomeReporter - Generating JSON report for Add Comments - Add Comments with content empty to file /Users/jasmine/Documents/alterra-mini-project/target/site/serenity/abd6d2891f5052dde0eb04c75e379fb3e4757ca146854d3c658d47d9d56c6886.json (using temp file /Users/jasmine/Documents/alterra-mini-project/target/site/serenity/abd6d2891f5052dde0eb04c75e379fb3e4757ca146854d3c658d47d9d56c6886.jsond08bb2c6-64c2-4dd2-8299-df93b3bb385e)

20:32:37.858 [pool-2-thread-3] DEBUG net.thucydides.core.reports.ReportService - Processing test outcome Product:Add Ratings - Add Ratings with token empty done

20:32:37.858 [pool-2-thread-3] DEBUG net.thucydides.core.reports.ReportService - Processing test outcome Product:Add Comments - Add Comments with input string url

20:32:37.858 [pool-2-thread-3] INFO net.thucydides.core.reports.ReportService - net.thucydides.core.reports.json.JSONTestOutcomeReporter@423fec77: Generating report for test outcome: Product:Add Comments - Add Comments with input string url

20:32:37.855 [pool-2-thread-6] INFO net.thucydides.core.reports.ReportService - net.thucydides.core.reports.json.JSONTestOutcomeReporter@423fec77: Generating report for test outcome: Product:Get Ratings By Id - Get Ratings By Id with id not found

20:32:37.859 [pool-2-thread-3] DEBUG net.thucydides.core.reports.json.JSONTestOutcomeReporter - Generating JSON report for Add Comments - Add Comments with input string url to file /Users/jasmine/Documents/alterra-mini-project/target/site/serenity/7079fa5f793c4f69430550b9efcd584ca7ef27dbe190d0ed3c0d9b96c60d9eeb.json (using temp file /Users/jasmine/Documents/alterra-mini-project/target/site/serenity/7079fa5f793c4f69430550b9efcd584ca7ef27dbe190d0ed3c0d9b96c60d9eeb.json31cb2874-e601-4dfe-8729-649c73794360)

20:32:37.859 [pool-2-thread-6] DEBUG net.thucydides.core.reports.json.JSONTestOutcomeReporter - Generating JSON report for Get Ratings By Id - Get Ratings By Id with id not found to file /Users/jasmine/Documents/alterra-mini-project/target/site/serenity/f8e1de27ff8b7d6cb2a74d8318349bb2db71bd320a56a4ed179c781dd0e26a6a.json (using temp file /Users/jasmine/Documents/alterra-mini-project/target/site/serenity/f8e1de27ff8b7d6cb2a74d8318349bb2db71bd320a56a4ed179c781dd0e26a6a.json558d3c91-7608-4910-8838-3de74cc9371b)

20:32:37.861 [pool-2-thread-1] DEBUG net.thucydides.core.reports.ReportService - Processing test outcome Product:Get Ratings By Id - Get Ratings By Id with id found done

20:32:37.861 [pool-2-thread-1] DEBUG net.thucydides.core.reports.ReportService - Processing test outcome Product:Get Comments - Get Comments with url valid

20:32:37.861 [pool-2-thread-1] INFO net.thucydides.core.reports.ReportService - net.thucydides.core.reports.json.JSONTestOutcomeReporter@423fec77: Generating report for test outcome: Product:Get Comments - Get Comments with url valid

20:32:37.861 [pool-2-thread-1] DEBUG net.thucydides.core.reports.json.JSONTestOutcomeReporter - Generating JSON report for Get Comments - Get Comments with url valid to file /Users/jasmine/Documents/alterra-mini-project/target/site/serenity/4cfbd7aaef20b32f8e1b5eac7300518f0ef94b8a30156ce5ba65076e25199532.json (using temp file /Users/jasmine/Documents/alterra-mini-project/target/site/serenity/4cfbd7aaef20b32f8e1b5eac7300518f0ef94b8a30156ce5ba65076e25199532.json418408c9-dc55-489e-a13f-af4d3b49d255)

20:32:37.861 [pool-2-thread-9] DEBUG net.thucydides.core.reports.ReportService - Processing test outcome Product:Get Ratings By Id - Get Ratings By Id with id input string done

20:32:37.861 [pool-2-thread-9] DEBUG net.thucydides.core.reports.ReportService - Processing test outcome Product:Get Comments - Get Comments with url invalid

20:32:37.861 [pool-2-thread-9] INFO net.thucydides.core.reports.ReportService - net.thucydides.core.reports.json.JSONTestOutcomeReporter@423fec77: Generating report for test outcome: Product:Get Comments - Get Comments with url invalid

20:32:37.861 [pool-2-thread-9] DEBUG net.thucydides.core.reports.json.JSONTestOutcomeReporter - Generating JSON report for Get Comments - Get Comments with url invalid to file /Users/jasmine/Documents/alterra-mini-project/target/site/serenity/c7a000c30b7dc5b27c712dd25b8fec9371395baa94ad70232d780fc68cdf21ae.json (using temp file /Users/jasmine/Documents/alterra-mini-project/target/site/serenity/c7a000c30b7dc5b27c712dd25b8fec9371395baa94ad70232d780fc68cdf21ae.json35ba77ca-cc06-4df8-93be-5ecc201d538b)

20:32:37.862 [pool-2-thread-6] DEBUG net.thucydides.core.reports.ReportService - Processing test outcome Product:Get Ratings By Id - Get Ratings By Id with id not found done

20:32:37.862 [pool-2-thread-5] DEBUG net.thucydides.core.reports.ReportService - Processing test outcome Product:Add Comments - Add Comments with content empty done

20:32:37.863 [pool-2-thread-2] DEBUG net.thucydides.core.reports.ReportService - Processing test outcome Product:Add Comments - Add Comments with token empty done

20:32:37.863 [pool-2-thread-12] DEBUG net.thucydides.core.reports.ReportService - Processing test outcome Product:Add Comments - Add Comments with data and token valid done

20:32:37.865 [pool-2-thread-3] DEBUG net.thucydides.core.reports.ReportService - Processing test outcome Product:Add Comments - Add Comments with input string url done

20:32:37.866 [pool-2-thread-9] DEBUG net.thucydides.core.reports.ReportService - Processing test outcome Product:Get Comments - Get Comments with url invalid done

20:32:37.868 [pool-2-thread-1] DEBUG net.thucydides.core.reports.ReportService - Processing test outcome Product:Get Comments - Get Comments with url valid done

20:32:37.928 [pool-2-thread-11] DEBUG net.thucydides.core.reports.ReportService - Processing test outcome Categories:Get Categories By id - Get Categories with id found done

20:32:37.930 [pool-2-thread-7] DEBUG net.thucydides.core.reports.ReportService - Processing test outcome Categories:Get Categories - Get Categories with url valid done

20:32:38.017 [pool-2-thread-10] DEBUG net.thucydides.core.reports.ReportService - Processing test outcome Product:Get Products - Get Products with url valid done

20:32:38.018 [pool-2-thread-4] DEBUG net.thucydides.core.reports.ReportService - Processing test outcome Product:Get Products By Id - Get Products By Id with id found done

20:32:38.028 [pool-2-thread-8] DEBUG net.thucydides.core.reports.ReportService - Processing test outcome End To End:End to end done

20:32:38.028 [pool-2-thread-1] DEBUG net.thucydides.core.reports.ReportService - Shutting down executor service

20:32:38.029 [pool-2-thread-1] DEBUG net.thucydides.core.reports.ReportService - Reports generated in: 256 ms

20:32:38.029 [pool-2-thread-1] DEBUG net.thucydides.core.reports.ReportService - Generating reports for 60 test outcomes using: net.thucydides.core.reports.html.HtmlAcceptanceTestReporter@7f5c230a

20:32:38.029 [pool-3-thread-1] DEBUG net.thucydides.core.reports.ReportService - Processing test outcome Auth:Login - Login success with data valid

20:32:38.029 [pool-3-thread-1] INFO net.thucydides.core.reports.ReportService - net.thucydides.core.reports.html.HtmlAcceptanceTestReporter@7f5c230a: Generating report for test outcome: Auth:Login - Login success with data valid

20:32:38.029 [pool-3-thread-2] DEBUG net.thucydides.core.reports.ReportService - Processing test outcome Auth:Login - Login failed username valid but password invalid

20:32:38.029 [pool-3-thread-2] INFO net.thucydides.core.reports.ReportService - net.thucydides.core.reports.html.HtmlAcceptanceTestReporter@7f5c230a: Generating report for test outcome: Auth:Login - Login failed username valid but password invalid

20:32:38.029 [pool-3-thread-3] DEBUG net.thucydides.core.reports.ReportService - Processing test outcome Auth:Login - Login failed not registered

20:32:38.029 [pool-3-thread-3] INFO net.thucydides.core.reports.ReportService - net.thucydides.core.reports.html.HtmlAcceptanceTestReporter@7f5c230a: Generating report for test outcome: Auth:Login - Login failed not registered

20:32:38.029 [pool-3-thread-4] DEBUG net.thucydides.core.reports.ReportService - Processing test outcome Auth:Login - Login failed all empty

20:32:38.029 [pool-3-thread-4] INFO net.thucydides.core.reports.ReportService - net.thucydides.core.reports.html.HtmlAcceptanceTestReporter@7f5c230a: Generating report for test outcome: Auth:Login - Login failed all empty

20:32:38.029 [pool-3-thread-5] DEBUG net.thucydides.core.reports.ReportService - Processing test outcome Auth:Login - Login failed email empty

20:32:38.030 [pool-3-thread-5] INFO net.thucydides.core.reports.ReportService - net.thucydides.core.reports.html.HtmlAcceptanceTestReporter@7f5c230a: Generating report for test outcome: Auth:Login - Login failed email empty

20:32:38.030 [pool-3-thread-6] DEBUG net.thucydides.core.reports.ReportService - Processing test outcome Auth:Login - Login failed password empty

20:32:38.030 [pool-3-thread-6] INFO net.thucydides.core.reports.ReportService - net.thucydides.core.reports.html.HtmlAcceptanceTestReporter@7f5c230a: Generating report for test outcome: Auth:Login - Login failed password empty

20:32:38.030 [pool-3-thread-7] DEBUG net.thucydides.core.reports.ReportService - Processing test outcome Auth:Register - Register Success with data valid

20:32:38.030 [pool-3-thread-7] INFO net.thucydides.core.reports.ReportService - net.thucydides.core.reports.html.HtmlAcceptanceTestReporter@7f5c230a: Generating report for test outcome: Auth:Register - Register Success with data valid

20:32:38.030 [pool-3-thread-8] DEBUG net.thucydides.core.reports.ReportService - Processing test outcome Auth:Register - Register failed with all data empty

20:32:38.030 [pool-3-thread-8] INFO net.thucydides.core.reports.ReportService - net.thucydides.core.reports.html.HtmlAcceptanceTestReporter@7f5c230a: Generating report for test outcome: Auth:Register - Register failed with all data empty

20:32:38.030 [pool-3-thread-9] DEBUG net.thucydides.core.reports.ReportService - Processing test outcome Auth:Register - Register failed with email empty

20:32:38.030 [pool-3-thread-9] INFO net.thucydides.core.reports.ReportService - net.thucydides.core.reports.html.HtmlAcceptanceTestReporter@7f5c230a: Generating report for test outcome: Auth:Register - Register failed with email empty

20:32:38.030 [pool-3-thread-10] DEBUG net.thucydides.core.reports.ReportService - Processing test outcome Auth:Register - Register failed with fullname empty

20:32:38.030 [pool-3-thread-10] INFO net.thucydides.core.reports.ReportService - net.thucydides.core.reports.html.HtmlAcceptanceTestReporter@7f5c230a: Generating report for test outcome: Auth:Register - Register failed with fullname empty

20:32:38.032 [pool-3-thread-11] DEBUG net.thucydides.core.reports.ReportService - Processing test outcome Auth:Register - Register failed with password empty

20:32:38.032 [pool-3-thread-11] INFO net.thucydides.core.reports.ReportService - net.thucydides.core.reports.html.HtmlAcceptanceTestReporter@7f5c230a: Generating report for test outcome: Auth:Register - Register failed with password empty

20:32:38.032 [pool-3-thread-12] DEBUG net.thucydides.core.reports.ReportService - Processing test outcome Auth:Register - Register already exist

20:32:38.032 [pool-3-thread-12] INFO net.thucydides.core.reports.ReportService - net.thucydides.core.reports.html.HtmlAcceptanceTestReporter@7f5c230a: Generating report for test outcome: Auth:Register - Register already exist

20:32:38.586 [pool-3-thread-3] DEBUG serenity.reporting - Generating report in 8a467251db9a7761af80e0dc0a27b8fb78566d6a5ece5c1e78dce59b4b3a2dd2.html

20:32:38.586 [pool-3-thread-1] DEBUG serenity.reporting - Generating report in 565fe17b157bd7f2aed219d7518be7a8b2fd1ebbe8f8111a71c9b8ccc2a9043a.html

20:32:38.586 [pool-3-thread-2] DEBUG serenity.reporting - Generating report in 05278008aff1fe6c6e30d5a5a7d0cb56ca8fb834002063cfa26bd39bfd153dff.html

20:32:38.586 [pool-3-thread-4] DEBUG serenity.reporting - Generating report in b4b8676d2cb23aef7e991ccd40a69e923324842285a7eb6e0b33604394c60f49.html

20:32:38.586 [pool-3-thread-11] DEBUG serenity.reporting - Generating report in b48c5a4fed95aa22ff1020ebcfd295a98b1f307800ded45f5a228e3e8daa163b.html

20:32:38.586 [pool-3-thread-8] DEBUG serenity.reporting - Generating report in cc54255d4b7bf1b51ba205a0fa8d5350aa28fac151fa94e627ee415b803519e2.html

20:32:38.586 [pool-3-thread-12] DEBUG serenity.reporting - Generating report in 376fe095260e2835b60224637d249468bc99e49ec756c2f0767f33a096728fbf.html

20:32:38.586 [pool-3-thread-10] DEBUG serenity.reporting - Generating report in 4476008f9f73d46ed1723005b55d595bc2a398856868c67ddffbedc1de3833ec.html

20:32:38.586 [pool-3-thread-9] DEBUG serenity.reporting - Generating report in a5866b8b30f49affc9f71378551d6467118924654b0e140f1d5374af6ec10539.html

20:32:38.586 [pool-3-thread-5] DEBUG serenity.reporting - Generating report in f0887395f233684a29a1b9715231a9175fb5a213335535f7d8950c7cc60433d0.html

20:32:38.586 [pool-3-thread-7] DEBUG serenity.reporting - Generating report in fbe20b16f1aceb589d9b7c3eece1e21036854a5503062fb905db931d5055a234.html

20:32:38.586 [pool-3-thread-6] DEBUG serenity.reporting - Generating report in 6dfb3779abfdbd814ed4516df4fb51203b7267414107ebc5b58348ec468ec568.html

20:32:39.023 [pool-3-thread-8] DEBUG serenity.reporting - Generated report cc54255d4b7bf1b51ba205a0fa8d5350aa28fac151fa94e627ee415b803519e2.html in 437 ms

20:32:39.024 [pool-3-thread-11] DEBUG serenity.reporting - Generated report b48c5a4fed95aa22ff1020ebcfd295a98b1f307800ded45f5a228e3e8daa163b.html in 438 ms

20:32:39.024 [pool-3-thread-8] DEBUG net.thucydides.core.reports.ReportService - Processing test outcome Auth:Register - Register failed with all data empty done

20:32:39.024 [pool-3-thread-11] DEBUG net.thucydides.core.reports.ReportService - Processing test outcome Auth:Register - Register failed with password empty done

20:32:39.024 [pool-3-thread-11] DEBUG net.thucydides.core.reports.ReportService - Processing test outcome Auth:Get Information - Get Information with token empty

20:32:39.024 [pool-3-thread-8] DEBUG net.thucydides.core.reports.ReportService - Processing test outcome Auth:Get Information - Get Information with token valid

20:32:39.024 [pool-3-thread-11] INFO net.thucydides.core.reports.ReportService - net.thucydides.core.reports.html.HtmlAcceptanceTestReporter@7f5c230a: Generating report for test outcome: Auth:Get Information - Get Information with token empty

20:32:39.024 [pool-3-thread-1] DEBUG serenity.reporting - Generated report 565fe17b157bd7f2aed219d7518be7a8b2fd1ebbe8f8111a71c9b8ccc2a9043a.html in 438 ms

20:32:39.023 [pool-3-thread-5] DEBUG serenity.reporting - Generated report f0887395f233684a29a1b9715231a9175fb5a213335535f7d8950c7cc60433d0.html in 437 ms

20:32:39.025 [pool-3-thread-1] DEBUG net.thucydides.core.reports.ReportService - Processing test outcome Auth:Login - Login success with data valid done

20:32:39.025 [pool-3-thread-5] DEBUG net.thucydides.core.reports.ReportService - Processing test outcome Auth:Login - Login failed email empty done

20:32:39.025 [pool-3-thread-5] DEBUG net.thucydides.core.reports.ReportService - Processing test outcome Auth:Get Information - Get Information with token invalid

20:32:39.024 [pool-3-thread-3] DEBUG serenity.reporting - Generated report 8a467251db9a7761af80e0dc0a27b8fb78566d6a5ece5c1e78dce59b4b3a2dd2.html in 438 ms

20:32:39.025 [pool-3-thread-5] INFO net.thucydides.core.reports.ReportService - net.thucydides.core.reports.html.HtmlAcceptanceTestReporter@7f5c230a: Generating report for test outcome: Auth:Get Information - Get Information with token invalid

20:32:39.025 [pool-3-thread-1] DEBUG net.thucydides.core.reports.ReportService - Processing test outcome Categories:Add Categories - Add Categories with data valid

20:32:39.025 [pool-3-thread-3] DEBUG net.thucydides.core.reports.ReportService - Processing test outcome Auth:Login - Login failed not registered done

20:32:39.025 [pool-3-thread-1] INFO net.thucydides.core.reports.ReportService - net.thucydides.core.reports.html.HtmlAcceptanceTestReporter@7f5c230a: Generating report for test outcome: Categories:Add Categories - Add Categories with data valid

20:32:39.025 [pool-3-thread-3] DEBUG net.thucydides.core.reports.ReportService - Processing test outcome Categories:Add Categories - Add Categories with name empty

20:32:39.025 [pool-3-thread-3] INFO net.thucydides.core.reports.ReportService - net.thucydides.core.reports.html.HtmlAcceptanceTestReporter@7f5c230a: Generating report for test outcome: Categories:Add Categories - Add Categories with name empty

20:32:39.024 [pool-3-thread-4] DEBUG serenity.reporting - Generated report b4b8676d2cb23aef7e991ccd40a69e923324842285a7eb6e0b33604394c60f49.html in 438 ms

20:32:39.025 [pool-3-thread-4] DEBUG net.thucydides.core.reports.ReportService - Processing test outcome Auth:Login - Login failed all empty done

20:32:39.025 [pool-3-thread-4] DEBUG net.thucydides.core.reports.ReportService - Processing test outcome Categories:Add Categories - Add Categories with name input integer

20:32:39.025 [pool-3-thread-4] INFO net.thucydides.core.reports.ReportService - net.thucydides.core.reports.html.HtmlAcceptanceTestReporter@7f5c230a: Generating report for test outcome: Categories:Add Categories - Add Categories with name input integer

20:32:39.025 [pool-3-thread-12] DEBUG serenity.reporting - Generated report 376fe095260e2835b60224637d249468bc99e49ec756c2f0767f33a096728fbf.html in 439 ms

20:32:39.025 [pool-3-thread-12] DEBUG net.thucydides.core.reports.ReportService - Processing test outcome Auth:Register - Register already exist done

20:32:39.023 [pool-3-thread-6] DEBUG serenity.reporting - Generated report 6dfb3779abfdbd814ed4516df4fb51203b7267414107ebc5b58348ec468ec568.html in 437 ms

20:32:39.025 [pool-3-thread-12] DEBUG net.thucydides.core.reports.ReportService - Processing test outcome Categories:Get Categories - Get Categories with url valid

20:32:39.024 [pool-3-thread-8] INFO net.thucydides.core.reports.ReportService - net.thucydides.core.reports.html.HtmlAcceptanceTestReporter@7f5c230a: Generating report for test outcome: Auth:Get Information - Get Information with token valid

20:32:39.025 [pool-3-thread-2] DEBUG serenity.reporting - Generated report 05278008aff1fe6c6e30d5a5a7d0cb56ca8fb834002063cfa26bd39bfd153dff.html in 439 ms

20:32:39.025 [pool-3-thread-2] DEBUG net.thucydides.core.reports.ReportService - Processing test outcome Auth:Login - Login failed username valid but password invalid done

20:32:39.025 [pool-3-thread-2] DEBUG net.thucydides.core.reports.ReportService - Processing test outcome Categories:Get Categories - Get Categories with url invalid

20:32:39.025 [pool-3-thread-2] INFO net.thucydides.core.reports.ReportService - net.thucydides.core.reports.html.HtmlAcceptanceTestReporter@7f5c230a: Generating report for test outcome: Categories:Get Categories - Get Categories with url invalid

20:32:39.025 [pool-3-thread-6] DEBUG net.thucydides.core.reports.ReportService - Processing test outcome Auth:Login - Login failed password empty done

20:32:39.025 [pool-3-thread-6] DEBUG net.thucydides.core.reports.ReportService - Processing test outcome Categories:Get Categories By id - Get Categories with id found

20:32:39.025 [pool-3-thread-12] INFO net.thucydides.core.reports.ReportService - net.thucydides.core.reports.html.HtmlAcceptanceTestReporter@7f5c230a: Generating report for test outcome: Categories:Get Categories - Get Categories with url valid

20:32:39.025 [pool-3-thread-6] INFO net.thucydides.core.reports.ReportService - net.thucydides.core.reports.html.HtmlAcceptanceTestReporter@7f5c230a: Generating report for test outcome: Categories:Get Categories By id - Get Categories with id found

20:32:39.026 [pool-3-thread-9] DEBUG serenity.reporting - Generated report a5866b8b30f49affc9f71378551d6467118924654b0e140f1d5374af6ec10539.html in 440 ms

20:32:39.026 [pool-3-thread-9] DEBUG net.thucydides.core.reports.ReportService - Processing test outcome Auth:Register - Register failed with email empty done

20:32:39.026 [pool-3-thread-9] DEBUG net.thucydides.core.reports.ReportService - Processing test outcome Categories:Get Categories By id - Get Categories with id not found

20:32:39.026 [pool-3-thread-9] INFO net.thucydides.core.reports.ReportService - net.thucydides.core.reports.html.HtmlAcceptanceTestReporter@7f5c230a: Generating report for test outcome: Categories:Get Categories By id - Get Categories with id not found

20:32:39.026 [pool-3-thread-7] DEBUG serenity.reporting - Generated report fbe20b16f1aceb589d9b7c3eece1e21036854a5503062fb905db931d5055a234.html in 440 ms

20:32:39.026 [pool-3-thread-7] DEBUG net.thucydides.core.reports.ReportService - Processing test outcome Auth:Register - Register Success with data valid done

[...]
20:32:36.925 [pool-2-thread-1] INFO io.cucumber.core.plugin.SerenityReporter - Running feature from file:///Users/jasmine/Documents/alterra-mini-project/src/test/resources/api/Product.feature
20:32:36.925 [pool-2-thread-1] WARN io.cucumber.core.plugin.SerenityReporter - Feature from file:///Users/jasmine/Documents/alterra-mini-project/src/test/resources/api/Product.feature is not under the 'features' directory. Requirements report will not be correctly generated!
20:32:36.926 [pool-2-thread-1] INFO  - 
  _____   ___   ___   _____     ___   _____     _     ___   _____   ___   ___  
 |_   _| | __| / __| |_   _|   / __| |_   _|   /_\   | _ \ |_   _| | __| |   \ 
   | |   | _|  \__ \   | |     \__ \   | |    / _ \  |   /   | |   | _|  | |) |
   |_|   |___| |___/   |_|     |___/   |_|   /_/ \_\ |_|_\   |_|   |___| |___/ 

Add Comments - Add Comments with content empty(product;add-comments---add-comments-with-content-empty)
--------------------------------------------------------------------------------
20:32:36.949 [pool-2-thread-1] DEBUG net.thucydides.core.steps.StepInterceptor - STARTING STEP: ProductsSteps.userSetApiPostRequestAddCommentsDataAndTokenValid - User set api POST request login
20:32:36.949 [pool-2-thread-1] DEBUG net.thucydides.core.steps.StepInterceptor - STEP DONE: User set api POST request login
20:32:36.949 [pool-2-thread-1] DEBUG net.thucydides.core.steps.StepInterceptor - STARTING STEP: ProductsSteps.userSetApiPostRequestAddCommentsDataAndTokenValid - User send request body login
20:32:36.950 [pool-2-thread-1] DEBUG net.thucydides.core.steps.StepInterceptor - STARTING STEP: Login.sendPostLoginRequest - User set api POST request login
20:32:36.950 [pool-2-thread-1] DEBUG net.thucydides.core.steps.StepInterceptor - STEP DONE: User set api POST request login
20:32:37.042 [pool-2-thread-1] DEBUG net.thucydides.core.steps.StepInterceptor - STEP DONE: User send request body login
20:32:37.042 [pool-2-thread-1] DEBUG net.thucydides.core.steps.StepInterceptor - STARTING STEP: ProductsSteps.userSetApiPostRequestAddCommentsDataAndTokenValid - User set api post request add comments data and token valid
20:32:37.042 [pool-2-thread-1] DEBUG net.thucydides.core.steps.StepInterceptor - STEP DONE: User set api post request add comments data and token valid
  &amp#27;[32mGiven &amp#27;[0m&amp#27;[32mUser set api post request add comments data and token valid&amp#27;[0m &amp#27;[90m# starter.stepdefinitions.ProductsSteps.userSetApiPostRequestAddCommentsDataAndTokenValid()&amp#27;[0m
20:32:37.044 [pool-2-thread-1] DEBUG net.thucydides.core.steps.StepInterceptor - STARTING STEP: ProductsSteps.userSendPostApiRequestAddCommentsContentEmpty - User receive response body success
20:32:37.051 [pool-2-thread-1] DEBUG net.thucydides.core.steps.StepInterceptor - STEP DONE: User receive response body success
20:32:37.052 [pool-2-thread-1] DEBUG net.thucydides.core.steps.StepInterceptor - STARTING STEP: ProductsSteps.userSendPostApiRequestAddCommentsContentEmpty - User send post api request add Comments content empty
20:32:37.053 [pool-2-thread-1] DEBUG net.thucydides.core.steps.StepInterceptor - STARTING STEP: AddComments.sendRequestBodyAddCommentsContentEmpty - User set api post request add comments data and token valid
20:32:37.053 [pool-2-thread-1] DEBUG net.thucydides.core.steps.StepInterceptor - STEP DONE: User set api post request add comments data and token valid
20:32:37.148 [pool-2-thread-1] DEBUG net.thucydides.core.steps.StepInterceptor - STEP DONE: User send post api request add Comments content empty
  &amp#27;[32mWhen &amp#27;[0m&amp#27;[32mUser send post api request add Comments content empty&amp#27;[0m        &amp#27;[90m# starter.stepdefinitions.ProductsSteps.userSendPostApiRequestAddCommentsContentEmpty()&amp#27;[0m
20:32:37.150 [pool-2-thread-1] DEBUG net.thucydides.core.steps.StepInterceptor - STARTING STEP: ProductsSteps.userReceiveValidGetResponseCodeAddComments400 - User receive valid get response code 500 add comments
20:32:37.151 [pool-2-thread-1] DEBUG net.thucydides.core.steps.StepInterceptor - STEP DONE: User receive valid get response code 500 add comments
  &amp#27;[32mThen &amp#27;[0m&amp#27;[32mUser receive valid get response code 500 add comments&amp#27;[0m        &amp#27;[90m# starter.stepdefinitions.ProductsSteps.userReceiveValidGetResponseCodeAddComments400()&amp#27;[0m
20:32:37.152 [pool-2-thread-1] DEBUG net.thucydides.core.steps.StepInterceptor - STARTING STEP: ProductsSteps.userReceiveValidGetResponseBodyErrorContentEmpty - User receive valid get response body error content empty
20:32:37.158 [pool-2-thread-1] DEBUG net.thucydides.core.steps.StepInterceptor - STEP DONE: User receive valid get response body error content empty
  &amp#27;[32mAnd &amp#27;[0m&amp#27;[32mUser receive valid get response body error content empty&amp#27;[0m      &amp#27;[90m# starter.stepdefinitions.ProductsSteps.userReceiveValidGetResponseBodyErrorContentEmpty()&amp#27;[0m
20:32:37.159 [pool-2-thread-1] INFO  - 
  _____   ___   ___   _____     ___     _     ___   ___   ___   ___  
 |_   _| | __| / __| |_   _|   | _ \   /_\   / __| / __| | __| |   \ 
   | |   | _|  \__ \   | |     |  _/  / _ \  \__ \ \__ \ | _|  | |) |
   |_|   |___| |___/   |_|     |_|   /_/ \_\ |___/ |___/ |___| |___/ 

Add Comments - Add Comments with content empty
----------------------------------------------------------------------
]]></system-out>
  </testcase>
  <testcase name="Add Comments - Add Comments with input string url" classname="Product" time="0.242">
    <system-out><![CDATA[
Scenario: Add Comments - Add Comments with input string url               &amp#27;[90m# src/test/resources/api/Product.feature:137&amp#27;[0m
20:32:37.167 [pool-2-thread-1] INFO io.cucumber.core.plugin.SerenityReporter - Running feature from file:///Users/jasmine/Documents/alterra-mini-project/src/test/resources/api/Product.feature
20:32:37.167 [pool-2-thread-1] WARN io.cucumber.core.plugin.SerenityReporter - Feature from file:///Users/jasmine/Documents/alterra-mini-project/src/test/resources/api/Product.feature is not under the 'features' directory. Requirements report will not be correctly generated!
20:32:37.168 [pool-2-thread-1] INFO  - 
  _____   ___   ___   _____     ___   _____     _     ___   _____   ___   ___  
 |_   _| | __| / __| |_   _|   / __| |_   _|   /_\   | _ \ |_   _| | __| |   \ 
   | |   | _|  \__ \   | |     \__ \   | |    / _ \  |   /   | |   | _|  | |) |
   |_|   |___| |___/   |_|     |___/   |_|   /_/ \_\ |_|_\   |_|   |___| |___/ 

Add Comments - Add Comments with input string url(product;add-comments---add-comments-with-input-string-url)
--------------------------------------------------------------------------------
20:32:37.187 [pool-2-thread-1] DEBUG net.thucydides.core.steps.StepInterceptor - STARTING STEP: ProductsSteps.userSetApiPostRequestAddCommentsInputStringUrl - User set api POST request login
20:32:37.187 [pool-2-thread-1] DEBUG net.thucydides.core.steps.StepInterceptor - STEP DONE: User set api POST request login
20:32:37.187 [pool-2-thread-1] DEBUG net.thucydides.core.steps.StepInterceptor - STARTING STEP: ProductsSteps.userSetApiPostRequestAddCommentsInputStringUrl - User send request body login
20:32:37.188 [pool-2-thread-1] DEBUG net.thucydides.core.steps.StepInterceptor - STARTING STEP: Login.sendPostLoginRequest - User set api POST request login
20:32:37.188 [pool-2-thread-1] DEBUG net.thucydides.core.steps.StepInterceptor - STEP DONE: User set api POST request login
20:32:37.281 [pool-2-thread-1] DEBUG net.thucydides.core.steps.StepInterceptor - STEP DONE: User send request body login
20:32:37.282 [pool-2-thread-1] DEBUG net.thucydides.core.steps.StepInterceptor - STARTING STEP: ProductsSteps.userSetApiPostRequestAddCommentsInputStringUrl - User set api post request add comments input string url
20:32:37.282 [pool-2-thread-1] DEBUG net.thucydides.core.steps.StepInterceptor - STEP DONE: User set api post request add comments input string url
  &amp#27;[32mGiven &amp#27;[0m&amp#27;[32mUser set api post request add comments input string url&amp#27;[0m           &amp#27;[90m# starter.stepdefinitions.ProductsSteps.userSetApiPostRequestAddCommentsInputStringUrl()&amp#27;[0m
20:32:37.283 [pool-2-thread-1] DEBUG net.thucydides.core.steps.StepInterceptor - STARTING STEP: ProductsSteps.userSendPostApiRequestAddCommentsWithDataInputStringUrl - User receive response body success
20:32:37.289 [pool-2-thread-1] DEBUG net.thucydides.core.steps.StepInterceptor - STEP DONE: User receive response body success
20:32:37.289 [pool-2-thread-1] DEBUG net.thucydides.core.steps.StepInterceptor - STARTING STEP: ProductsSteps.userSendPostApiRequestAddCommentsWithDataInputStringUrl - User send post api request add comments with data input string url
20:32:37.290 [pool-2-thread-1] DEBUG net.thucydides.core.steps.StepInterceptor - STARTING STEP: AddComments.sendRequestBodyAddCommentsContentIdString - User set api post request add comments input string url
20:32:37.290 [pool-2-thread-1] DEBUG net.thucydides.core.steps.StepInterceptor - STEP DONE: User set api post request add comments input string url
20:32:37.391 [pool-2-thread-1] DEBUG net.thucydides.core.steps.StepInterceptor - STEP DONE: User send post api request add comments with data input string url
  &amp#27;[32mWhen &amp#27;[0m&amp#27;[32mUser send post api request add comments with data input string url&amp#27;[0m &amp#27;[90m# starter.stepdefinitions.ProductsSteps.userSendPostApiRequestAddCommentsWithDataInputStringUrl()&amp#27;[0m
20:32:37.393 [pool-2-thread-1] DEBUG net.thucydides.core.steps.StepInterceptor - STARTING STEP: ProductsSteps.userReceiveValidGetResponseCodeAddCommentsStringUrl - User receive valid get response code 400 add comments
20:32:37.393 [pool-2-thread-1] DEBUG net.thucydides.core.steps.StepInterceptor - STEP DONE: User receive valid get response code 400 add comments
  &amp#27;[32mThen &amp#27;[0m&amp#27;[32mUser receive valid get response code 400 add comments&amp#27;[0m              &amp#27;[90m# starter.stepdefinitions.ProductsSteps.userReceiveValidGetResponseCodeAddCommentsStringUrl()&amp#27;[0m
20:32:37.394 [pool-2-thread-1] DEBUG net.thucydides.core.steps.StepInterceptor - STARTING STEP: ProductsSteps.userReceiveValidGetResponseBodyErrorInputStringUrl - User receive valid get response body error input string url
20:32:37.399 [pool-2-thread-1] DEBUG net.thucydides.core.steps.StepInterceptor - STEP DONE: User receive valid get response body error input string url
  &amp#27;[32mAnd &amp#27;[0m&amp#27;[32mUser receive valid get response body error input string url&amp#27;[0m         &amp#27;[90m# starter.stepdefinitions.ProductsSteps.userReceiveValidGetResponseBodyErrorInputStringUrl()&amp#27;[0m
20:32:37.400 [pool-2-thread-1] INFO  - 
  _____   ___   ___   _____     ___     _     ___   ___   ___   ___  
 |_   _| | __| / __| |_   _|   | _ \   /_\   / __| / __| | __| |   \ 
   | |   | _|  \__ \   | |     |  _/  / _ \  \__ \ \__ \ | _|  | |) |
   |_|   |___| |___/   |_|     |_|   /_/ \_\ |___/ |___/ |___| |___/ 

Add Comments - Add Comments with input string url
----------------------------------------------------------------------
]]></system-out>
  </testcase>
  <testcase name="Get Comments - Get Comments with url valid" classname="Product" time="0.148">
    <system-out><![CDATA[
Scenario: Get Comments - Get Comments with url valid              &amp#27;[90m# src/test/resources/api/Product.feature:143&amp#27;[0m
20:32:37.407 [pool-2-thread-1] INFO io.cucumber.core.plugin.SerenityReporter - Running feature from file:///Users/jasmine/Documents/alterra-mini-project/src/test/resources/api/Product.feature
20:32:37.407 [pool-2-thread-1] WARN io.cucumber.core.plugin.SerenityReporter - Feature from file:///Users/jasmine/Documents/alterra-mini-project/src/test/resources/api/Product.feature is not under the 'features' directory. Requirements report will not be correctly generated!
20:32:37.408 [pool-2-thread-1] INFO  - 
  _____   ___   ___   _____     ___   _____     _     ___   _____   ___   ___  
 |_   _| | __| / __| |_   _|   / __| |_   _|   /_\   | _ \ |_   _| | __| |   \ 
   | |   | _|  \__ \   | |     \__ \   | |    / _ \  |   /   | |   | _|  | |) |
   |_|   |___| |___/   |_|     |___/   |_|   /_/ \_\ |_|_\   |_|   |___| |___/ 

Get Comments - Get Comments with url valid(product;get-comments---get-comments-with-url-valid)
--------------------------------------------------------------------------------
20:32:37.426 [pool-2-thread-1] DEBUG net.thucydides.core.steps.StepInterceptor - STARTING STEP: ProductsSteps.userSetApiGetRequestCommentsUrlValid - User set api get request comments url valid
20:32:37.426 [pool-2-thread-1] DEBUG net.thucydides.core.steps.StepInterceptor - STEP DONE: User set api get request comments url valid
  &amp#27;[32mGiven &amp#27;[0m&amp#27;[32mUser set api get request comments url valid&amp#27;[0m               &amp#27;[90m# starter.stepdefinitions.ProductsSteps.userSetApiGetRequestCommentsUrlValid()&amp#27;[0m
20:32:37.428 [pool-2-thread-1] DEBUG net.thucydides.core.steps.StepInterceptor - STARTING STEP: ProductsSteps.userSendGETApiRequestCommentsWithUrlValid - User send GET api request comments with url valid
20:32:37.429 [pool-2-thread-1] DEBUG net.thucydides.core.steps.StepInterceptor - STARTING STEP: GetComments.sendRequestUrlCommentsIdFound - User set api get request comments url valid
20:32:37.429 [pool-2-thread-1] DEBUG net.thucydides.core.steps.StepInterceptor - STEP DONE: User set api get request comments url valid
20:32:37.522 [pool-2-thread-1] DEBUG net.thucydides.core.steps.StepInterceptor - STEP DONE: User send GET api request comments with url valid
  &amp#27;[32mWhen &amp#27;[0m&amp#27;[32mUser send GET api request comments with url valid&amp#27;[0m          &amp#27;[90m# starter.stepdefinitions.ProductsSteps.userSendGETApiRequestCommentsWithUrlValid()&amp#27;[0m
20:32:37.524 [pool-2-thread-1] DEBUG net.thucydides.core.steps.StepInterceptor - STARTING STEP: ProductsSteps.userReceiveValidGetResponseCodeComments - User receive valid get response code 200 comments
20:32:37.524 [pool-2-thread-1] DEBUG net.thucydides.core.steps.StepInterceptor - STEP DONE: User receive valid get response code 200 comments
  &amp#27;[32mThen &amp#27;[0m&amp#27;[32mUser receive valid get response code 200 comments&amp#27;[0m          &amp#27;[90m# starter.stepdefinitions.ProductsSteps.userReceiveValidGetResponseCodeComments()&amp#27;[0m
20:32:37.526 [pool-2-thread-1] DEBUG net.thucydides.core.steps.StepInterceptor - STARTING STEP: ProductsSteps.userReceiveValidGetResponseBodyForCommentsUrlValid - User receive valid get response body for comments url valid
20:32:37.548 [pool-2-thread-1] DEBUG net.thucydides.core.steps.StepInterceptor - STEP DONE: User receive valid get response body for comments url valid
  &amp#27;[32mAnd &amp#27;[0m&amp#27;[32mUser receive valid get response body for comments url valid&amp#27;[0m &amp#27;[90m# starter.stepdefinitions.ProductsSteps.userReceiveValidGetResponseBodyForCommentsUrlValid()&amp#27;[0m
20:32:37.549 [pool-2-thread-1] INFO  - 
  _____   ___   ___   _____     ___     _     ___   ___   ___   ___  
 |_   _| | __| / __| |_   _|   | _ \   /_\   / __| / __| | __| |   \ 
   | |   | _|  \__ \   | |     |  _/  / _ \  \__ \ \__ \ | _|  | |) |
   |_|   |___| |___/   |_|     |_|   /_/ \_\ |___/ |___/ |___| |___/ 

Get Comments - Get Comments with url valid
----------------------------------------------------------------------
]]></system-out>
  </testcase>
  <testcase name="Get Comments - Get Comments with url invalid" classname="Product" time="0.143">
    <system-out><![CDATA[
Scenario: Get Comments - Get Comments with url invalid                      &amp#27;[90m# src/test/resources/api/Product.feature:149&amp#27;[0m
20:32:37.556 [pool-2-thread-1] INFO io.cucumber.core.plugin.SerenityReporter - Running feature from file:///Users/jasmine/Documents/alterra-mini-project/src/test/resources/api/Product.feature
20:32:37.556 [pool-2-thread-1] WARN io.cucumber.core.plugin.SerenityReporter - Feature from file:///Users/jasmine/Documents/alterra-mini-project/src/test/resources/api/Product.feature is not under the 'features' directory. Requirements report will not be correctly generated!
20:32:37.556 [pool-2-thread-1] INFO  - 
  _____   ___   ___   _____     ___   _____     _     ___   _____   ___   ___  
 |_   _| | __| / __| |_   _|   / __| |_   _|   /_\   | _ \ |_   _| | __| |   \ 
   | |   | _|  \__ \   | |     \__ \   | |    / _ \  |   /   | |   | _|  | |) |
   |_|   |___| |___/   |_|     |___/   |_|   /_/ \_\ |_|_\   |_|   |___| |___/ 

Get Comments - Get Comments with url invalid(product;get-comments---get-comments-with-url-invalid)
--------------------------------------------------------------------------------
20:32:37.579 [pool-2-thread-1] DEBUG net.thucydides.core.steps.StepInterceptor - STARTING STEP: ProductsSteps.userSetApiGetRequestCommentsUrlInvalid - User set api get request comments url valid
20:32:37.579 [pool-2-thread-1] DEBUG net.thucydides.core.steps.StepInterceptor - STEP DONE: User set api get request comments url valid
  &amp#27;[32mGiven &amp#27;[0m&amp#27;[32mUser set api get request comments url invalid&amp#27;[0m                       &amp#27;[90m# starter.stepdefinitions.ProductsSteps.userSetApiGetRequestCommentsUrlInvalid()&amp#27;[0m
20:32:37.581 [pool-2-thread-1] DEBUG net.thucydides.core.steps.StepInterceptor - STARTING STEP: ProductsSteps.userSendGETApiRequestCommentsWithUrlInvalid - User send GET api request comments with url invalid
20:32:37.581 [pool-2-thread-1] DEBUG net.thucydides.core.steps.StepInterceptor - STARTING STEP: GetComments.sendRequestUrlCommentsIdNotFound - User set api get request comments url valid
20:32:37.581 [pool-2-thread-1] DEBUG net.thucydides.core.steps.StepInterceptor - STEP DONE: User set api get request comments url valid
20:32:37.681 [pool-2-thread-1] DEBUG net.thucydides.core.steps.StepInterceptor - STEP DONE: User send GET api request comments with url invalid
  &amp#27;[32mWhen &amp#27;[0m&amp#27;[32mUser send GET api request comments with url invalid&amp#27;[0m                  &amp#27;[90m# starter.stepdefinitions.ProductsSteps.userSendGETApiRequestCommentsWithUrlInvalid()&amp#27;[0m
20:32:37.684 [pool-2-thread-1] DEBUG net.thucydides.core.steps.StepInterceptor - STARTING STEP: ProductsSteps.userReceiveValidGetResponseCodeComments - User receive valid get response code 200 comments
20:32:37.684 [pool-2-thread-1] DEBUG net.thucydides.core.steps.StepInterceptor - STEP DONE: User receive valid get response code 200 comments
  &amp#27;[32mThen &amp#27;[0m&amp#27;[32mUser receive valid get response code 200 comments&amp#27;[0m                    &amp#27;[90m# starter.stepdefinitions.ProductsSteps.userReceiveValidGetResponseCodeComments()&amp#27;[0m
20:32:37.685 [pool-2-thread-1] DEBUG net.thucydides.core.steps.StepInterceptor - STARTING STEP: ProductsSteps.userReceiveValidGetResponseBodyForCommentsIdOrUrlNotFound - User receive valid get response body for comments id or url not found
20:32:37.691 [pool-2-thread-1] DEBUG net.thucydides.core.steps.StepInterceptor - STEP DONE: User receive valid get response body for comments id or url not found
  &amp#27;[32mAnd &amp#27;[0m&amp#27;[32mUser receive valid get response body for comments id or url not found&amp#27;[0m &amp#27;[90m# starter.stepdefinitions.ProductsSteps.userReceiveValidGetResponseBodyForCommentsIdOrUrlNotFound()&amp#27;[0m
20:32:37.692 [pool-2-thread-1] INFO  - 
  _____   ___   ___   _____     ___     _     ___   ___   ___   ___  
 |_   _| | __| / __| |_   _|   | _ \   /_\   / __| / __| | __| |   \ 
   | |   | _|  \__ \   | |     |  _/  / _ \  \__ \ \__ \ | _|  | |) |
   |_|   |___| |___/   |_|     |_|   /_/ \_\ |___/ |___/ |___| |___/ 

Get Comments - Get Comments with url invalid
----------------------------------------------------------------------
]]></system-out>
  </testcase>
</testsuite>