<?xml version="1.0" encoding="UTF-8"?><testsuite errors="0" failures="0" name="Categories" skipped="0" tests="8" time="1.78" timestamp="2023-05-10 08:32:21"><testcase name="Add Categories - Add Categories with data valid"/><testcase name="Add Categories - Add Categories with name empty"/><testcase name="Add Categories - Add Categories with name input integer"/><testcase name="Get Categories - Get Categories with url valid"/><testcase name="Get Categories - Get Categories with url invalid"/><testcase name="Get Categories By id - Get Categories with id found"/><testcase name="Get Categories By id - Get Categories with id not found"/><testcase name="Get Categories By id - Get Categories with id input string"/></testsuite>