<?xml version="1.0" encoding="UTF-8"?><testsuite errors="0" failures="0" name="Order" skipped="0" tests="11" time="4.19" timestamp="2023-05-10 08:32:26"><testcase name="Add Order - Add Orders with data valid and token valid"/><testcase name="Add Order - Add Orders with data valid and token empty"/><testcase name="Add Order - Add Orders with product id input string"/><testcase name="Add Order - Add Orders with product id input empty"/><testcase name="Add Order - Add Orders with quantity input minus"/><testcase name="Add Order - Add Orders with quantity input empty"/><testcase name="Get Order - Get Orders with token valid"/><testcase name="Get Orders - Get Orders with token invalid"/><testcase name="Get Orders By Id - Get Orders By Id with id found"/><testcase name="Get Orders by Id - Get Orders by Id with token empty"/><testcase name="Get Orders by Id - Get Orders by Id with id not found"/></testsuite>