<?xml version="1.0" encoding="UTF-8"?><testsuite errors="0" failures="0" name="Auth" skipped="0" tests="15" time="6.1" timestamp="2023-05-10 08:32:15"><testcase name="Login - Login success with data valid"/><testcase name="Login - Login failed username valid but password invalid"/><testcase name="Login - Login failed not registered"/><testcase name="Login - Login failed all empty"/><testcase name="Login - Login failed email empty"/><testcase name="Login - Login failed password empty"/><testcase name="Register - Register Success with data valid"/><testcase name="Register - Register failed with all data empty"/><testcase name="Register - Register failed with email empty"/><testcase name="Register - Register failed with fullname empty"/><testcase name="Register - Register failed with password empty"/><testcase name="Register - Register already exist"/><testcase name="Get Information - Get Information with token valid"/><testcase name="Get Information - Get Information with token empty"/><testcase name="Get Information - Get Information with token invalid"/></testsuite>